#
# A fatal error has been detected by the Java Runtime Environment:
#
#  SIGSEGV (0xb) at pc=0x00007fc0466637e9, pid=19422, tid=19423
#
# JRE version: Java(TM) SE Runtime Environment (22.0.1+8) (build 22.0.1+8-16)
# Java VM: Java HotSpot(TM) 64-Bit Server VM (22.0.1+8-16, mixed mode, sharing, tiered, compressed oops, compressed class ptrs, g1 gc, linux-amd64)
# Problematic frame:
# V  [libjvm.so+0xe637e9]  Symbol::as_C_string() const+0x9
#
# Core dump will be written. Default location: Core dumps may be processed with "/lib/systemd/systemd-coredump %P %u %g %s %t 9223372036854775808 %h" (or dumping to /home/khalidmarzoug/Documents/learnJAVA/firstApp/core.19422)
#
# If you would like to submit a bug report, please visit:
#   https://bugreport.java.com/bugreport/crash.jsp
#

---------------  S U M M A R Y ------------

Command Line: --enable-preview -XX:+ShowCodeDetailsInExceptionMessages MyArrayListExample

Host: Intel(R) Core(TM) i5-8365U CPU @ 1.60GHz, 8 cores, 15G, LMDE 6 (faye)
Time: Sat Jul 13 09:21:06 2024 +01 elapsed time: 0.058844 seconds (0d 0h 0m 0s)

---------------  T H R E A D  ---------------

Current thread (0x00007fc040028da0):  JavaThread "main"             [_thread_in_vm, id=19423, stack(0x00007fc046cba000,0x00007fc046dba000) (1024K)]

Stack: [0x00007fc046cba000,0x00007fc046dba000],  sp=0x00007fc046db7800,  free space=1014k
Native frames: (J=compiled Java code, j=interpreted, Vv=VM code, C=native code)
V  [libjvm.so+0xe637e9]  Symbol::as_C_string() const+0x9
V  [libjvm.so+0xc6801a]  Method::print_external_name(outputStream*, Klass*, Symbol*, Symbol*)+0x2a
V  [libjvm.so+0xb7174c]  LinkResolver::resolve_method(LinkInfo const&, Bytecodes::Code, JavaThread*)+0x18c
V  [libjvm.so+0xb75c1e]  LinkResolver::resolve_static_call(CallInfo&, LinkInfo const&, bool, JavaThread*)+0x4e
V  [libjvm.so+0xb764bb]  LinkResolver::resolve_invoke(CallInfo&, Handle, constantPoolHandle const&, int, Bytecodes::Code, JavaThread*)+0x16b
V  [libjvm.so+0x8eb3a7]  InterpreterRuntime::resolve_invoke(JavaThread*, Bytecodes::Code)+0x1b7
V  [libjvm.so+0x8eb9a7]  InterpreterRuntime::resolve_from_cache(JavaThread*, Bytecodes::Code)+0x37
j  sun.net.util.IPAddressUtil.checkExternalForm(Ljava/net/URL;)Ljava/lang/String;+20 java.base@22.0.1
j  java.net.URL.<init>(Ljava/lang/String;Ljava/lang/String;ILjava/lang/String;Ljava/net/URLStreamHandler;)V+373 java.base@22.0.1
j  java.net.URL.<init>(Ljava/lang/String;Ljava/lang/String;ILjava/lang/String;)V+7 java.base@22.0.1
j  java.net.URL.<init>(Ljava/lang/String;Ljava/lang/String;Ljava/lang/String;)V+5 java.base@22.0.1
j  sun.net.www.ParseUtil.fileToEncodedURL(Ljava/io/File;)Ljava/net/URL;+84 java.base@22.0.1
j  jdk.internal.loader.URLClassPath.toFileURL(Ljava/lang/String;)Ljava/net/URL;+13 java.base@22.0.1
j  jdk.internal.loader.URLClassPath.<init>(Ljava/lang/String;Z)V+96 java.base@22.0.1
j  jdk.internal.loader.ClassLoaders.<clinit>()V+144 java.base@22.0.1
v  ~StubRoutines::call_stub 0x00007fc030137cc6
V  [libjvm.so+0x8f311b]  JavaCalls::call_helper(JavaValue*, methodHandle const&, JavaCallArguments*, JavaThread*)+0x2db
V  [libjvm.so+0x8ca3df]  InstanceKlass::call_class_initializer(JavaThread*)+0x2ef
V  [libjvm.so+0x8cb2e1]  InstanceKlass::initialize_impl(JavaThread*)+0x5b1
V  [libjvm.so+0xb75d42]  LinkResolver::resolve_static_call(CallInfo&, LinkInfo const&, bool, JavaThread*)+0x172
V  [libjvm.so+0xb764bb]  LinkResolver::resolve_invoke(CallInfo&, Handle, constantPoolHandle const&, int, Bytecodes::Code, JavaThread*)+0x16b
V  [libjvm.so+0x8eb3a7]  InterpreterRuntime::resolve_invoke(JavaThread*, Bytecodes::Code)+0x1b7
V  [libjvm.so+0x8eb9a7]  InterpreterRuntime::resolve_from_cache(JavaThread*, Bytecodes::Code)+0x37
j  jdk.internal.module.ModuleBootstrap.boot()Ljava/lang/ModuleLayer;+40 java.base@22.0.1
j  java.lang.System.initPhase2(ZZ)I+0 java.base@22.0.1
v  ~StubRoutines::call_stub 0x00007fc030137cc6
V  [libjvm.so+0x8f311b]  JavaCalls::call_helper(JavaValue*, methodHandle const&, JavaCallArguments*, JavaThread*)+0x2db
V  [libjvm.so+0x8f359b]  JavaCalls::call_static(JavaValue*, Klass*, Symbol*, Symbol*, JavaCallArguments*, JavaThread*)+0x10b
V  [libjvm.so+0xec9b7c]  Threads::create_vm(JavaVMInitArgs*, bool*)+0x76c
V  [libjvm.so+0x99764e]  JNI_CreateJavaVM+0x4e
C  [libjli.so+0x3c2f]  JavaMain+0x8f
C  [libjli.so+0x7ee9]  ThreadJavaMain+0x9
Java frames: (J=compiled Java code, j=interpreted, Vv=VM code)
j  sun.net.util.IPAddressUtil.checkExternalForm(Ljava/net/URL;)Ljava/lang/String;+20 java.base@22.0.1
j  java.net.URL.<init>(Ljava/lang/String;Ljava/lang/String;ILjava/lang/String;Ljava/net/URLStreamHandler;)V+373 java.base@22.0.1
j  java.net.URL.<init>(Ljava/lang/String;Ljava/lang/String;ILjava/lang/String;)V+7 java.base@22.0.1
j  java.net.URL.<init>(Ljava/lang/String;Ljava/lang/String;Ljava/lang/String;)V+5 java.base@22.0.1
j  sun.net.www.ParseUtil.fileToEncodedURL(Ljava/io/File;)Ljava/net/URL;+84 java.base@22.0.1
j  jdk.internal.loader.URLClassPath.toFileURL(Ljava/lang/String;)Ljava/net/URL;+13 java.base@22.0.1
j  jdk.internal.loader.URLClassPath.<init>(Ljava/lang/String;Z)V+96 java.base@22.0.1
j  jdk.internal.loader.ClassLoaders.<clinit>()V+144 java.base@22.0.1
v  ~StubRoutines::call_stub 0x00007fc030137cc6
j  jdk.internal.module.ModuleBootstrap.boot()Ljava/lang/ModuleLayer;+40 java.base@22.0.1
j  java.lang.System.initPhase2(ZZ)I+0 java.base@22.0.1
v  ~StubRoutines::call_stub 0x00007fc030137cc6

siginfo: si_signo: 11 (SIGSEGV), si_code: 128 (SI_KERNEL), si_addr: 0x0000000000000000

Registers:
RAX=0x00007fc046c8a1c0, RBX=0x00007fc046db78c0, RCX=0x0000000000000026, RDX=0x00007fbfc644fe38
RSP=0x00007fc046db7800, RBP=0x00007fc046db7810, RSI=0x0000000000000000, RDI=0x000080bfc64ee060
R8 =0x00007fc046db7909, R9 =0x00007fc046db768c, R10=0x000000000000003b, R11=0x00007fc0400294b0
R12=0x00007fbfc644fe38, R13=0x000080bfc64ee060, R14=0x00007fbfc612a0d8, R15=0x00007fc046db78a0
RIP=0x00007fc0466637e9, EFLAGS=0x0000000000010246, CSGSFS=0x002b000000000033, ERR=0x0000000000000000
  TRAPNO=0x000000000000000d


Register to memory mapping:

RAX=0x00007fc046c8a1c0: <offset 0x000000000148a1c0> in /usr/lib/jvm/jdk-22-oracle-x64/lib/server/libjvm.so at 0x00007fc045800000
RBX=0x00007fc046db78c0 is pointing into the stack for thread: 0x00007fc040028da0
RCX=0x0000000000000026 is an unknown value
RDX=0x00007fbfc644fe38 is pointing into metadata
RSP=0x00007fc046db7800 is pointing into the stack for thread: 0x00007fc040028da0
RBP=0x00007fc046db7810 is pointing into the stack for thread: 0x00007fc040028da0
RSI=0x0 is null
RDI=0x000080bfc64ee060 is an unknown value
R8 =0x00007fc046db7909 is pointing into the stack for thread: 0x00007fc040028da0
R9 =0x00007fc046db768c is pointing into the stack for thread: 0x00007fc040028da0
R10=0x000000000000003b is an unknown value
R11=0x00007fc0400294b0 points into unknown readable memory: 0x0000000140000502 | 02 05 00 40 01 00 00 00
R12=0x00007fbfc644fe38 is pointing into metadata
R13=0x000080bfc64ee060 is an unknown value
R14=0x00007fbfc612a0d8 is a pointer to class: 
sun.net.util.IPAddressUtil {0x00007fbfc612a0d8}
 - instance size:     2
 - klass size:        64
 - access:            public synchronized 
 - flags:             rewritten is_shared_boot_class has_localvariable_table has_vanilla_constructor 
 - state:             fully_initialized
 - name:              'sun/net/util/IPAddressUtil'
 - super:             'java/lang/Object'
 - sub:               
 - arrays:            null
 - methods:           Array<T>(0x00007fbfc67e8a70)
 - method ordering:   Array<T>(0x00007fbfc67eab78)
 - default_methods:   Array<T>(0x0000000000000000)
 - local interfaces:  Array<T>(0x00007fbfc65e5f50)
 - trans. interfaces: Array<T>(0x00007fbfc65e5f50)
 - constants:         constant pool [649]/operands[28] {0x00007fbfc67e71c8} for 'sun/net/util/IPAddressUtil' cache=0x00007fbfc612a568
 - class loader data:  loader data: 0x00007fc040140690 of 'bootstrap'
 - source file:       'IPAddressUtil.java'
 - class annotations:       Array<T>(0x0000000000000000)
 - class type annotations:  Array<T>(0x0000000000000000)
 - field annotations:       Array<T>(0x0000000000000000)
 - field type annotations:  Array<T>(0x0000000000000000)
 - inner classes:     Array<T>(0x00007fbfc67e8a50)
 - nest members:     Array<T>(0x00007fbfc67ead80)
 - permitted subclasses:     Array<T>(0x00007fbfc65e5ed8)
 - java mirror:       a 'java/lang/Class'{0x00000007ffe942c0} = 'sun/net/util/IPAddressUtil'
 - vtable length      5  (start addr: 0x00007fbfc612a2a0)
 - itable length      2 (start addr: 0x00007fbfc612a2c8)
 - ---- static fields (32 words):
 - private static final 'INADDR4SZ' 'I' @336 
 - private static final 'INADDR16SZ' 'I' @340 
 - private static final 'INT16SZ' 'I' @344 
 - private static final 'cache' 'Ljava/util/concurrent/ConcurrentHashMap;' @112 
 - private static final 'L_IPV6_DELIMS' 'J' @128 
 - private static final 'H_IPV6_DELIMS' 'J' @136 
 - private static final 'L_GEN_DELIMS' 'J' @144 
 - private static final 'H_GEN_DELIMS' 'J' @152 
 - private static final 'L_AUTH_DELIMS' 'J' @160 
 - private static final 'H_AUTH_DELIMS' 'J' @168 
 - private static final 'L_COLON' 'J' @176 
 - private static final 'H_COLON' 'J' @184 
 - private static final 'L_SLASH' 'J' @192 
 - private static final 'H_SLASH' 'J' @200 
 - private static final 'L_BACKSLASH' 'J' @208 
 - private static final 'H_BACKSLASH' 'J' @216 
 - private static final 'L_NON_PRINTABLE' 'J' @224 
 - private static final 'H_NON_PRINTABLE' 'J' @232 
 - private static final 'L_EXCLUDE' 'J' @240 
 - private static final 'H_EXCLUDE' 'J' @248 
 - private static final 'L_EXCLUDED_DELIMS' 'J' @256 
 - private static final 'H_EXCLUDED_DELIMS' 'J' @264 
 - private static final 'L_UNWISE' 'J' @272 
 - private static final 'H_UNWISE' 'J' @280 
 - private static final 'L_FRAGMENT' 'J' @288 
 - private static final 'H_FRAGMENT' 'J' @296 
 - private static final 'L_QUERY' 'J' @304 
 - private static final 'H_QUERY' 'J' @312 
 - private static final 'OTHERS' '[C' @116 
 - private static final 'HEXADECIMAL' 'I' @348 
 - private static final 'DECIMAL' 'I' @352 
 - private static final 'OCTAL' 'I' @356 
 - private static final 'SUPPORTED_RADIXES' '[I' @120 
 - private static final 'CANT_PARSE_IN_RADIX' 'J' @320 
 - private static final 'TERMINAL_PARSE_ERROR' 'J' @328 
 - private static final 'ALLOW_AMBIGUOUS_IPADDRESS_LITERALS_SP' 'Ljava/lang/String;' @124 
 - private static final 'ALLOW_AMBIGUOUS_IPADDRESS_LITERALS_SP_VALUE' 'Z' @360 
 - static final synthetic '$assertionsDisabled' 'Z' @361 
 - ---- non-static fields (0 words):
 - non-static oop maps: 
R15=0x00007fc046db78a0 is pointing into the stack for thread: 0x00007fc040028da0

Top of Stack: (sp=0x00007fc046db7800)
0x00007fc046db7800:   00007fc046db78c0 00007fbfc644fe38
0x00007fc046db7810:   00007fc046db7840 00007fc04646801a
0x00007fc046db7820:   00007fc040028da0 00007fbfc612a0d8
0x00007fc046db7830:   00007fc046db7b30 00007fc046db78c0
0x00007fc046db7840:   00007fc046db79c0 00007fc04637174c
0x00007fc046db7850:   00007fc04003aad8 00000000000003d8
0x00007fc046db7860:   00007fc0400294f0 00007fc040029500
0x00007fc046db7870:   00007fc0400294b0 00007fc00000000b
0x00007fc046db7880:   00007fc0400294f0 00007fc040028da0
0x00007fc046db7890:   00007fc0400298d8 0000000000000000
0x00007fc046db78a0:   0000000000000000 0000000000000000
0x00007fc046db78b0:   0000000000000000 00007fc040028da0
0x00007fc046db78c0:   00007fc046b541c8 0000001100000000
0x00007fc046db78d0:   0000000000000000 0000000000000000
0x00007fc046db78e0:   0000000000000000 0000000000000000
0x00007fc046db78f0:   00007fc046db7909 0000000000000011
0x00007fc046db7900:   0000000000000030 6c2e6176616a2700
0x00007fc046db7910:   697274532e676e61 00007fbfc600676e
0x00007fc046db7920:   00007fc046db7970 00007fc0460c8792
0x00007fc046db7930:   00007fc046db7980 1d68c61fdcbd3a00
0x00007fc046db7940:   00007fc046db7a40 00007fc046db7ba0
0x00007fc046db7950:   00000000000000b4 00007fbfc601a440
0x00007fc046db7960:   00007fbfc6450230 00007fc046db7b00
0x00007fc046db7970:   00007fc046db7ae0 00007fc046372bb3
0x00007fc046db7980:   00007fc040028da0 1d68c61fdcbd3a00
0x00007fc046db7990:   00007fc046db7aa0 00007fc040028da0
0x00007fc046db79a0:   00007fc046db7c70 0000000000000001
0x00007fc046db79b0:   00007fc046db7b30 00007fc040028da0
0x00007fc046db79c0:   00007fc046db7b10 00007fc046375c1e
0x00007fc046db79d0:   00007fc046db7a00 00007fc040028da0
0x00007fc046db79e0:   00007fbfc612aff0 00007fc040028da0
0x00007fc046db79f0:   00007fc046db7c70 00007fc046db7c70 

Instructions: (pc=0x00007fc0466637e9)
0x00007fc0466636e9:   89 c6 31 d2 c1 ee 04 48 c1 e6 04 0f 1f 40 00 f3
0x00007fc0466636f9:   0f 6f 44 17 06 0f 11 04 11 48 83 c2 10 48 39 d6
0x00007fc046663709:   75 ed 89 c2 83 e2 f0 89 d6 39 d0 0f 84 af 00 00
0x00007fc046663719:   00 41 89 c0 41 29 d0 45 8d 48 ff 41 83 f9 06 76
0x00007fc046663729:   1b 4c 8b 4c 37 06 4c 89 0c 31 44 89 c6 83 e6 f8
0x00007fc046663739:   01 f2 41 83 e0 07 0f 84 84 00 00 00 48 63 f2 44
0x00007fc046663749:   0f b6 44 37 06 44 88 04 31 8d 72 01 39 f0 7e 70
0x00007fc046663759:   48 63 f6 44 0f b6 44 37 06 44 88 04 31 8d 72 02
0x00007fc046663769:   39 f0 7e 5c 48 63 f6 44 0f b6 44 37 06 44 88 04
0x00007fc046663779:   31 8d 72 03 39 f0 7e 48 48 63 f6 44 0f b6 44 37
0x00007fc046663789:   06 44 88 04 31 8d 72 04 39 f0 7e 34 48 63 f6 44
0x00007fc046663799:   0f b6 44 37 06 44 88 04 31 8d 72 05 39 f0 7e 20
0x00007fc0466637a9:   48 63 f6 83 c2 06 44 0f b6 44 37 06 44 88 04 31
0x00007fc0466637b9:   39 d0 7e 0c 48 63 d2 0f b6 74 17 06 40 88 34 11
0x00007fc0466637c9:   48 63 d0 c6 04 11 00 e9 01 ff ff ff 31 f6 31 d2
0x00007fc0466637d9:   e9 4c ff ff ff 66 90 55 31 f6 48 89 e5 41 54 53
0x00007fc0466637e9:   44 0f b7 67 04 48 89 fb 41 8d 7c 24 01 48 63 ff
0x00007fc0466637f9:   e8 82 f6 f1 ff 48 89 c1 0f b7 43 04 44 39 e0 41
0x00007fc046663809:   0f 4f c4 31 d2 85 c0 74 38 8d 50 ff 89 c7 83 fa
0x00007fc046663819:   06 76 10 4c 8d 43 07 48 89 ce 4c 29 c6 48 83 fe
0x00007fc046663829:   0e 77 34 48 63 d0 31 c0 0f 1f 80 00 00 00 00 0f
0x00007fc046663839:   b6 74 03 06 40 88 34 01 48 83 c0 01 48 39 d0 75
0x00007fc046663849:   ee c6 04 11 00 48 89 c8 5b 41 5c 5d c3 66 2e 0f
0x00007fc046663859:   1f 84 00 00 00 00 00 83 fa 0e 0f 86 e1 00 00 00
0x00007fc046663869:   89 c6 31 d2 c1 ee 04 48 c1 e6 04 0f 1f 40 00 f3
0x00007fc046663879:   0f 6f 44 13 06 0f 11 04 11 48 83 c2 10 48 39 d6
0x00007fc046663889:   75 ed 89 c2 83 e2 f0 89 d6 39 d0 0f 84 a1 00 00
0x00007fc046663899:   00 89 c7 29 d7 44 8d 47 ff 41 83 f8 06 76 15 4c
0x00007fc0466638a9:   8b 44 33 06 4c 89 04 31 89 fe 83 e6 f8 01 f2 83
0x00007fc0466638b9:   e7 07 74 7e 48 63 f2 0f b6 7c 33 06 40 88 3c 31
0x00007fc0466638c9:   8d 72 01 39 f0 7e 6b 48 63 f6 0f b6 7c 33 06 40
0x00007fc0466638d9:   88 3c 31 8d 72 02 39 f0 7e 58 48 63 f6 0f b6 7c 


Stack slot to memory mapping:

stack at sp + 0 slots: 0x00007fc046db78c0 is pointing into the stack for thread: 0x00007fc040028da0
stack at sp + 1 slots: 0x00007fbfc644fe38 is pointing into metadata
stack at sp + 2 slots: 0x00007fc046db7840 is pointing into the stack for thread: 0x00007fc040028da0
stack at sp + 3 slots: 0x00007fc04646801a: <offset 0x0000000000c6801a> in /usr/lib/jvm/jdk-22-oracle-x64/lib/server/libjvm.so at 0x00007fc045800000
stack at sp + 4 slots: 0x00007fc040028da0 is a thread
stack at sp + 5 slots: 0x00007fbfc612a0d8 is a pointer to class: 
sun.net.util.IPAddressUtil {0x00007fbfc612a0d8}
 - instance size:     2
 - klass size:        64
 - access:            public synchronized 
 - flags:             rewritten is_shared_boot_class has_localvariable_table has_vanilla_constructor 
 - state:             fully_initialized
 - name:              'sun/net/util/IPAddressUtil'
 - super:             'java/lang/Object'
 - sub:               
 - arrays:            null
 - methods:           Array<T>(0x00007fbfc67e8a70)
 - method ordering:   Array<T>(0x00007fbfc67eab78)
 - default_methods:   Array<T>(0x0000000000000000)
 - local interfaces:  Array<T>(0x00007fbfc65e5f50)
 - trans. interfaces: Array<T>(0x00007fbfc65e5f50)
 - constants:         constant pool [649]/operands[28] {0x00007fbfc67e71c8} for 'sun/net/util/IPAddressUtil' cache=0x00007fbfc612a568
 - class loader data:  loader data: 0x00007fc040140690 of 'bootstrap'
 - source file:       'IPAddressUtil.java'
 - class annotations:       Array<T>(0x0000000000000000)
 - class type annotations:  Array<T>(0x0000000000000000)
 - field annotations:       Array<T>(0x0000000000000000)
 - field type annotations:  Array<T>(0x0000000000000000)
 - inner classes:     Array<T>(0x00007fbfc67e8a50)
 - nest members:     Array<T>(0x00007fbfc67ead80)
 - permitted subclasses:     Array<T>(0x00007fbfc65e5ed8)
 - java mirror:       a 'java/lang/Class'{0x00000007ffe942c0} = 'sun/net/util/IPAddressUtil'
 - vtable length      5  (start addr: 0x00007fbfc612a2a0)
 - itable length      2 (start addr: 0x00007fbfc612a2c8)
 - ---- static fields (32 words):
 - private static final 'INADDR4SZ' 'I' @336 
 - private static final 'INADDR16SZ' 'I' @340 
 - private static final 'INT16SZ' 'I' @344 
 - private static final 'cache' 'Ljava/util/concurrent/ConcurrentHashMap;' @112 
 - private static final 'L_IPV6_DELIMS' 'J' @128 
 - private static final 'H_IPV6_DELIMS' 'J' @136 
 - private static final 'L_GEN_DELIMS' 'J' @144 
 - private static final 'H_GEN_DELIMS' 'J' @152 
 - private static final 'L_AUTH_DELIMS' 'J' @160 
 - private static final 'H_AUTH_DELIMS' 'J' @168 
 - private static final 'L_COLON' 'J' @176 
 - private static final 'H_COLON' 'J' @184 
 - private static final 'L_SLASH' 'J' @192 
 - private static final 'H_SLASH' 'J' @200 
 - private static final 'L_BACKSLASH' 'J' @208 
 - private static final 'H_BACKSLASH' 'J' @216 
 - private static final 'L_NON_PRINTABLE' 'J' @224 
 - private static final 'H_NON_PRINTABLE' 'J' @232 
 - private static final 'L_EXCLUDE' 'J' @240 
 - private static final 'H_EXCLUDE' 'J' @248 
 - private static final 'L_EXCLUDED_DELIMS' 'J' @256 
 - private static final 'H_EXCLUDED_DELIMS' 'J' @264 
 - private static final 'L_UNWISE' 'J' @272 
 - private static final 'H_UNWISE' 'J' @280 
 - private static final 'L_FRAGMENT' 'J' @288 
 - private static final 'H_FRAGMENT' 'J' @296 
 - private static final 'L_QUERY' 'J' @304 
 - private static final 'H_QUERY' 'J' @312 
 - private static final 'OTHERS' '[C' @116 
 - private static final 'HEXADECIMAL' 'I' @348 
 - private static final 'DECIMAL' 'I' @352 
 - private static final 'OCTAL' 'I' @356 
 - private static final 'SUPPORTED_RADIXES' '[I' @120 
 - private static final 'CANT_PARSE_IN_RADIX' 'J' @320 
 - private static final 'TERMINAL_PARSE_ERROR' 'J' @328 
 - private static final 'ALLOW_AMBIGUOUS_IPADDRESS_LITERALS_SP' 'Ljava/lang/String;' @124 
 - private static final 'ALLOW_AMBIGUOUS_IPADDRESS_LITERALS_SP_VALUE' 'Z' @360 
 - static final synthetic '$assertionsDisabled' 'Z' @361 
 - ---- non-static fields (0 words):
 - non-static oop maps: 
stack at sp + 6 slots: 0x00007fc046db7b30 is pointing into the stack for thread: 0x00007fc040028da0
stack at sp + 7 slots: 0x00007fc046db78c0 is pointing into the stack for thread: 0x00007fc040028da0


---------------  P R O C E S S  ---------------

Threads class SMR info:
_java_thread_list=0x00007fc040180dd0, length=8, elements={
0x00007fc040028da0, 0x00007fc040176840, 0x00007fc040177e90, 0x00007fc040179a90,
0x00007fc04017b0d0, 0x00007fc04017c670, 0x00007fc04017e190, 0x00007fc04017f8a0
}

Java Threads: ( => current thread )
=>0x00007fc040028da0 JavaThread "main"                              [_thread_in_vm, id=19423, stack(0x00007fc046cba000,0x00007fc046dba000) (1024K)]
  0x00007fc040176840 JavaThread "Reference Handler"          daemon [_thread_blocked, id=19437, stack(0x00007fc015b7c000,0x00007fc015c7c000) (1024K)]
  0x00007fc040177e90 JavaThread "Finalizer"                  daemon [_thread_blocked, id=19438, stack(0x00007fc015700000,0x00007fc015800000) (1024K)]
  0x00007fc040179a90 JavaThread "Signal Dispatcher"          daemon [_thread_blocked, id=19439, stack(0x00007fc0155ff000,0x00007fc0156ff000) (1024K)]
  0x00007fc04017b0d0 JavaThread "Service Thread"             daemon [_thread_blocked, id=19440, stack(0x00007fc0154fe000,0x00007fc0155fe000) (1024K)]
  0x00007fc04017c670 JavaThread "Monitor Deflation Thread"   daemon [_thread_blocked, id=19441, stack(0x00007fc0153fd000,0x00007fc0154fd000) (1024K)]
  0x00007fc04017e190 JavaThread "C2 CompilerThread0"         daemon [_thread_blocked, id=19442, stack(0x00007fc0152fc000,0x00007fc0153fc000) (1024K)]
  0x00007fc04017f8a0 JavaThread "C1 CompilerThread0"         daemon [_thread_blocked, id=19443, stack(0x00007fc0151fb000,0x00007fc0152fb000) (1024K)]
Total: 8

Other Threads:
  0x00007fc040169340 VMThread "VM Thread"                           [id=19435, stack(0x00007fc015c7d000,0x00007fc015d7d000) (1024K)]
  0x00007fc04014f090 WatcherThread "VM Periodic Task Thread"        [id=19434, stack(0x00007fc015d7e000,0x00007fc015e7e000) (1024K)]
  0x00007fc0400908b0 WorkerThread "GC Thread#0"                     [id=19424, stack(0x00007fc0444aa000,0x00007fc0445aa000) (1024K)]
  0x00007fc0400a13d0 ConcurrentGCThread "G1 Main Marker"            [id=19425, stack(0x00007fc0443a9000,0x00007fc0444a9000) (1024K)]
  0x00007fc0400a2370 WorkerThread "G1 Conc#0"                       [id=19426, stack(0x00007fc0442a8000,0x00007fc0443a8000) (1024K)]
  0x00007fc0401347d0 ConcurrentGCThread "G1 Refine#0"               [id=19428, stack(0x00007fc024012000,0x00007fc024112000) (1024K)]
  0x00007fc040135790 ConcurrentGCThread "G1 Service"                [id=19429, stack(0x00007fc015f00000,0x00007fc016000000) (1024K)]
Total: 7

Threads with active compile tasks:
Total: 0

VM state: not at safepoint (normal execution)

VM Mutex/Monitor currently owned by a thread: None

Heap address: 0x000000070b000000, size: 3920 MB, Compressed Oops mode: Zero based, Oop shift amount: 3

CDS archive(s) mapped at: [0x00007fbfc6000000-0x00007fbfc6c79000-0x00007fbfc6c79000), size 13078528, SharedBaseAddress: 0x00007fbfc6000000, ArchiveRelocationMode: 1.
Compressed class space mapped at: 0x00007fbfc7000000-0x00007fc007000000, reserved size: 1073741824
Narrow klass base: 0x00007fbfc6000000, Narrow klass shift: 0, Narrow klass range: 0x100000000

GC Precious Log:
 CardTable entry size: 512
 Card Set container configuration: InlinePtr #cards 4 size 8 Array Of Cards #cards 16 size 48 Howl #buckets 8 coarsen threshold 3686 Howl Bitmap #cards 512 size 80 coarsen threshold 460 Card regions per heap region 1 cards per card region 4096
 CPUs: 8 total, 8 available
 Memory: 15673M
 Large Page Support: Disabled
 NUMA Support: Disabled
 Compressed Oops: Enabled (Zero based)
 Heap Region Size: 2M
 Heap Min Capacity: 8M
 Heap Initial Capacity: 246M
 Heap Max Capacity: 3920M
 Pre-touch: Disabled
 Parallel Workers: 8
 Concurrent Workers: 2
 Concurrent Refinement Workers: 8
 Periodic GC: Disabled

Heap:
 garbage-first heap   total reserved 4014080K, committed 253952K, used 1059K [0x000000070b000000, 0x0000000800000000)
  region size 2048K, 1 young (2048K), 0 survivors (0K)
 Metaspace       used 45K, committed 128K, reserved 1114112K
  class space    used 1K, committed 64K, reserved 1048576K

Heap Regions: E=young(eden), S=young(survivor), O=old, HS=humongous(starts), HC=humongous(continues), CS=collection set, F=free, TAMS=top-at-mark-start, PB=parsable bottom
|   0|0x000000070b000000, 0x000000070b000000, 0x000000070b200000|  0%| F|  |TAMS 0x000000070b000000| PB 0x000000070b000000| Untracked |  0
|   1|0x000000070b200000, 0x000000070b200000, 0x000000070b400000|  0%| F|  |TAMS 0x000000070b200000| PB 0x000000070b200000| Untracked |  0
|   2|0x000000070b400000, 0x000000070b400000, 0x000000070b600000|  0%| F|  |TAMS 0x000000070b400000| PB 0x000000070b400000| Untracked |  0
|   3|0x000000070b600000, 0x000000070b600000, 0x000000070b800000|  0%| F|  |TAMS 0x000000070b600000| PB 0x000000070b600000| Untracked |  0
|   4|0x000000070b800000, 0x000000070b800000, 0x000000070ba00000|  0%| F|  |TAMS 0x000000070b800000| PB 0x000000070b800000| Untracked |  0
|   5|0x000000070ba00000, 0x000000070ba00000, 0x000000070bc00000|  0%| F|  |TAMS 0x000000070ba00000| PB 0x000000070ba00000| Untracked |  0
|   6|0x000000070bc00000, 0x000000070bc00000, 0x000000070be00000|  0%| F|  |TAMS 0x000000070bc00000| PB 0x000000070bc00000| Untracked |  0
|   7|0x000000070be00000, 0x000000070be00000, 0x000000070c000000|  0%| F|  |TAMS 0x000000070be00000| PB 0x000000070be00000| Untracked |  0
|   8|0x000000070c000000, 0x000000070c000000, 0x000000070c200000|  0%| F|  |TAMS 0x000000070c000000| PB 0x000000070c000000| Untracked |  0
|   9|0x000000070c200000, 0x000000070c200000, 0x000000070c400000|  0%| F|  |TAMS 0x000000070c200000| PB 0x000000070c200000| Untracked |  0
|  10|0x000000070c400000, 0x000000070c400000, 0x000000070c600000|  0%| F|  |TAMS 0x000000070c400000| PB 0x000000070c400000| Untracked |  0
|  11|0x000000070c600000, 0x000000070c600000, 0x000000070c800000|  0%| F|  |TAMS 0x000000070c600000| PB 0x000000070c600000| Untracked |  0
|  12|0x000000070c800000, 0x000000070c800000, 0x000000070ca00000|  0%| F|  |TAMS 0x000000070c800000| PB 0x000000070c800000| Untracked |  0
|  13|0x000000070ca00000, 0x000000070ca00000, 0x000000070cc00000|  0%| F|  |TAMS 0x000000070ca00000| PB 0x000000070ca00000| Untracked |  0
|  14|0x000000070cc00000, 0x000000070cc00000, 0x000000070ce00000|  0%| F|  |TAMS 0x000000070cc00000| PB 0x000000070cc00000| Untracked |  0
|  15|0x000000070ce00000, 0x000000070ce00000, 0x000000070d000000|  0%| F|  |TAMS 0x000000070ce00000| PB 0x000000070ce00000| Untracked |  0
|  16|0x000000070d000000, 0x000000070d000000, 0x000000070d200000|  0%| F|  |TAMS 0x000000070d000000| PB 0x000000070d000000| Untracked |  0
|  17|0x000000070d200000, 0x000000070d200000, 0x000000070d400000|  0%| F|  |TAMS 0x000000070d200000| PB 0x000000070d200000| Untracked |  0
|  18|0x000000070d400000, 0x000000070d400000, 0x000000070d600000|  0%| F|  |TAMS 0x000000070d400000| PB 0x000000070d400000| Untracked |  0
|  19|0x000000070d600000, 0x000000070d600000, 0x000000070d800000|  0%| F|  |TAMS 0x000000070d600000| PB 0x000000070d600000| Untracked |  0
|  20|0x000000070d800000, 0x000000070d800000, 0x000000070da00000|  0%| F|  |TAMS 0x000000070d800000| PB 0x000000070d800000| Untracked |  0
|  21|0x000000070da00000, 0x000000070da00000, 0x000000070dc00000|  0%| F|  |TAMS 0x000000070da00000| PB 0x000000070da00000| Untracked |  0
|  22|0x000000070dc00000, 0x000000070dc00000, 0x000000070de00000|  0%| F|  |TAMS 0x000000070dc00000| PB 0x000000070dc00000| Untracked |  0
|  23|0x000000070de00000, 0x000000070de00000, 0x000000070e000000|  0%| F|  |TAMS 0x000000070de00000| PB 0x000000070de00000| Untracked |  0
|  24|0x000000070e000000, 0x000000070e000000, 0x000000070e200000|  0%| F|  |TAMS 0x000000070e000000| PB 0x000000070e000000| Untracked |  0
|  25|0x000000070e200000, 0x000000070e200000, 0x000000070e400000|  0%| F|  |TAMS 0x000000070e200000| PB 0x000000070e200000| Untracked |  0
|  26|0x000000070e400000, 0x000000070e400000, 0x000000070e600000|  0%| F|  |TAMS 0x000000070e400000| PB 0x000000070e400000| Untracked |  0
|  27|0x000000070e600000, 0x000000070e600000, 0x000000070e800000|  0%| F|  |TAMS 0x000000070e600000| PB 0x000000070e600000| Untracked |  0
|  28|0x000000070e800000, 0x000000070e800000, 0x000000070ea00000|  0%| F|  |TAMS 0x000000070e800000| PB 0x000000070e800000| Untracked |  0
|  29|0x000000070ea00000, 0x000000070ea00000, 0x000000070ec00000|  0%| F|  |TAMS 0x000000070ea00000| PB 0x000000070ea00000| Untracked |  0
|  30|0x000000070ec00000, 0x000000070ec00000, 0x000000070ee00000|  0%| F|  |TAMS 0x000000070ec00000| PB 0x000000070ec00000| Untracked |  0
|  31|0x000000070ee00000, 0x000000070ee00000, 0x000000070f000000|  0%| F|  |TAMS 0x000000070ee00000| PB 0x000000070ee00000| Untracked |  0
|  32|0x000000070f000000, 0x000000070f000000, 0x000000070f200000|  0%| F|  |TAMS 0x000000070f000000| PB 0x000000070f000000| Untracked |  0
|  33|0x000000070f200000, 0x000000070f200000, 0x000000070f400000|  0%| F|  |TAMS 0x000000070f200000| PB 0x000000070f200000| Untracked |  0
|  34|0x000000070f400000, 0x000000070f400000, 0x000000070f600000|  0%| F|  |TAMS 0x000000070f400000| PB 0x000000070f400000| Untracked |  0
|  35|0x000000070f600000, 0x000000070f600000, 0x000000070f800000|  0%| F|  |TAMS 0x000000070f600000| PB 0x000000070f600000| Untracked |  0
|  36|0x000000070f800000, 0x000000070f800000, 0x000000070fa00000|  0%| F|  |TAMS 0x000000070f800000| PB 0x000000070f800000| Untracked |  0
|  37|0x000000070fa00000, 0x000000070fa00000, 0x000000070fc00000|  0%| F|  |TAMS 0x000000070fa00000| PB 0x000000070fa00000| Untracked |  0
|  38|0x000000070fc00000, 0x000000070fc00000, 0x000000070fe00000|  0%| F|  |TAMS 0x000000070fc00000| PB 0x000000070fc00000| Untracked |  0
|  39|0x000000070fe00000, 0x000000070fe00000, 0x0000000710000000|  0%| F|  |TAMS 0x000000070fe00000| PB 0x000000070fe00000| Untracked |  0
|  40|0x0000000710000000, 0x0000000710000000, 0x0000000710200000|  0%| F|  |TAMS 0x0000000710000000| PB 0x0000000710000000| Untracked |  0
|  41|0x0000000710200000, 0x0000000710200000, 0x0000000710400000|  0%| F|  |TAMS 0x0000000710200000| PB 0x0000000710200000| Untracked |  0
|  42|0x0000000710400000, 0x0000000710400000, 0x0000000710600000|  0%| F|  |TAMS 0x0000000710400000| PB 0x0000000710400000| Untracked |  0
|  43|0x0000000710600000, 0x0000000710600000, 0x0000000710800000|  0%| F|  |TAMS 0x0000000710600000| PB 0x0000000710600000| Untracked |  0
|  44|0x0000000710800000, 0x0000000710800000, 0x0000000710a00000|  0%| F|  |TAMS 0x0000000710800000| PB 0x0000000710800000| Untracked |  0
|  45|0x0000000710a00000, 0x0000000710a00000, 0x0000000710c00000|  0%| F|  |TAMS 0x0000000710a00000| PB 0x0000000710a00000| Untracked |  0
|  46|0x0000000710c00000, 0x0000000710c00000, 0x0000000710e00000|  0%| F|  |TAMS 0x0000000710c00000| PB 0x0000000710c00000| Untracked |  0
|  47|0x0000000710e00000, 0x0000000710e00000, 0x0000000711000000|  0%| F|  |TAMS 0x0000000710e00000| PB 0x0000000710e00000| Untracked |  0
|  48|0x0000000711000000, 0x0000000711000000, 0x0000000711200000|  0%| F|  |TAMS 0x0000000711000000| PB 0x0000000711000000| Untracked |  0
|  49|0x0000000711200000, 0x0000000711200000, 0x0000000711400000|  0%| F|  |TAMS 0x0000000711200000| PB 0x0000000711200000| Untracked |  0
|  50|0x0000000711400000, 0x0000000711400000, 0x0000000711600000|  0%| F|  |TAMS 0x0000000711400000| PB 0x0000000711400000| Untracked |  0
|  51|0x0000000711600000, 0x0000000711600000, 0x0000000711800000|  0%| F|  |TAMS 0x0000000711600000| PB 0x0000000711600000| Untracked |  0
|  52|0x0000000711800000, 0x0000000711800000, 0x0000000711a00000|  0%| F|  |TAMS 0x0000000711800000| PB 0x0000000711800000| Untracked |  0
|  53|0x0000000711a00000, 0x0000000711a00000, 0x0000000711c00000|  0%| F|  |TAMS 0x0000000711a00000| PB 0x0000000711a00000| Untracked |  0
|  54|0x0000000711c00000, 0x0000000711c00000, 0x0000000711e00000|  0%| F|  |TAMS 0x0000000711c00000| PB 0x0000000711c00000| Untracked |  0
|  55|0x0000000711e00000, 0x0000000711e00000, 0x0000000712000000|  0%| F|  |TAMS 0x0000000711e00000| PB 0x0000000711e00000| Untracked |  0
|  56|0x0000000712000000, 0x0000000712000000, 0x0000000712200000|  0%| F|  |TAMS 0x0000000712000000| PB 0x0000000712000000| Untracked |  0
|  57|0x0000000712200000, 0x0000000712200000, 0x0000000712400000|  0%| F|  |TAMS 0x0000000712200000| PB 0x0000000712200000| Untracked |  0
|  58|0x0000000712400000, 0x0000000712400000, 0x0000000712600000|  0%| F|  |TAMS 0x0000000712400000| PB 0x0000000712400000| Untracked |  0
|  59|0x0000000712600000, 0x0000000712600000, 0x0000000712800000|  0%| F|  |TAMS 0x0000000712600000| PB 0x0000000712600000| Untracked |  0
|  60|0x0000000712800000, 0x0000000712800000, 0x0000000712a00000|  0%| F|  |TAMS 0x0000000712800000| PB 0x0000000712800000| Untracked |  0
|  61|0x0000000712a00000, 0x0000000712a00000, 0x0000000712c00000|  0%| F|  |TAMS 0x0000000712a00000| PB 0x0000000712a00000| Untracked |  0
|  62|0x0000000712c00000, 0x0000000712c00000, 0x0000000712e00000|  0%| F|  |TAMS 0x0000000712c00000| PB 0x0000000712c00000| Untracked |  0
|  63|0x0000000712e00000, 0x0000000712e00000, 0x0000000713000000|  0%| F|  |TAMS 0x0000000712e00000| PB 0x0000000712e00000| Untracked |  0
|  64|0x0000000713000000, 0x0000000713000000, 0x0000000713200000|  0%| F|  |TAMS 0x0000000713000000| PB 0x0000000713000000| Untracked |  0
|  65|0x0000000713200000, 0x0000000713200000, 0x0000000713400000|  0%| F|  |TAMS 0x0000000713200000| PB 0x0000000713200000| Untracked |  0
|  66|0x0000000713400000, 0x0000000713400000, 0x0000000713600000|  0%| F|  |TAMS 0x0000000713400000| PB 0x0000000713400000| Untracked |  0
|  67|0x0000000713600000, 0x0000000713600000, 0x0000000713800000|  0%| F|  |TAMS 0x0000000713600000| PB 0x0000000713600000| Untracked |  0
|  68|0x0000000713800000, 0x0000000713800000, 0x0000000713a00000|  0%| F|  |TAMS 0x0000000713800000| PB 0x0000000713800000| Untracked |  0
|  69|0x0000000713a00000, 0x0000000713a00000, 0x0000000713c00000|  0%| F|  |TAMS 0x0000000713a00000| PB 0x0000000713a00000| Untracked |  0
|  70|0x0000000713c00000, 0x0000000713c00000, 0x0000000713e00000|  0%| F|  |TAMS 0x0000000713c00000| PB 0x0000000713c00000| Untracked |  0
|  71|0x0000000713e00000, 0x0000000713e00000, 0x0000000714000000|  0%| F|  |TAMS 0x0000000713e00000| PB 0x0000000713e00000| Untracked |  0
|  72|0x0000000714000000, 0x0000000714000000, 0x0000000714200000|  0%| F|  |TAMS 0x0000000714000000| PB 0x0000000714000000| Untracked |  0
|  73|0x0000000714200000, 0x0000000714200000, 0x0000000714400000|  0%| F|  |TAMS 0x0000000714200000| PB 0x0000000714200000| Untracked |  0
|  74|0x0000000714400000, 0x0000000714400000, 0x0000000714600000|  0%| F|  |TAMS 0x0000000714400000| PB 0x0000000714400000| Untracked |  0
|  75|0x0000000714600000, 0x0000000714600000, 0x0000000714800000|  0%| F|  |TAMS 0x0000000714600000| PB 0x0000000714600000| Untracked |  0
|  76|0x0000000714800000, 0x0000000714800000, 0x0000000714a00000|  0%| F|  |TAMS 0x0000000714800000| PB 0x0000000714800000| Untracked |  0
|  77|0x0000000714a00000, 0x0000000714a00000, 0x0000000714c00000|  0%| F|  |TAMS 0x0000000714a00000| PB 0x0000000714a00000| Untracked |  0
|  78|0x0000000714c00000, 0x0000000714c00000, 0x0000000714e00000|  0%| F|  |TAMS 0x0000000714c00000| PB 0x0000000714c00000| Untracked |  0
|  79|0x0000000714e00000, 0x0000000714e00000, 0x0000000715000000|  0%| F|  |TAMS 0x0000000714e00000| PB 0x0000000714e00000| Untracked |  0
|  80|0x0000000715000000, 0x0000000715000000, 0x0000000715200000|  0%| F|  |TAMS 0x0000000715000000| PB 0x0000000715000000| Untracked |  0
|  81|0x0000000715200000, 0x0000000715200000, 0x0000000715400000|  0%| F|  |TAMS 0x0000000715200000| PB 0x0000000715200000| Untracked |  0
|  82|0x0000000715400000, 0x0000000715400000, 0x0000000715600000|  0%| F|  |TAMS 0x0000000715400000| PB 0x0000000715400000| Untracked |  0
|  83|0x0000000715600000, 0x0000000715600000, 0x0000000715800000|  0%| F|  |TAMS 0x0000000715600000| PB 0x0000000715600000| Untracked |  0
|  84|0x0000000715800000, 0x0000000715800000, 0x0000000715a00000|  0%| F|  |TAMS 0x0000000715800000| PB 0x0000000715800000| Untracked |  0
|  85|0x0000000715a00000, 0x0000000715a00000, 0x0000000715c00000|  0%| F|  |TAMS 0x0000000715a00000| PB 0x0000000715a00000| Untracked |  0
|  86|0x0000000715c00000, 0x0000000715c00000, 0x0000000715e00000|  0%| F|  |TAMS 0x0000000715c00000| PB 0x0000000715c00000| Untracked |  0
|  87|0x0000000715e00000, 0x0000000715e00000, 0x0000000716000000|  0%| F|  |TAMS 0x0000000715e00000| PB 0x0000000715e00000| Untracked |  0
|  88|0x0000000716000000, 0x0000000716000000, 0x0000000716200000|  0%| F|  |TAMS 0x0000000716000000| PB 0x0000000716000000| Untracked |  0
|  89|0x0000000716200000, 0x0000000716200000, 0x0000000716400000|  0%| F|  |TAMS 0x0000000716200000| PB 0x0000000716200000| Untracked |  0
|  90|0x0000000716400000, 0x0000000716400000, 0x0000000716600000|  0%| F|  |TAMS 0x0000000716400000| PB 0x0000000716400000| Untracked |  0
|  91|0x0000000716600000, 0x0000000716600000, 0x0000000716800000|  0%| F|  |TAMS 0x0000000716600000| PB 0x0000000716600000| Untracked |  0
|  92|0x0000000716800000, 0x0000000716800000, 0x0000000716a00000|  0%| F|  |TAMS 0x0000000716800000| PB 0x0000000716800000| Untracked |  0
|  93|0x0000000716a00000, 0x0000000716a00000, 0x0000000716c00000|  0%| F|  |TAMS 0x0000000716a00000| PB 0x0000000716a00000| Untracked |  0
|  94|0x0000000716c00000, 0x0000000716c00000, 0x0000000716e00000|  0%| F|  |TAMS 0x0000000716c00000| PB 0x0000000716c00000| Untracked |  0
|  95|0x0000000716e00000, 0x0000000716e00000, 0x0000000717000000|  0%| F|  |TAMS 0x0000000716e00000| PB 0x0000000716e00000| Untracked |  0
|  96|0x0000000717000000, 0x0000000717000000, 0x0000000717200000|  0%| F|  |TAMS 0x0000000717000000| PB 0x0000000717000000| Untracked |  0
|  97|0x0000000717200000, 0x0000000717200000, 0x0000000717400000|  0%| F|  |TAMS 0x0000000717200000| PB 0x0000000717200000| Untracked |  0
|  98|0x0000000717400000, 0x0000000717400000, 0x0000000717600000|  0%| F|  |TAMS 0x0000000717400000| PB 0x0000000717400000| Untracked |  0
|  99|0x0000000717600000, 0x0000000717600000, 0x0000000717800000|  0%| F|  |TAMS 0x0000000717600000| PB 0x0000000717600000| Untracked |  0
| 100|0x0000000717800000, 0x0000000717800000, 0x0000000717a00000|  0%| F|  |TAMS 0x0000000717800000| PB 0x0000000717800000| Untracked |  0
| 101|0x0000000717a00000, 0x0000000717a00000, 0x0000000717c00000|  0%| F|  |TAMS 0x0000000717a00000| PB 0x0000000717a00000| Untracked |  0
| 102|0x0000000717c00000, 0x0000000717c00000, 0x0000000717e00000|  0%| F|  |TAMS 0x0000000717c00000| PB 0x0000000717c00000| Untracked |  0
| 103|0x0000000717e00000, 0x0000000717e00000, 0x0000000718000000|  0%| F|  |TAMS 0x0000000717e00000| PB 0x0000000717e00000| Untracked |  0
| 104|0x0000000718000000, 0x0000000718000000, 0x0000000718200000|  0%| F|  |TAMS 0x0000000718000000| PB 0x0000000718000000| Untracked |  0
| 105|0x0000000718200000, 0x0000000718200000, 0x0000000718400000|  0%| F|  |TAMS 0x0000000718200000| PB 0x0000000718200000| Untracked |  0
| 106|0x0000000718400000, 0x0000000718400000, 0x0000000718600000|  0%| F|  |TAMS 0x0000000718400000| PB 0x0000000718400000| Untracked |  0
| 107|0x0000000718600000, 0x0000000718600000, 0x0000000718800000|  0%| F|  |TAMS 0x0000000718600000| PB 0x0000000718600000| Untracked |  0
| 108|0x0000000718800000, 0x0000000718800000, 0x0000000718a00000|  0%| F|  |TAMS 0x0000000718800000| PB 0x0000000718800000| Untracked |  0
| 109|0x0000000718a00000, 0x0000000718a00000, 0x0000000718c00000|  0%| F|  |TAMS 0x0000000718a00000| PB 0x0000000718a00000| Untracked |  0
| 110|0x0000000718c00000, 0x0000000718c00000, 0x0000000718e00000|  0%| F|  |TAMS 0x0000000718c00000| PB 0x0000000718c00000| Untracked |  0
| 111|0x0000000718e00000, 0x0000000718e00000, 0x0000000719000000|  0%| F|  |TAMS 0x0000000718e00000| PB 0x0000000718e00000| Untracked |  0
| 112|0x0000000719000000, 0x0000000719000000, 0x0000000719200000|  0%| F|  |TAMS 0x0000000719000000| PB 0x0000000719000000| Untracked |  0
| 113|0x0000000719200000, 0x0000000719200000, 0x0000000719400000|  0%| F|  |TAMS 0x0000000719200000| PB 0x0000000719200000| Untracked |  0
| 114|0x0000000719400000, 0x0000000719400000, 0x0000000719600000|  0%| F|  |TAMS 0x0000000719400000| PB 0x0000000719400000| Untracked |  0
| 115|0x0000000719600000, 0x0000000719600000, 0x0000000719800000|  0%| F|  |TAMS 0x0000000719600000| PB 0x0000000719600000| Untracked |  0
| 116|0x0000000719800000, 0x0000000719800000, 0x0000000719a00000|  0%| F|  |TAMS 0x0000000719800000| PB 0x0000000719800000| Untracked |  0
| 117|0x0000000719a00000, 0x0000000719a00000, 0x0000000719c00000|  0%| F|  |TAMS 0x0000000719a00000| PB 0x0000000719a00000| Untracked |  0
| 118|0x0000000719c00000, 0x0000000719c00000, 0x0000000719e00000|  0%| F|  |TAMS 0x0000000719c00000| PB 0x0000000719c00000| Untracked |  0
| 119|0x0000000719e00000, 0x0000000719e00000, 0x000000071a000000|  0%| F|  |TAMS 0x0000000719e00000| PB 0x0000000719e00000| Untracked |  0
| 120|0x000000071a000000, 0x000000071a000000, 0x000000071a200000|  0%| F|  |TAMS 0x000000071a000000| PB 0x000000071a000000| Untracked |  0
| 121|0x000000071a200000, 0x000000071a200000, 0x000000071a400000|  0%| F|  |TAMS 0x000000071a200000| PB 0x000000071a200000| Untracked |  0
| 122|0x000000071a400000, 0x000000071a4f5c58, 0x000000071a600000| 48%| E|  |TAMS 0x000000071a400000| PB 0x000000071a400000| Complete |  0
|1959|0x00000007ffe00000, 0x00000007fff08d00, 0x0000000800000000| 51%| O|  |TAMS 0x00000007ffe00000| PB 0x00000007ffe00000| Untracked |  0

Card table byte_map: [0x00007fc028458000,0x00007fc028c00000] _byte_map_base: 0x00007fc024c00000

Marking Bits: (CMBitMap*) 0x00007fc0400913e0
 Bits: [0x00007fc024718000, 0x00007fc028458000)

Polling page: 0x00007fc0470cd000

Metaspace:

Usage:
  Non-class:     43.50 KB used.
      Class:      1.56 KB used.
       Both:     45.06 KB used.

Virtual space:
  Non-class space:       64.00 MB reserved,      64.00 KB ( <1%) committed,  1 nodes.
      Class space:        1.00 GB reserved,      64.00 KB ( <1%) committed,  1 nodes.
             Both:        1.06 GB reserved,     128.00 KB ( <1%) committed. 

Chunk freelists:
   Non-Class:  12.00 MB
       Class:  15.75 MB
        Both:  27.75 MB

MaxMetaspaceSize: unlimited
CompressedClassSpaceSize: 1.00 GB
Initial GC threshold: 21.00 MB
Current GC threshold: 21.00 MB
CDS: on
 - commit_granule_bytes: 65536.
 - commit_granule_words: 8192.
 - virtual_space_node_default_size: 8388608.
 - enlarge_chunks_in_place: 1.
 - use_allocation_guard: 0.


Internal statistics:

num_allocs_failed_limit: 0.
num_arena_births: 2.
num_arena_deaths: 0.
num_vsnodes_births: 2.
num_vsnodes_deaths: 0.
num_space_committed: 2.
num_space_uncommitted: 0.
num_chunks_returned_to_freelist: 0.
num_chunks_taken_from_freelist: 3.
num_chunk_merges: 0.
num_chunk_splits: 2.
num_chunks_enlarged: 0.
num_inconsistent_stats: 0.

CodeHeap 'non-profiled nmethods': size=120028Kb used=0Kb max_used=0Kb free=120028Kb
 bounds [0x00007fc0306c9000, 0x00007fc030939000, 0x00007fc037c00000]
CodeHeap 'profiled nmethods': size=120028Kb used=0Kb max_used=0Kb free=120027Kb
 bounds [0x00007fc028c00000, 0x00007fc028e70000, 0x00007fc030137000]
CodeHeap 'non-nmethods': size=5704Kb used=1146Kb max_used=1160Kb free=4557Kb
 bounds [0x00007fc030137000, 0x00007fc0303a7000, 0x00007fc0306c9000]
 total_blobs=293 nmethods=1 adapters=199
 compilation: enabled
              stopped_count=0, restarted_count=0
 full_count=0

Compilation events (2 events):
Event: 0.048 Thread 0x00007fc04017f8a0    1       3       java.lang.Object::<init> (1 bytes)
Event: 0.050 Thread 0x00007fc04017f8a0 nmethod 1 0x00007fc028c00010 code [0x00007fc028c001a0, 0x00007fc028c002a0]

GC Heap History (0 events):
No events

Dll operation events (2 events):
Event: 0.002 Loaded shared library /usr/lib/jvm/jdk-22-oracle-x64/lib/libjava.so
Event: 0.046 Loaded shared library /usr/lib/jvm/jdk-22-oracle-x64/lib/libjsvml.so

Deoptimization events (0 events):
No events

Classes loaded (2 events):
Event: 0.037 Loading class sun/nio/cs/UTF_8$Encoder
Event: 0.037 Loading class sun/nio/cs/UTF_8$Encoder done

Classes unloaded (0 events):
No events

Classes redefined (0 events):
No events

Internal exceptions (0 events):
No events

ZGC Phase Switch (0 events):
No events

VM Operations (0 events):
No events

Events (16 events):
Event: 0.002 Protecting memory [0x00007fc046cba000,0x00007fc046cbe000] with protection modes 0
Event: 0.023 Thread 0x00007fc040028da0 Thread added: 0x00007fc040028da0
Event: 0.041 Thread 0x00007fc040176840 Thread added: 0x00007fc040176840
Event: 0.041 Protecting memory [0x00007fc015b7c000,0x00007fc015b80000] with protection modes 0
Event: 0.042 Thread 0x00007fc040177e90 Thread added: 0x00007fc040177e90
Event: 0.042 Protecting memory [0x00007fc015700000,0x00007fc015704000] with protection modes 0
Event: 0.042 Thread 0x00007fc040179a90 Thread added: 0x00007fc040179a90
Event: 0.042 Protecting memory [0x00007fc0155ff000,0x00007fc015603000] with protection modes 0
Event: 0.042 Thread 0x00007fc04017b0d0 Thread added: 0x00007fc04017b0d0
Event: 0.042 Protecting memory [0x00007fc0154fe000,0x00007fc015502000] with protection modes 0
Event: 0.043 Thread 0x00007fc04017c670 Thread added: 0x00007fc04017c670
Event: 0.043 Protecting memory [0x00007fc0153fd000,0x00007fc015401000] with protection modes 0
Event: 0.043 Thread 0x00007fc04017e190 Thread added: 0x00007fc04017e190
Event: 0.043 Protecting memory [0x00007fc0152fc000,0x00007fc015300000] with protection modes 0
Event: 0.043 Thread 0x00007fc04017f8a0 Thread added: 0x00007fc04017f8a0
Event: 0.043 Protecting memory [0x00007fc0151fb000,0x00007fc0151ff000] with protection modes 0


Dynamic libraries:
70b000000-71a600000 rw-p 00000000 00:00 0 
71a600000-7ffe00000 ---p 00000000 00:00 0 
7ffe00000-7fff09000 rw-p 00cb8000 08:03 4906549                          /usr/lib/jvm/jdk-22-oracle-x64/lib/server/classes.jsa
7fff09000-800000000 rw-p 00000000 00:00 0 
55fbe3b95000-55fbe3b96000 r-xp 00000000 08:03 4474286                    /usr/lib/jvm/jdk-22-oracle-x64/bin/java
55fbe3b97000-55fbe3b98000 r--p 00001000 08:03 4474286                    /usr/lib/jvm/jdk-22-oracle-x64/bin/java
55fbe3b98000-55fbe3b99000 rw-p 00002000 08:03 4474286                    /usr/lib/jvm/jdk-22-oracle-x64/bin/java
55fbe3c23000-55fbe3c6a000 rw-p 00000000 00:00 0                          [heap]
7fbf9c000000-7fbf9c021000 rw-p 00000000 00:00 0 
7fbf9c021000-7fbfa0000000 ---p 00000000 00:00 0 
7fbfa4000000-7fbfa4021000 rw-p 00000000 00:00 0 
7fbfa4021000-7fbfa8000000 ---p 00000000 00:00 0 
7fbfa8000000-7fbfa8067000 rw-p 00000000 00:00 0 
7fbfa8067000-7fbfac000000 ---p 00000000 00:00 0 
7fbfac000000-7fbfac021000 rw-p 00000000 00:00 0 
7fbfac021000-7fbfb0000000 ---p 00000000 00:00 0 
7fbfb0000000-7fbfb0021000 rw-p 00000000 00:00 0 
7fbfb0021000-7fbfb4000000 ---p 00000000 00:00 0 
7fbfb4000000-7fbfb4021000 rw-p 00000000 00:00 0 
7fbfb4021000-7fbfb8000000 ---p 00000000 00:00 0 
7fbfb8000000-7fbfb8021000 rw-p 00000000 00:00 0 
7fbfb8021000-7fbfbc000000 ---p 00000000 00:00 0 
7fbfbc000000-7fbfbc021000 rw-p 00000000 00:00 0 
7fbfbc021000-7fbfc0000000 ---p 00000000 00:00 0 
7fbfc2000000-7fbfc2010000 rw-p 00000000 00:00 0 
7fbfc2010000-7fbfc6000000 ---p 00000000 00:00 0 
7fbfc6000000-7fbfc6c79000 rw-p 00001000 08:03 4906549                    /usr/lib/jvm/jdk-22-oracle-x64/lib/server/classes.jsa
7fbfc6c79000-7fbfc7040000 ---p 00000000 00:00 0 
7fbfc7040000-7fbfc7050000 rw-p 00000000 00:00 0 
7fbfc7050000-7fc007000000 ---p 00000000 00:00 0 
7fc008000000-7fc008021000 rw-p 00000000 00:00 0 
7fc008021000-7fc00c000000 ---p 00000000 00:00 0 
7fc00c000000-7fc00c021000 rw-p 00000000 00:00 0 
7fc00c021000-7fc010000000 ---p 00000000 00:00 0 
7fc010000000-7fc010021000 rw-p 00000000 00:00 0 
7fc010021000-7fc014000000 ---p 00000000 00:00 0 
7fc014cf1000-7fc01512a000 rw-p 00000000 00:00 0 
7fc01512a000-7fc0151f8000 r-xp 00000000 08:03 4906522                    /usr/lib/jvm/jdk-22-oracle-x64/lib/libjsvml.so
7fc0151f8000-7fc0151f9000 r--p 000cd000 08:03 4906522                    /usr/lib/jvm/jdk-22-oracle-x64/lib/libjsvml.so
7fc0151f9000-7fc0151fa000 rw-p 000ce000 08:03 4906522                    /usr/lib/jvm/jdk-22-oracle-x64/lib/libjsvml.so
7fc0151fa000-7fc0151fb000 ---p 00000000 00:00 0 
7fc0151fb000-7fc0151ff000 ---p 00000000 00:00 0 
7fc0151ff000-7fc0152fb000 rw-p 00000000 00:00 0 
7fc0152fb000-7fc0152fc000 ---p 00000000 00:00 0 
7fc0152fc000-7fc015300000 ---p 00000000 00:00 0 
7fc015300000-7fc0153fc000 rw-p 00000000 00:00 0 
7fc0153fc000-7fc0153fd000 ---p 00000000 00:00 0 
7fc0153fd000-7fc015401000 ---p 00000000 00:00 0 
7fc015401000-7fc0154fd000 rw-p 00000000 00:00 0 
7fc0154fd000-7fc0154fe000 ---p 00000000 00:00 0 
7fc0154fe000-7fc015502000 ---p 00000000 00:00 0 
7fc015502000-7fc0155fe000 rw-p 00000000 00:00 0 
7fc0155fe000-7fc0155ff000 ---p 00000000 00:00 0 
7fc0155ff000-7fc015603000 ---p 00000000 00:00 0 
7fc015603000-7fc0156ff000 rw-p 00000000 00:00 0 
7fc0156ff000-7fc015700000 ---p 00000000 00:00 0 
7fc015700000-7fc015704000 ---p 00000000 00:00 0 
7fc015704000-7fc015800000 rw-p 00000000 00:00 0 
7fc015800000-7fc015ae9000 r--p 00000000 08:03 4196395                    /usr/lib/locale/locale-archive
7fc015b7b000-7fc015b7c000 ---p 00000000 00:00 0 
7fc015b7c000-7fc015b80000 ---p 00000000 00:00 0 
7fc015b80000-7fc015c7c000 rw-p 00000000 00:00 0 
7fc015c7c000-7fc015c7d000 ---p 00000000 00:00 0 
7fc015c7d000-7fc015d7d000 rw-p 00000000 00:00 0 
7fc015d7d000-7fc015d7e000 ---p 00000000 00:00 0 
7fc015d7e000-7fc015eff000 rw-p 00000000 00:00 0 
7fc015eff000-7fc015f00000 ---p 00000000 00:00 0 
7fc015f00000-7fc018000000 rw-p 00000000 00:00 0 
7fc018000000-7fc018021000 rw-p 00000000 00:00 0 
7fc018021000-7fc01c000000 ---p 00000000 00:00 0 
7fc01c000000-7fc01c021000 rw-p 00000000 00:00 0 
7fc01c021000-7fc020000000 ---p 00000000 00:00 0 
7fc020000000-7fc020021000 rw-p 00000000 00:00 0 
7fc020021000-7fc024000000 ---p 00000000 00:00 0 
7fc024011000-7fc024012000 ---p 00000000 00:00 0 
7fc024012000-7fc024af0000 rw-p 00000000 00:00 0 
7fc024af0000-7fc028450000 ---p 00000000 00:00 0 
7fc028450000-7fc0284d3000 rw-p 00000000 00:00 0 
7fc0284d3000-7fc028bff000 ---p 00000000 00:00 0 
7fc028bff000-7fc028c00000 rw-p 00000000 00:00 0 
7fc028c00000-7fc028e70000 rwxp 00000000 00:00 0 
7fc028e70000-7fc030137000 ---p 00000000 00:00 0 
7fc030137000-7fc0303a7000 rwxp 00000000 00:00 0 
7fc0303a7000-7fc0306c9000 ---p 00000000 00:00 0 
7fc0306c9000-7fc030939000 rwxp 00000000 00:00 0 
7fc030939000-7fc037c00000 ---p 00000000 00:00 0 
7fc037c00000-7fc03ffb9000 r--s 00000000 08:03 4906540                    /usr/lib/jvm/jdk-22-oracle-x64/lib/modules
7fc040000000-7fc040192000 rw-p 00000000 00:00 0 
7fc040192000-7fc044000000 ---p 00000000 00:00 0 
7fc044009000-7fc0442a7000 rw-p 00000000 00:00 0 
7fc0442a7000-7fc0442a8000 ---p 00000000 00:00 0 
7fc0442a8000-7fc0443a8000 rw-p 00000000 00:00 0 
7fc0443a8000-7fc0443a9000 ---p 00000000 00:00 0 
7fc0443a9000-7fc0444a9000 rw-p 00000000 00:00 0 
7fc0444a9000-7fc0444aa000 ---p 00000000 00:00 0 
7fc0444aa000-7fc0446a4000 rw-p 00000000 00:00 0 
7fc0446a4000-7fc044dd0000 ---p 00000000 00:00 0 
7fc044dd0000-7fc0455de000 rw-p 00000000 00:00 0 
7fc0455de000-7fc0456c4000 ---p 00000000 00:00 0 
7fc0456c4000-7fc0456c9000 rw-p 00000000 00:00 0 
7fc0456c9000-7fc0457af000 ---p 00000000 00:00 0 
7fc0457af000-7fc0457b4000 rw-p 00000000 00:00 0 
7fc0457b4000-7fc0457bb000 ---p 00000000 00:00 0 
7fc0457bb000-7fc0457db000 r-xp 00000000 08:03 4906514                    /usr/lib/jvm/jdk-22-oracle-x64/lib/libjava.so
7fc0457db000-7fc0457dc000 ---p 00020000 08:03 4906514                    /usr/lib/jvm/jdk-22-oracle-x64/lib/libjava.so
7fc0457dc000-7fc0457dd000 r--p 00020000 08:03 4906514                    /usr/lib/jvm/jdk-22-oracle-x64/lib/libjava.so
7fc0457dd000-7fc0457de000 rw-p 00021000 08:03 4906514                    /usr/lib/jvm/jdk-22-oracle-x64/lib/libjava.so
7fc0457de000-7fc0457df000 rw-p 00000000 00:00 0 
7fc0457df000-7fc0457fd000 r-xp 00000000 08:03 4906518                    /usr/lib/jvm/jdk-22-oracle-x64/lib/libjimage.so
7fc0457fd000-7fc0457ff000 r--p 0001d000 08:03 4906518                    /usr/lib/jvm/jdk-22-oracle-x64/lib/libjimage.so
7fc0457ff000-7fc045800000 rw-p 0001f000 08:03 4906518                    /usr/lib/jvm/jdk-22-oracle-x64/lib/libjimage.so
7fc045800000-7fc046b40000 r-xp 00000000 08:03 4906552                    /usr/lib/jvm/jdk-22-oracle-x64/lib/server/libjvm.so
7fc046b40000-7fc046c0d000 r--p 0133f000 08:03 4906552                    /usr/lib/jvm/jdk-22-oracle-x64/lib/server/libjvm.so
7fc046c0d000-7fc046c3b000 rw-p 0140c000 08:03 4906552                    /usr/lib/jvm/jdk-22-oracle-x64/lib/server/libjvm.so
7fc046c3b000-7fc046cb1000 rw-p 00000000 00:00 0 
7fc046cba000-7fc046cbe000 ---p 00000000 00:00 0 
7fc046cbe000-7fc046dba000 rw-p 00000000 00:00 0 
7fc046dba000-7fc046dca000 r--p 00000000 08:03 4196918                    /usr/lib/x86_64-linux-gnu/libm.so.6
7fc046dca000-7fc046e3d000 r-xp 00010000 08:03 4196918                    /usr/lib/x86_64-linux-gnu/libm.so.6
7fc046e3d000-7fc046e97000 r--p 00083000 08:03 4196918                    /usr/lib/x86_64-linux-gnu/libm.so.6
7fc046e97000-7fc046e98000 r--p 000dc000 08:03 4196918                    /usr/lib/x86_64-linux-gnu/libm.so.6
7fc046e98000-7fc046e99000 rw-p 000dd000 08:03 4196918                    /usr/lib/x86_64-linux-gnu/libm.so.6
7fc046e99000-7fc046e9a000 r--p 00000000 08:03 4196929                    /usr/lib/x86_64-linux-gnu/librt.so.1
7fc046e9a000-7fc046e9b000 r-xp 00001000 08:03 4196929                    /usr/lib/x86_64-linux-gnu/librt.so.1
7fc046e9b000-7fc046e9c000 r--p 00002000 08:03 4196929                    /usr/lib/x86_64-linux-gnu/librt.so.1
7fc046e9c000-7fc046e9d000 r--p 00002000 08:03 4196929                    /usr/lib/x86_64-linux-gnu/librt.so.1
7fc046e9d000-7fc046e9e000 rw-p 00003000 08:03 4196929                    /usr/lib/x86_64-linux-gnu/librt.so.1
7fc046e9e000-7fc046ea2000 rw-p 00000000 00:00 0 
7fc046ea2000-7fc046ec8000 r--p 00000000 08:03 4196915                    /usr/lib/x86_64-linux-gnu/libc.so.6
7fc046ec8000-7fc04701d000 r-xp 00026000 08:03 4196915                    /usr/lib/x86_64-linux-gnu/libc.so.6
7fc04701d000-7fc047070000 r--p 0017b000 08:03 4196915                    /usr/lib/x86_64-linux-gnu/libc.so.6
7fc047070000-7fc047074000 r--p 001ce000 08:03 4196915                    /usr/lib/x86_64-linux-gnu/libc.so.6
7fc047074000-7fc047076000 rw-p 001d2000 08:03 4196915                    /usr/lib/x86_64-linux-gnu/libc.so.6
7fc047076000-7fc047083000 rw-p 00000000 00:00 0 
7fc047083000-7fc047084000 r--p 00000000 08:03 4196917                    /usr/lib/x86_64-linux-gnu/libdl.so.2
7fc047084000-7fc047085000 r-xp 00001000 08:03 4196917                    /usr/lib/x86_64-linux-gnu/libdl.so.2
7fc047085000-7fc047086000 r--p 00002000 08:03 4196917                    /usr/lib/x86_64-linux-gnu/libdl.so.2
7fc047086000-7fc047087000 r--p 00002000 08:03 4196917                    /usr/lib/x86_64-linux-gnu/libdl.so.2
7fc047087000-7fc047088000 rw-p 00003000 08:03 4196917                    /usr/lib/x86_64-linux-gnu/libdl.so.2
7fc047088000-7fc047089000 r--p 00000000 08:03 4196927                    /usr/lib/x86_64-linux-gnu/libpthread.so.0
7fc047089000-7fc04708a000 r-xp 00001000 08:03 4196927                    /usr/lib/x86_64-linux-gnu/libpthread.so.0
7fc04708a000-7fc04708b000 r--p 00002000 08:03 4196927                    /usr/lib/x86_64-linux-gnu/libpthread.so.0
7fc04708b000-7fc04708c000 r--p 00002000 08:03 4196927                    /usr/lib/x86_64-linux-gnu/libpthread.so.0
7fc04708c000-7fc04708d000 rw-p 00003000 08:03 4196927                    /usr/lib/x86_64-linux-gnu/libpthread.so.0
7fc04708d000-7fc04709c000 r-xp 00000000 08:03 4906519                    /usr/lib/jvm/jdk-22-oracle-x64/lib/libjli.so
7fc04709c000-7fc04709d000 r--p 0000e000 08:03 4906519                    /usr/lib/jvm/jdk-22-oracle-x64/lib/libjli.so
7fc04709d000-7fc04709e000 rw-p 0000f000 08:03 4906519                    /usr/lib/jvm/jdk-22-oracle-x64/lib/libjli.so
7fc04709e000-7fc0470a1000 r--p 00000000 08:03 4221567                    /usr/lib/x86_64-linux-gnu/libz.so.1.2.13
7fc0470a1000-7fc0470b4000 r-xp 00003000 08:03 4221567                    /usr/lib/x86_64-linux-gnu/libz.so.1.2.13
7fc0470b4000-7fc0470bb000 r--p 00016000 08:03 4221567                    /usr/lib/x86_64-linux-gnu/libz.so.1.2.13
7fc0470bb000-7fc0470bc000 r--p 0001c000 08:03 4221567                    /usr/lib/x86_64-linux-gnu/libz.so.1.2.13
7fc0470bc000-7fc0470bd000 rw-p 0001d000 08:03 4221567                    /usr/lib/x86_64-linux-gnu/libz.so.1.2.13
7fc0470be000-7fc0470c5000 r--s 00000000 08:03 4198107                    /usr/lib/x86_64-linux-gnu/gconv/gconv-modules.cache
7fc0470c5000-7fc0470cd000 rw-s 00000000 08:03 4474372                    /tmp/hsperfdata_khalidmarzoug/19422
7fc0470cd000-7fc0470ce000 ---p 00000000 00:00 0 
7fc0470ce000-7fc0470cf000 r--p 00000000 00:00 0 
7fc0470cf000-7fc0470d0000 ---p 00000000 00:00 0 
7fc0470d0000-7fc0470d2000 rw-p 00000000 00:00 0 
7fc0470d2000-7fc0470d3000 r--p 00000000 08:03 4196912                    /usr/lib/x86_64-linux-gnu/ld-linux-x86-64.so.2
7fc0470d3000-7fc0470f8000 r-xp 00001000 08:03 4196912                    /usr/lib/x86_64-linux-gnu/ld-linux-x86-64.so.2
7fc0470f8000-7fc047102000 r--p 00026000 08:03 4196912                    /usr/lib/x86_64-linux-gnu/ld-linux-x86-64.so.2
7fc047102000-7fc047104000 r--p 00030000 08:03 4196912                    /usr/lib/x86_64-linux-gnu/ld-linux-x86-64.so.2
7fc047104000-7fc047106000 rw-p 00032000 08:03 4196912                    /usr/lib/x86_64-linux-gnu/ld-linux-x86-64.so.2
7fff793bc000-7fff793dd000 rw-p 00000000 00:00 0                          [stack]
7fff793e9000-7fff793ed000 r--p 00000000 00:00 0                          [vvar]
7fff793ed000-7fff793ef000 r-xp 00000000 00:00 0                          [vdso]
Total number of mappings: 166


VM Arguments:
jvm_args: --enable-preview -XX:+ShowCodeDetailsInExceptionMessages 
java_command: MyArrayListExample
java_class_path (initial): /home/khalidmarzoug/Documents/learnJAVA/firstApp/bin
Launcher Type: SUN_STANDARD

[Global flags]
     intx CICompilerCount                          = 4                                         {product} {ergonomic}
     uint ConcGCThreads                            = 2                                         {product} {ergonomic}
     uint G1ConcRefinementThreads                  = 8                                         {product} {ergonomic}
   size_t G1HeapRegionSize                         = 2097152                                   {product} {ergonomic}
   size_t InitialHeapSize                          = 257949696                                 {product} {ergonomic}
   size_t MarkStackSize                            = 4194304                                   {product} {ergonomic}
   size_t MaxHeapSize                              = 4110417920                                {product} {ergonomic}
   size_t MaxNewSize                               = 2466250752                                {product} {ergonomic}
   size_t MinHeapDeltaBytes                        = 2097152                                   {product} {ergonomic}
   size_t MinHeapSize                              = 8388608                                   {product} {ergonomic}
    uintx NonNMethodCodeHeapSize                   = 5839372                                {pd product} {ergonomic}
    uintx NonProfiledCodeHeapSize                  = 122909434                              {pd product} {ergonomic}
    uintx ProfiledCodeHeapSize                     = 122909434                              {pd product} {ergonomic}
    uintx ReservedCodeCacheSize                    = 251658240                              {pd product} {ergonomic}
     bool SegmentedCodeCache                       = true                                      {product} {ergonomic}
     bool ShowCodeDetailsInExceptionMessages       = true                                   {manageable} {command line}
   size_t SoftMaxHeapSize                          = 4110417920                             {manageable} {ergonomic}
     bool UseCompressedOops                        = true                           {product lp64_product} {ergonomic}
     bool UseG1GC                                  = true                                      {product} {ergonomic}

Logging:
Log output configuration:
 #0: stdout all=warning uptime,level,tags foldmultilines=false
 #1: stderr all=off uptime,level,tags foldmultilines=false

Environment Variables:
JAVA_HOME=/usr/lib/jvm/jdk-22-oracle-x64/
PATH=/usr/local/bin:/usr/bin:/bin:/usr/local/games:/usr/games:/usr/local/sbin:/usr/sbin:/sbin
SHELL=/bin/bash
DISPLAY=:0
LANG=en_US.UTF-8
TERM=xterm-256color

Active Locale:
LC_ALL=en_US.UTF-8
LC_COLLATE=en_US.UTF-8
LC_CTYPE=en_US.UTF-8
LC_MESSAGES=en_US.UTF-8
LC_MONETARY=en_US.UTF-8
LC_NUMERIC=en_US.UTF-8
LC_TIME=en_US.UTF-8

Signal Handlers:
   SIGSEGV: crash_handler in libjvm.so, mask=11100100010111111101111111111110, flags=SA_RESTART|SA_SIGINFO, unblocked
    SIGBUS: crash_handler in libjvm.so, mask=11100100010111111101111111111110, flags=SA_RESTART|SA_SIGINFO, unblocked
    SIGFPE: crash_handler in libjvm.so, mask=11100100010111111101111111111110, flags=SA_RESTART|SA_SIGINFO, unblocked
   SIGPIPE: javaSignalHandler in libjvm.so, mask=11100100010111111101111111111110, flags=SA_RESTART|SA_SIGINFO, blocked
   SIGXFSZ: javaSignalHandler in libjvm.so, mask=11100100010111111101111111111110, flags=SA_RESTART|SA_SIGINFO, blocked
    SIGILL: crash_handler in libjvm.so, mask=11100100010111111101111111111110, flags=SA_RESTART|SA_SIGINFO, unblocked
   SIGUSR2: SR_handler in libjvm.so, mask=00000000000000000000000000000000, flags=SA_RESTART|SA_SIGINFO, blocked
    SIGHUP: UserHandler in libjvm.so, mask=11100100010111111101111111111110, flags=SA_RESTART|SA_SIGINFO, blocked
    SIGINT: UserHandler in libjvm.so, mask=11100100010111111101111111111110, flags=SA_RESTART|SA_SIGINFO, blocked
   SIGTERM: UserHandler in libjvm.so, mask=11100100010111111101111111111110, flags=SA_RESTART|SA_SIGINFO, blocked
   SIGQUIT: UserHandler in libjvm.so, mask=11100100010111111101111111111110, flags=SA_RESTART|SA_SIGINFO, blocked
   SIGTRAP: crash_handler in libjvm.so, mask=11100100010111111101111111111110, flags=SA_RESTART|SA_SIGINFO, unblocked


Periodic native trim disabled

---------------  S Y S T E M  ---------------

OS:
PRETTY_NAME="LMDE 6 (faye)"
NAME="LMDE"
VERSION_ID="6"
VERSION="6 (faye)"
VERSION_CODENAME=faye
ID=linuxmint
HOME_URL="https://www.linuxmint.com/"
SUPPORT_URL="https://forums.linuxmint.com/"
BUG_REPORT_URL="http://linuxmint-troubleshooting-guide.readthedocs.io/en/latest/"
PRIVACY_POLICY_URL="https://www.linuxmint.com/"
ID_LIKE=debian
DEBIAN_CODENAME=bookworm
uname: Linux 6.1.0-22-amd64 #1 SMP PREEMPT_DYNAMIC Debian 6.1.94-1 (2024-06-21) x86_64
OS uptime: 0 days 0:48 hours
libc: glibc 2.36 NPTL 2.36 
rlimit (soft/hard): STACK 8192k/infinity , CORE 0k/infinity , NPROC 62353/62353 , NOFILE 1048576/1048576 , AS infinity/infinity , CPU infinity/infinity , DATA infinity/infinity , FSIZE infinity/infinity , MEMLOCK 2006172k/2006172k
load average: 0.68 0.59 0.70

/proc/meminfo:
MemTotal:       16049376 kB
MemFree:         9457604 kB
MemAvailable:   11325344 kB
Buffers:          134540 kB
Cached:          2456652 kB
SwapCached:            0 kB
Active:           887580 kB
Inactive:        4903788 kB
Active(anon):      14252 kB
Inactive(anon):  3703956 kB
Active(file):     873328 kB
Inactive(file):  1199832 kB
Unevictable:      404360 kB
Mlocked:             200 kB
SwapTotal:       8593404 kB
SwapFree:        8593404 kB
Zswap:                 0 kB
Zswapped:              0 kB
Dirty:             22812 kB
Writeback:             0 kB
AnonPages:       3562220 kB
Mapped:           855584 kB
Shmem:            518032 kB
KReclaimable:     103192 kB
Slab:             213496 kB
SReclaimable:     103192 kB
SUnreclaim:       110304 kB
KernelStack:       17044 kB
PageTables:        44068 kB
SecPageTables:         0 kB
NFS_Unstable:          0 kB
Bounce:                0 kB
WritebackTmp:          0 kB
CommitLimit:    16618092 kB
Committed_AS:   18741772 kB
VmallocTotal:   34359738367 kB
VmallocUsed:       52960 kB
VmallocChunk:          0 kB
Percpu:             6176 kB
HardwareCorrupted:     0 kB
AnonHugePages:   1157120 kB
ShmemHugePages:   325632 kB
ShmemPmdMapped:        0 kB
FileHugePages:         0 kB
FilePmdMapped:         0 kB
HugePages_Total:       0
HugePages_Free:        0
HugePages_Rsvd:        0
HugePages_Surp:        0
Hugepagesize:       2048 kB
Hugetlb:               0 kB
DirectMap4k:      245592 kB
DirectMap2M:     5718016 kB
DirectMap1G:    10485760 kB

/sys/kernel/mm/transparent_hugepage/enabled: [always] madvise never
/sys/kernel/mm/transparent_hugepage/hpage_pmd_size: 2097152
/sys/kernel/mm/transparent_hugepage/shmem_enabled: always within_size advise [never] deny force
/sys/kernel/mm/transparent_hugepage/defrag (defrag/compaction efforts parameter): always defer defer+madvise [madvise] never

Process Memory:
Virtual Size: 6688292K (peak: 6748644K)
Resident Set Size: 44128K (peak: 44128K) (anon: 25308K, file: 18820K, shmem: 0K)
Swapped out: 0K
C-Heap outstanding allocations: 24170K, retained: 1777K
glibc malloc tunables: (default)

/proc/sys/kernel/threads-max (system-wide limit on the number of threads): 124707
/proc/sys/vm/max_map_count (maximum number of memory map areas a process may have): 65530
/proc/sys/kernel/pid_max (system-wide limit on number of process identifiers): 4194304

container (cgroup) information:
container_type: cgroupv2
cpu_cpuset_cpus: not supported
cpu_memory_nodes: not supported
active_processor_count: 8
cpu_quota: not supported
cpu_period: not supported
cpu_shares: not supported
memory_limit_in_bytes: unlimited
memory_and_swap_limit_in_bytes: unlimited
memory_soft_limit_in_bytes: unlimited
memory_usage_in_bytes: 1921236 k
memory_max_usage_in_bytes: not supported
memory_swap_current_in_bytes: unlimited
memory_swap_max_limit_in_bytes: unlimited
maximum number of tasks: 18706
current number of tasks: 239

Steal ticks since vm start: 0
Steal ticks percentage since vm start:  0.000

CPU: total 8 (initial active 8) (4 cores per cpu, 2 threads per core) family 6 model 142 stepping 12 microcode 0xfa, cx8, cmov, fxsr, ht, mmx, 3dnowpref, sse, sse2, sse3, ssse3, sse4.1, sse4.2, popcnt, lzcnt, tsc, tscinvbit, avx, avx2, aes, erms, clmul, bmi1, bmi2, rtm, adx, fma, vzeroupper, clflush, clflushopt, rdtscp, f16c
CPU Model and flags from /proc/cpuinfo:
model name	: Intel(R) Core(TM) i5-8365U CPU @ 1.60GHz
flags		: fpu vme de pse tsc msr pae mce cx8 apic sep mtrr pge mca cmov pat pse36 clflush dts acpi mmx fxsr sse sse2 ss ht tm pbe syscall nx pdpe1gb rdtscp lm constant_tsc art arch_perfmon pebs bts rep_good nopl xtopology nonstop_tsc cpuid aperfmperf pni pclmulqdq dtes64 monitor ds_cpl vmx smx est tm2 ssse3 sdbg fma cx16 xtpr pdcm pcid sse4_1 sse4_2 x2apic movbe popcnt tsc_deadline_timer aes xsave avx f16c rdrand lahf_lm abm 3dnowprefetch cpuid_fault epb invpcid_single ssbd ibrs ibpb stibp ibrs_enhanced tpr_shadow vnmi flexpriority ept vpid ept_ad fsgsbase tsc_adjust sgx bmi1 avx2 smep bmi2 erms invpcid mpx rdseed adx smap clflushopt intel_pt xsaveopt xsavec xgetbv1 xsaves dtherm ida arat pln pts hwp hwp_notify hwp_act_window hwp_epp md_clear flush_l1d arch_capabilities

Online cpus: 0-7
Offline cpus: 
BIOS frequency limitation: <Not Available>
Frequency switch latency (ns): 0
Available cpu frequencies: <Not Available>
Current governor: powersave
Core performance/turbo boost: <Not Available>

Memory: 4k page, physical 16049376k(11325344k free), swap 8593404k(8593404k free)
Page Sizes: 4k

vm_info: Java HotSpot(TM) 64-Bit Server VM (22.0.1+8-16) for linux-amd64 JRE (22.0.1+8-16), built on 2024-03-12T10:33:16Z by "mach5one" with gcc 13.2.0

END.
