#
# A fatal error has been detected by the Java Runtime Environment:
#
#  SIGSEGV (0xb) at pc=0x00007ffa698637e9, pid=18986, tid=18987
#
# JRE version: Java(TM) SE Runtime Environment (22.0.1+8) (build 22.0.1+8-16)
# Java VM: Java HotSpot(TM) 64-Bit Server VM (22.0.1+8-16, mixed mode, sharing, tiered, compressed oops, compressed class ptrs, g1 gc, linux-amd64)
# Problematic frame:
# V  [libjvm.so+0xe637e9]  Symbol::as_C_string() const+0x9
#
# Core dump will be written. Default location: Core dumps may be processed with "/lib/systemd/systemd-coredump %P %u %g %s %t 9223372036854775808 %h" (or dumping to /home/khalidmarzoug/Documents/learnJAVA/firstApp/core.18986)
#
# If you would like to submit a bug report, please visit:
#   https://bugreport.java.com/bugreport/crash.jsp
#

---------------  S U M M A R Y ------------

Command Line: --enable-preview -XX:+ShowCodeDetailsInExceptionMessages ArrayListClass

Host: Intel(R) Core(TM) i5-8365U CPU @ 1.60GHz, 8 cores, 15G, LMDE 6 (faye)
Time: Sat Jul 13 09:20:03 2024 +01 elapsed time: 0.059539 seconds (0d 0h 0m 0s)

---------------  T H R E A D  ---------------

Current thread (0x00007ffa64028da0):  JavaThread "main"             [_thread_in_vm, id=18987, stack(0x00007ffa68821000,0x00007ffa68921000) (1024K)]

Stack: [0x00007ffa68821000,0x00007ffa68921000],  sp=0x00007ffa6891e800,  free space=1014k
Native frames: (J=compiled Java code, j=interpreted, Vv=VM code, C=native code)
V  [libjvm.so+0xe637e9]  Symbol::as_C_string() const+0x9
V  [libjvm.so+0xc6801a]  Method::print_external_name(outputStream*, Klass*, Symbol*, Symbol*)+0x2a
V  [libjvm.so+0xb7174c]  LinkResolver::resolve_method(LinkInfo const&, Bytecodes::Code, JavaThread*)+0x18c
V  [libjvm.so+0xb75c1e]  LinkResolver::resolve_static_call(CallInfo&, LinkInfo const&, bool, JavaThread*)+0x4e
V  [libjvm.so+0xb764bb]  LinkResolver::resolve_invoke(CallInfo&, Handle, constantPoolHandle const&, int, Bytecodes::Code, JavaThread*)+0x16b
V  [libjvm.so+0x8eb3a7]  InterpreterRuntime::resolve_invoke(JavaThread*, Bytecodes::Code)+0x1b7
V  [libjvm.so+0x8eb9a7]  InterpreterRuntime::resolve_from_cache(JavaThread*, Bytecodes::Code)+0x37
j  sun.net.util.IPAddressUtil.checkExternalForm(Ljava/net/URL;)Ljava/lang/String;+20 java.base@22.0.1
j  java.net.URL.<init>(Ljava/lang/String;Ljava/lang/String;ILjava/lang/String;Ljava/net/URLStreamHandler;)V+373 java.base@22.0.1
j  java.net.URL.<init>(Ljava/lang/String;Ljava/lang/String;ILjava/lang/String;)V+7 java.base@22.0.1
j  java.net.URL.<init>(Ljava/lang/String;Ljava/lang/String;Ljava/lang/String;)V+5 java.base@22.0.1
j  sun.net.www.ParseUtil.fileToEncodedURL(Ljava/io/File;)Ljava/net/URL;+84 java.base@22.0.1
j  jdk.internal.loader.URLClassPath.toFileURL(Ljava/lang/String;)Ljava/net/URL;+13 java.base@22.0.1
j  jdk.internal.loader.URLClassPath.<init>(Ljava/lang/String;Z)V+96 java.base@22.0.1
j  jdk.internal.loader.ClassLoaders.<clinit>()V+144 java.base@22.0.1
v  ~StubRoutines::call_stub 0x00007ffa54137cc6
V  [libjvm.so+0x8f311b]  JavaCalls::call_helper(JavaValue*, methodHandle const&, JavaCallArguments*, JavaThread*)+0x2db
V  [libjvm.so+0x8ca3df]  InstanceKlass::call_class_initializer(JavaThread*)+0x2ef
V  [libjvm.so+0x8cb2e1]  InstanceKlass::initialize_impl(JavaThread*)+0x5b1
V  [libjvm.so+0xb75d42]  LinkResolver::resolve_static_call(CallInfo&, LinkInfo const&, bool, JavaThread*)+0x172
V  [libjvm.so+0xb764bb]  LinkResolver::resolve_invoke(CallInfo&, Handle, constantPoolHandle const&, int, Bytecodes::Code, JavaThread*)+0x16b
V  [libjvm.so+0x8eb3a7]  InterpreterRuntime::resolve_invoke(JavaThread*, Bytecodes::Code)+0x1b7
V  [libjvm.so+0x8eb9a7]  InterpreterRuntime::resolve_from_cache(JavaThread*, Bytecodes::Code)+0x37
j  jdk.internal.module.ModuleBootstrap.boot()Ljava/lang/ModuleLayer;+40 java.base@22.0.1
j  java.lang.System.initPhase2(ZZ)I+0 java.base@22.0.1
v  ~StubRoutines::call_stub 0x00007ffa54137cc6
V  [libjvm.so+0x8f311b]  JavaCalls::call_helper(JavaValue*, methodHandle const&, JavaCallArguments*, JavaThread*)+0x2db
V  [libjvm.so+0x8f359b]  JavaCalls::call_static(JavaValue*, Klass*, Symbol*, Symbol*, JavaCallArguments*, JavaThread*)+0x10b
V  [libjvm.so+0xec9b7c]  Threads::create_vm(JavaVMInitArgs*, bool*)+0x76c
V  [libjvm.so+0x99764e]  JNI_CreateJavaVM+0x4e
C  [libjli.so+0x3c2f]  JavaMain+0x8f
C  [libjli.so+0x7ee9]  ThreadJavaMain+0x9
Java frames: (J=compiled Java code, j=interpreted, Vv=VM code)
j  sun.net.util.IPAddressUtil.checkExternalForm(Ljava/net/URL;)Ljava/lang/String;+20 java.base@22.0.1
j  java.net.URL.<init>(Ljava/lang/String;Ljava/lang/String;ILjava/lang/String;Ljava/net/URLStreamHandler;)V+373 java.base@22.0.1
j  java.net.URL.<init>(Ljava/lang/String;Ljava/lang/String;ILjava/lang/String;)V+7 java.base@22.0.1
j  java.net.URL.<init>(Ljava/lang/String;Ljava/lang/String;Ljava/lang/String;)V+5 java.base@22.0.1
j  sun.net.www.ParseUtil.fileToEncodedURL(Ljava/io/File;)Ljava/net/URL;+84 java.base@22.0.1
j  jdk.internal.loader.URLClassPath.toFileURL(Ljava/lang/String;)Ljava/net/URL;+13 java.base@22.0.1
j  jdk.internal.loader.URLClassPath.<init>(Ljava/lang/String;Z)V+96 java.base@22.0.1
j  jdk.internal.loader.ClassLoaders.<clinit>()V+144 java.base@22.0.1
v  ~StubRoutines::call_stub 0x00007ffa54137cc6
j  jdk.internal.module.ModuleBootstrap.boot()Ljava/lang/ModuleLayer;+40 java.base@22.0.1
j  java.lang.System.initPhase2(ZZ)I+0 java.base@22.0.1
v  ~StubRoutines::call_stub 0x00007ffa54137cc6

siginfo: si_signo: 11 (SIGSEGV), si_code: 128 (SI_KERNEL), si_addr: 0x0000000000000000

Registers:
RAX=0x00007ffa69e8a1c0, RBX=0x00007ffa6891e8c0, RCX=0x0000000000000026, RDX=0x00007ff9ee44fe38
RSP=0x00007ffa6891e800, RBP=0x00007ffa6891e810, RSI=0x0000000000000000, RDI=0x000080f9ee4ee060
R8 =0x00007ffa6891e909, R9 =0x00007ffa6891e68c, R10=0x000000000000003b, R11=0x00007ffa640294b0
R12=0x00007ff9ee44fe38, R13=0x000080f9ee4ee060, R14=0x00007ff9ee12a0d8, R15=0x00007ffa6891e8a0
RIP=0x00007ffa698637e9, EFLAGS=0x0000000000010246, CSGSFS=0x002b000000000033, ERR=0x0000000000000000
  TRAPNO=0x000000000000000d


Register to memory mapping:

RAX=0x00007ffa69e8a1c0: <offset 0x000000000148a1c0> in /usr/lib/jvm/jdk-22-oracle-x64/lib/server/libjvm.so at 0x00007ffa68a00000
RBX=0x00007ffa6891e8c0 is pointing into the stack for thread: 0x00007ffa64028da0
RCX=0x0000000000000026 is an unknown value
RDX=0x00007ff9ee44fe38 is pointing into metadata
RSP=0x00007ffa6891e800 is pointing into the stack for thread: 0x00007ffa64028da0
RBP=0x00007ffa6891e810 is pointing into the stack for thread: 0x00007ffa64028da0
RSI=0x0 is null
RDI=0x000080f9ee4ee060 is an unknown value
R8 =0x00007ffa6891e909 is pointing into the stack for thread: 0x00007ffa64028da0
R9 =0x00007ffa6891e68c is pointing into the stack for thread: 0x00007ffa64028da0
R10=0x000000000000003b is an unknown value
R11=0x00007ffa640294b0 points into unknown readable memory: 0x0000000164000502 | 02 05 00 64 01 00 00 00
R12=0x00007ff9ee44fe38 is pointing into metadata
R13=0x000080f9ee4ee060 is an unknown value
R14=0x00007ff9ee12a0d8 is a pointer to class: 
sun.net.util.IPAddressUtil {0x00007ff9ee12a0d8}
 - instance size:     2
 - klass size:        64
 - access:            public synchronized 
 - flags:             rewritten is_shared_boot_class has_localvariable_table has_vanilla_constructor 
 - state:             fully_initialized
 - name:              'sun/net/util/IPAddressUtil'
 - super:             'java/lang/Object'
 - sub:               
 - arrays:            null
 - methods:           Array<T>(0x00007ff9ee7e8a70)
 - method ordering:   Array<T>(0x00007ff9ee7eab78)
 - default_methods:   Array<T>(0x0000000000000000)
 - local interfaces:  Array<T>(0x00007ff9ee5e5f50)
 - trans. interfaces: Array<T>(0x00007ff9ee5e5f50)
 - constants:         constant pool [649]/operands[28] {0x00007ff9ee7e71c8} for 'sun/net/util/IPAddressUtil' cache=0x00007ff9ee12a568
 - class loader data:  loader data: 0x00007ffa64140690 of 'bootstrap'
 - source file:       'IPAddressUtil.java'
 - class annotations:       Array<T>(0x0000000000000000)
 - class type annotations:  Array<T>(0x0000000000000000)
 - field annotations:       Array<T>(0x0000000000000000)
 - field type annotations:  Array<T>(0x0000000000000000)
 - inner classes:     Array<T>(0x00007ff9ee7e8a50)
 - nest members:     Array<T>(0x00007ff9ee7ead80)
 - permitted subclasses:     Array<T>(0x00007ff9ee5e5ed8)
 - java mirror:       a 'java/lang/Class'{0x00000007ffe942c0} = 'sun/net/util/IPAddressUtil'
 - vtable length      5  (start addr: 0x00007ff9ee12a2a0)
 - itable length      2 (start addr: 0x00007ff9ee12a2c8)
 - ---- static fields (32 words):
 - private static final 'INADDR4SZ' 'I' @336 
 - private static final 'INADDR16SZ' 'I' @340 
 - private static final 'INT16SZ' 'I' @344 
 - private static final 'cache' 'Ljava/util/concurrent/ConcurrentHashMap;' @112 
 - private static final 'L_IPV6_DELIMS' 'J' @128 
 - private static final 'H_IPV6_DELIMS' 'J' @136 
 - private static final 'L_GEN_DELIMS' 'J' @144 
 - private static final 'H_GEN_DELIMS' 'J' @152 
 - private static final 'L_AUTH_DELIMS' 'J' @160 
 - private static final 'H_AUTH_DELIMS' 'J' @168 
 - private static final 'L_COLON' 'J' @176 
 - private static final 'H_COLON' 'J' @184 
 - private static final 'L_SLASH' 'J' @192 
 - private static final 'H_SLASH' 'J' @200 
 - private static final 'L_BACKSLASH' 'J' @208 
 - private static final 'H_BACKSLASH' 'J' @216 
 - private static final 'L_NON_PRINTABLE' 'J' @224 
 - private static final 'H_NON_PRINTABLE' 'J' @232 
 - private static final 'L_EXCLUDE' 'J' @240 
 - private static final 'H_EXCLUDE' 'J' @248 
 - private static final 'L_EXCLUDED_DELIMS' 'J' @256 
 - private static final 'H_EXCLUDED_DELIMS' 'J' @264 
 - private static final 'L_UNWISE' 'J' @272 
 - private static final 'H_UNWISE' 'J' @280 
 - private static final 'L_FRAGMENT' 'J' @288 
 - private static final 'H_FRAGMENT' 'J' @296 
 - private static final 'L_QUERY' 'J' @304 
 - private static final 'H_QUERY' 'J' @312 
 - private static final 'OTHERS' '[C' @116 
 - private static final 'HEXADECIMAL' 'I' @348 
 - private static final 'DECIMAL' 'I' @352 
 - private static final 'OCTAL' 'I' @356 
 - private static final 'SUPPORTED_RADIXES' '[I' @120 
 - private static final 'CANT_PARSE_IN_RADIX' 'J' @320 
 - private static final 'TERMINAL_PARSE_ERROR' 'J' @328 
 - private static final 'ALLOW_AMBIGUOUS_IPADDRESS_LITERALS_SP' 'Ljava/lang/String;' @124 
 - private static final 'ALLOW_AMBIGUOUS_IPADDRESS_LITERALS_SP_VALUE' 'Z' @360 
 - static final synthetic '$assertionsDisabled' 'Z' @361 
 - ---- non-static fields (0 words):
 - non-static oop maps: 
R15=0x00007ffa6891e8a0 is pointing into the stack for thread: 0x00007ffa64028da0

Top of Stack: (sp=0x00007ffa6891e800)
0x00007ffa6891e800:   00007ffa6891e8c0 00007ff9ee44fe38
0x00007ffa6891e810:   00007ffa6891e840 00007ffa6966801a
0x00007ffa6891e820:   00007ffa64028da0 00007ff9ee12a0d8
0x00007ffa6891e830:   00007ffa6891eb30 00007ffa6891e8c0
0x00007ffa6891e840:   00007ffa6891e9c0 00007ffa6957174c
0x00007ffa6891e850:   00007ffa6403aad8 00000000000003d8
0x00007ffa6891e860:   00007ffa640294f0 00007ffa64029500
0x00007ffa6891e870:   00007ffa640294b0 00007ffa0000000b
0x00007ffa6891e880:   00007ffa640294f0 00007ffa64028da0
0x00007ffa6891e890:   00007ffa640298d8 0000000000000000
0x00007ffa6891e8a0:   0000000000000000 0000000000000000
0x00007ffa6891e8b0:   0000000000000000 00007ffa64028da0
0x00007ffa6891e8c0:   00007ffa69d541c8 0000001100000000
0x00007ffa6891e8d0:   0000000000000000 0000000000000000
0x00007ffa6891e8e0:   0000000000000000 0000000000000000
0x00007ffa6891e8f0:   00007ffa6891e909 0000000000000011
0x00007ffa6891e900:   0000000000000030 6c2e6176616a2700
0x00007ffa6891e910:   697274532e676e61 00007ff9ee00676e
0x00007ffa6891e920:   00007ffa6891e970 00007ffa692c8792
0x00007ffa6891e930:   00007ffa6891e980 a6c17c3d2db49a00
0x00007ffa6891e940:   00007ffa6891ea40 00007ffa6891eba0
0x00007ffa6891e950:   00000000000000b4 00007ff9ee01a440
0x00007ffa6891e960:   00007ff9ee450230 00007ffa6891eb00
0x00007ffa6891e970:   00007ffa6891eae0 00007ffa69572bb3
0x00007ffa6891e980:   00007ffa64028da0 a6c17c3d2db49a00
0x00007ffa6891e990:   00007ffa6891eaa0 00007ffa64028da0
0x00007ffa6891e9a0:   00007ffa6891ec70 0000000000000001
0x00007ffa6891e9b0:   00007ffa6891eb30 00007ffa64028da0
0x00007ffa6891e9c0:   00007ffa6891eb10 00007ffa69575c1e
0x00007ffa6891e9d0:   00007ffa6891ea00 00007ffa64028da0
0x00007ffa6891e9e0:   00007ff9ee12aff0 00007ffa64028da0
0x00007ffa6891e9f0:   00007ffa6891ec70 00007ffa6891ec70 

Instructions: (pc=0x00007ffa698637e9)
0x00007ffa698636e9:   89 c6 31 d2 c1 ee 04 48 c1 e6 04 0f 1f 40 00 f3
0x00007ffa698636f9:   0f 6f 44 17 06 0f 11 04 11 48 83 c2 10 48 39 d6
0x00007ffa69863709:   75 ed 89 c2 83 e2 f0 89 d6 39 d0 0f 84 af 00 00
0x00007ffa69863719:   00 41 89 c0 41 29 d0 45 8d 48 ff 41 83 f9 06 76
0x00007ffa69863729:   1b 4c 8b 4c 37 06 4c 89 0c 31 44 89 c6 83 e6 f8
0x00007ffa69863739:   01 f2 41 83 e0 07 0f 84 84 00 00 00 48 63 f2 44
0x00007ffa69863749:   0f b6 44 37 06 44 88 04 31 8d 72 01 39 f0 7e 70
0x00007ffa69863759:   48 63 f6 44 0f b6 44 37 06 44 88 04 31 8d 72 02
0x00007ffa69863769:   39 f0 7e 5c 48 63 f6 44 0f b6 44 37 06 44 88 04
0x00007ffa69863779:   31 8d 72 03 39 f0 7e 48 48 63 f6 44 0f b6 44 37
0x00007ffa69863789:   06 44 88 04 31 8d 72 04 39 f0 7e 34 48 63 f6 44
0x00007ffa69863799:   0f b6 44 37 06 44 88 04 31 8d 72 05 39 f0 7e 20
0x00007ffa698637a9:   48 63 f6 83 c2 06 44 0f b6 44 37 06 44 88 04 31
0x00007ffa698637b9:   39 d0 7e 0c 48 63 d2 0f b6 74 17 06 40 88 34 11
0x00007ffa698637c9:   48 63 d0 c6 04 11 00 e9 01 ff ff ff 31 f6 31 d2
0x00007ffa698637d9:   e9 4c ff ff ff 66 90 55 31 f6 48 89 e5 41 54 53
0x00007ffa698637e9:   44 0f b7 67 04 48 89 fb 41 8d 7c 24 01 48 63 ff
0x00007ffa698637f9:   e8 82 f6 f1 ff 48 89 c1 0f b7 43 04 44 39 e0 41
0x00007ffa69863809:   0f 4f c4 31 d2 85 c0 74 38 8d 50 ff 89 c7 83 fa
0x00007ffa69863819:   06 76 10 4c 8d 43 07 48 89 ce 4c 29 c6 48 83 fe
0x00007ffa69863829:   0e 77 34 48 63 d0 31 c0 0f 1f 80 00 00 00 00 0f
0x00007ffa69863839:   b6 74 03 06 40 88 34 01 48 83 c0 01 48 39 d0 75
0x00007ffa69863849:   ee c6 04 11 00 48 89 c8 5b 41 5c 5d c3 66 2e 0f
0x00007ffa69863859:   1f 84 00 00 00 00 00 83 fa 0e 0f 86 e1 00 00 00
0x00007ffa69863869:   89 c6 31 d2 c1 ee 04 48 c1 e6 04 0f 1f 40 00 f3
0x00007ffa69863879:   0f 6f 44 13 06 0f 11 04 11 48 83 c2 10 48 39 d6
0x00007ffa69863889:   75 ed 89 c2 83 e2 f0 89 d6 39 d0 0f 84 a1 00 00
0x00007ffa69863899:   00 89 c7 29 d7 44 8d 47 ff 41 83 f8 06 76 15 4c
0x00007ffa698638a9:   8b 44 33 06 4c 89 04 31 89 fe 83 e6 f8 01 f2 83
0x00007ffa698638b9:   e7 07 74 7e 48 63 f2 0f b6 7c 33 06 40 88 3c 31
0x00007ffa698638c9:   8d 72 01 39 f0 7e 6b 48 63 f6 0f b6 7c 33 06 40
0x00007ffa698638d9:   88 3c 31 8d 72 02 39 f0 7e 58 48 63 f6 0f b6 7c 


Stack slot to memory mapping:

stack at sp + 0 slots: 0x00007ffa6891e8c0 is pointing into the stack for thread: 0x00007ffa64028da0
stack at sp + 1 slots: 0x00007ff9ee44fe38 is pointing into metadata
stack at sp + 2 slots: 0x00007ffa6891e840 is pointing into the stack for thread: 0x00007ffa64028da0
stack at sp + 3 slots: 0x00007ffa6966801a: <offset 0x0000000000c6801a> in /usr/lib/jvm/jdk-22-oracle-x64/lib/server/libjvm.so at 0x00007ffa68a00000
stack at sp + 4 slots: 0x00007ffa64028da0 is a thread
stack at sp + 5 slots: 0x00007ff9ee12a0d8 is a pointer to class: 
sun.net.util.IPAddressUtil {0x00007ff9ee12a0d8}
 - instance size:     2
 - klass size:        64
 - access:            public synchronized 
 - flags:             rewritten is_shared_boot_class has_localvariable_table has_vanilla_constructor 
 - state:             fully_initialized
 - name:              'sun/net/util/IPAddressUtil'
 - super:             'java/lang/Object'
 - sub:               
 - arrays:            null
 - methods:           Array<T>(0x00007ff9ee7e8a70)
 - method ordering:   Array<T>(0x00007ff9ee7eab78)
 - default_methods:   Array<T>(0x0000000000000000)
 - local interfaces:  Array<T>(0x00007ff9ee5e5f50)
 - trans. interfaces: Array<T>(0x00007ff9ee5e5f50)
 - constants:         constant pool [649]/operands[28] {0x00007ff9ee7e71c8} for 'sun/net/util/IPAddressUtil' cache=0x00007ff9ee12a568
 - class loader data:  loader data: 0x00007ffa64140690 of 'bootstrap'
 - source file:       'IPAddressUtil.java'
 - class annotations:       Array<T>(0x0000000000000000)
 - class type annotations:  Array<T>(0x0000000000000000)
 - field annotations:       Array<T>(0x0000000000000000)
 - field type annotations:  Array<T>(0x0000000000000000)
 - inner classes:     Array<T>(0x00007ff9ee7e8a50)
 - nest members:     Array<T>(0x00007ff9ee7ead80)
 - permitted subclasses:     Array<T>(0x00007ff9ee5e5ed8)
 - java mirror:       a 'java/lang/Class'{0x00000007ffe942c0} = 'sun/net/util/IPAddressUtil'
 - vtable length      5  (start addr: 0x00007ff9ee12a2a0)
 - itable length      2 (start addr: 0x00007ff9ee12a2c8)
 - ---- static fields (32 words):
 - private static final 'INADDR4SZ' 'I' @336 
 - private static final 'INADDR16SZ' 'I' @340 
 - private static final 'INT16SZ' 'I' @344 
 - private static final 'cache' 'Ljava/util/concurrent/ConcurrentHashMap;' @112 
 - private static final 'L_IPV6_DELIMS' 'J' @128 
 - private static final 'H_IPV6_DELIMS' 'J' @136 
 - private static final 'L_GEN_DELIMS' 'J' @144 
 - private static final 'H_GEN_DELIMS' 'J' @152 
 - private static final 'L_AUTH_DELIMS' 'J' @160 
 - private static final 'H_AUTH_DELIMS' 'J' @168 
 - private static final 'L_COLON' 'J' @176 
 - private static final 'H_COLON' 'J' @184 
 - private static final 'L_SLASH' 'J' @192 
 - private static final 'H_SLASH' 'J' @200 
 - private static final 'L_BACKSLASH' 'J' @208 
 - private static final 'H_BACKSLASH' 'J' @216 
 - private static final 'L_NON_PRINTABLE' 'J' @224 
 - private static final 'H_NON_PRINTABLE' 'J' @232 
 - private static final 'L_EXCLUDE' 'J' @240 
 - private static final 'H_EXCLUDE' 'J' @248 
 - private static final 'L_EXCLUDED_DELIMS' 'J' @256 
 - private static final 'H_EXCLUDED_DELIMS' 'J' @264 
 - private static final 'L_UNWISE' 'J' @272 
 - private static final 'H_UNWISE' 'J' @280 
 - private static final 'L_FRAGMENT' 'J' @288 
 - private static final 'H_FRAGMENT' 'J' @296 
 - private static final 'L_QUERY' 'J' @304 
 - private static final 'H_QUERY' 'J' @312 
 - private static final 'OTHERS' '[C' @116 
 - private static final 'HEXADECIMAL' 'I' @348 
 - private static final 'DECIMAL' 'I' @352 
 - private static final 'OCTAL' 'I' @356 
 - private static final 'SUPPORTED_RADIXES' '[I' @120 
 - private static final 'CANT_PARSE_IN_RADIX' 'J' @320 
 - private static final 'TERMINAL_PARSE_ERROR' 'J' @328 
 - private static final 'ALLOW_AMBIGUOUS_IPADDRESS_LITERALS_SP' 'Ljava/lang/String;' @124 
 - private static final 'ALLOW_AMBIGUOUS_IPADDRESS_LITERALS_SP_VALUE' 'Z' @360 
 - static final synthetic '$assertionsDisabled' 'Z' @361 
 - ---- non-static fields (0 words):
 - non-static oop maps: 
stack at sp + 6 slots: 0x00007ffa6891eb30 is pointing into the stack for thread: 0x00007ffa64028da0
stack at sp + 7 slots: 0x00007ffa6891e8c0 is pointing into the stack for thread: 0x00007ffa64028da0


---------------  P R O C E S S  ---------------

Threads class SMR info:
_java_thread_list=0x00007ffa64180db0, length=8, elements={
0x00007ffa64028da0, 0x00007ffa64176820, 0x00007ffa64177e70, 0x00007ffa64179a70,
0x00007ffa6417b0b0, 0x00007ffa6417c650, 0x00007ffa6417e170, 0x00007ffa6417f880
}

Java Threads: ( => current thread )
=>0x00007ffa64028da0 JavaThread "main"                              [_thread_in_vm, id=18987, stack(0x00007ffa68821000,0x00007ffa68921000) (1024K)]
  0x00007ffa64176820 JavaThread "Reference Handler"          daemon [_thread_blocked, id=19001, stack(0x00007ffa44900000,0x00007ffa44a00000) (1024K)]
  0x00007ffa64177e70 JavaThread "Finalizer"                  daemon [_thread_blocked, id=19002, stack(0x00007ffa447ff000,0x00007ffa448ff000) (1024K)]
  0x00007ffa64179a70 JavaThread "Signal Dispatcher"          daemon [_thread_blocked, id=19003, stack(0x00007ffa446fe000,0x00007ffa447fe000) (1024K)]
  0x00007ffa6417b0b0 JavaThread "Service Thread"             daemon [_thread_blocked, id=19004, stack(0x00007ffa445fd000,0x00007ffa446fd000) (1024K)]
  0x00007ffa6417c650 JavaThread "Monitor Deflation Thread"   daemon [_thread_blocked, id=19005, stack(0x00007ffa444fc000,0x00007ffa445fc000) (1024K)]
  0x00007ffa6417e170 JavaThread "C2 CompilerThread0"         daemon [_thread_blocked, id=19006, stack(0x00007ffa443fb000,0x00007ffa444fb000) (1024K)]
  0x00007ffa6417f880 JavaThread "C1 CompilerThread0"         daemon [_thread_blocked, id=19007, stack(0x00007ffa442fa000,0x00007ffa443fa000) (1024K)]
Total: 8

Other Threads:
  0x00007ffa64169320 VMThread "VM Thread"                           [id=18999, stack(0x00007ffa44d05000,0x00007ffa44e05000) (1024K)]
  0x00007ffa6414f070 WatcherThread "VM Periodic Task Thread"        [id=18998, stack(0x00007ffa44e06000,0x00007ffa44f06000) (1024K)]
  0x00007ffa640908b0 WorkerThread "GC Thread#0"                     [id=18988, stack(0x00007ffa47bef000,0x00007ffa47cef000) (1024K)]
  0x00007ffa640a13d0 ConcurrentGCThread "G1 Main Marker"            [id=18989, stack(0x00007ffa47aee000,0x00007ffa47bee000) (1024K)]
  0x00007ffa640a2370 WorkerThread "G1 Conc#0"                       [id=18990, stack(0x00007ffa479ed000,0x00007ffa47aed000) (1024K)]
  0x00007ffa641347d0 ConcurrentGCThread "G1 Refine#0"               [id=18992, stack(0x00007ffa450e4000,0x00007ffa451e4000) (1024K)]
  0x00007ffa64135790 ConcurrentGCThread "G1 Service"                [id=18993, stack(0x00007ffa44fe3000,0x00007ffa450e3000) (1024K)]
Total: 7

Threads with active compile tasks:
Total: 0

VM state: not at safepoint (normal execution)

VM Mutex/Monitor currently owned by a thread: None

Heap address: 0x000000070b000000, size: 3920 MB, Compressed Oops mode: Zero based, Oop shift amount: 3

CDS archive(s) mapped at: [0x00007ff9ee000000-0x00007ff9eec79000-0x00007ff9eec79000), size 13078528, SharedBaseAddress: 0x00007ff9ee000000, ArchiveRelocationMode: 1.
Compressed class space mapped at: 0x00007ff9ef000000-0x00007ffa2f000000, reserved size: 1073741824
Narrow klass base: 0x00007ff9ee000000, Narrow klass shift: 0, Narrow klass range: 0x100000000

GC Precious Log:
 CardTable entry size: 512
 Card Set container configuration: InlinePtr #cards 4 size 8 Array Of Cards #cards 16 size 48 Howl #buckets 8 coarsen threshold 3686 Howl Bitmap #cards 512 size 80 coarsen threshold 460 Card regions per heap region 1 cards per card region 4096
 CPUs: 8 total, 8 available
 Memory: 15673M
 Large Page Support: Disabled
 NUMA Support: Disabled
 Compressed Oops: Enabled (Zero based)
 Heap Region Size: 2M
 Heap Min Capacity: 8M
 Heap Initial Capacity: 246M
 Heap Max Capacity: 3920M
 Pre-touch: Disabled
 Parallel Workers: 8
 Concurrent Workers: 2
 Concurrent Refinement Workers: 8
 Periodic GC: Disabled

Heap:
 garbage-first heap   total reserved 4014080K, committed 253952K, used 1059K [0x000000070b000000, 0x0000000800000000)
  region size 2048K, 1 young (2048K), 0 survivors (0K)
 Metaspace       used 45K, committed 128K, reserved 1114112K
  class space    used 1K, committed 64K, reserved 1048576K

Heap Regions: E=young(eden), S=young(survivor), O=old, HS=humongous(starts), HC=humongous(continues), CS=collection set, F=free, TAMS=top-at-mark-start, PB=parsable bottom
|   0|0x000000070b000000, 0x000000070b000000, 0x000000070b200000|  0%| F|  |TAMS 0x000000070b000000| PB 0x000000070b000000| Untracked |  0
|   1|0x000000070b200000, 0x000000070b200000, 0x000000070b400000|  0%| F|  |TAMS 0x000000070b200000| PB 0x000000070b200000| Untracked |  0
|   2|0x000000070b400000, 0x000000070b400000, 0x000000070b600000|  0%| F|  |TAMS 0x000000070b400000| PB 0x000000070b400000| Untracked |  0
|   3|0x000000070b600000, 0x000000070b600000, 0x000000070b800000|  0%| F|  |TAMS 0x000000070b600000| PB 0x000000070b600000| Untracked |  0
|   4|0x000000070b800000, 0x000000070b800000, 0x000000070ba00000|  0%| F|  |TAMS 0x000000070b800000| PB 0x000000070b800000| Untracked |  0
|   5|0x000000070ba00000, 0x000000070ba00000, 0x000000070bc00000|  0%| F|  |TAMS 0x000000070ba00000| PB 0x000000070ba00000| Untracked |  0
|   6|0x000000070bc00000, 0x000000070bc00000, 0x000000070be00000|  0%| F|  |TAMS 0x000000070bc00000| PB 0x000000070bc00000| Untracked |  0
|   7|0x000000070be00000, 0x000000070be00000, 0x000000070c000000|  0%| F|  |TAMS 0x000000070be00000| PB 0x000000070be00000| Untracked |  0
|   8|0x000000070c000000, 0x000000070c000000, 0x000000070c200000|  0%| F|  |TAMS 0x000000070c000000| PB 0x000000070c000000| Untracked |  0
|   9|0x000000070c200000, 0x000000070c200000, 0x000000070c400000|  0%| F|  |TAMS 0x000000070c200000| PB 0x000000070c200000| Untracked |  0
|  10|0x000000070c400000, 0x000000070c400000, 0x000000070c600000|  0%| F|  |TAMS 0x000000070c400000| PB 0x000000070c400000| Untracked |  0
|  11|0x000000070c600000, 0x000000070c600000, 0x000000070c800000|  0%| F|  |TAMS 0x000000070c600000| PB 0x000000070c600000| Untracked |  0
|  12|0x000000070c800000, 0x000000070c800000, 0x000000070ca00000|  0%| F|  |TAMS 0x000000070c800000| PB 0x000000070c800000| Untracked |  0
|  13|0x000000070ca00000, 0x000000070ca00000, 0x000000070cc00000|  0%| F|  |TAMS 0x000000070ca00000| PB 0x000000070ca00000| Untracked |  0
|  14|0x000000070cc00000, 0x000000070cc00000, 0x000000070ce00000|  0%| F|  |TAMS 0x000000070cc00000| PB 0x000000070cc00000| Untracked |  0
|  15|0x000000070ce00000, 0x000000070ce00000, 0x000000070d000000|  0%| F|  |TAMS 0x000000070ce00000| PB 0x000000070ce00000| Untracked |  0
|  16|0x000000070d000000, 0x000000070d000000, 0x000000070d200000|  0%| F|  |TAMS 0x000000070d000000| PB 0x000000070d000000| Untracked |  0
|  17|0x000000070d200000, 0x000000070d200000, 0x000000070d400000|  0%| F|  |TAMS 0x000000070d200000| PB 0x000000070d200000| Untracked |  0
|  18|0x000000070d400000, 0x000000070d400000, 0x000000070d600000|  0%| F|  |TAMS 0x000000070d400000| PB 0x000000070d400000| Untracked |  0
|  19|0x000000070d600000, 0x000000070d600000, 0x000000070d800000|  0%| F|  |TAMS 0x000000070d600000| PB 0x000000070d600000| Untracked |  0
|  20|0x000000070d800000, 0x000000070d800000, 0x000000070da00000|  0%| F|  |TAMS 0x000000070d800000| PB 0x000000070d800000| Untracked |  0
|  21|0x000000070da00000, 0x000000070da00000, 0x000000070dc00000|  0%| F|  |TAMS 0x000000070da00000| PB 0x000000070da00000| Untracked |  0
|  22|0x000000070dc00000, 0x000000070dc00000, 0x000000070de00000|  0%| F|  |TAMS 0x000000070dc00000| PB 0x000000070dc00000| Untracked |  0
|  23|0x000000070de00000, 0x000000070de00000, 0x000000070e000000|  0%| F|  |TAMS 0x000000070de00000| PB 0x000000070de00000| Untracked |  0
|  24|0x000000070e000000, 0x000000070e000000, 0x000000070e200000|  0%| F|  |TAMS 0x000000070e000000| PB 0x000000070e000000| Untracked |  0
|  25|0x000000070e200000, 0x000000070e200000, 0x000000070e400000|  0%| F|  |TAMS 0x000000070e200000| PB 0x000000070e200000| Untracked |  0
|  26|0x000000070e400000, 0x000000070e400000, 0x000000070e600000|  0%| F|  |TAMS 0x000000070e400000| PB 0x000000070e400000| Untracked |  0
|  27|0x000000070e600000, 0x000000070e600000, 0x000000070e800000|  0%| F|  |TAMS 0x000000070e600000| PB 0x000000070e600000| Untracked |  0
|  28|0x000000070e800000, 0x000000070e800000, 0x000000070ea00000|  0%| F|  |TAMS 0x000000070e800000| PB 0x000000070e800000| Untracked |  0
|  29|0x000000070ea00000, 0x000000070ea00000, 0x000000070ec00000|  0%| F|  |TAMS 0x000000070ea00000| PB 0x000000070ea00000| Untracked |  0
|  30|0x000000070ec00000, 0x000000070ec00000, 0x000000070ee00000|  0%| F|  |TAMS 0x000000070ec00000| PB 0x000000070ec00000| Untracked |  0
|  31|0x000000070ee00000, 0x000000070ee00000, 0x000000070f000000|  0%| F|  |TAMS 0x000000070ee00000| PB 0x000000070ee00000| Untracked |  0
|  32|0x000000070f000000, 0x000000070f000000, 0x000000070f200000|  0%| F|  |TAMS 0x000000070f000000| PB 0x000000070f000000| Untracked |  0
|  33|0x000000070f200000, 0x000000070f200000, 0x000000070f400000|  0%| F|  |TAMS 0x000000070f200000| PB 0x000000070f200000| Untracked |  0
|  34|0x000000070f400000, 0x000000070f400000, 0x000000070f600000|  0%| F|  |TAMS 0x000000070f400000| PB 0x000000070f400000| Untracked |  0
|  35|0x000000070f600000, 0x000000070f600000, 0x000000070f800000|  0%| F|  |TAMS 0x000000070f600000| PB 0x000000070f600000| Untracked |  0
|  36|0x000000070f800000, 0x000000070f800000, 0x000000070fa00000|  0%| F|  |TAMS 0x000000070f800000| PB 0x000000070f800000| Untracked |  0
|  37|0x000000070fa00000, 0x000000070fa00000, 0x000000070fc00000|  0%| F|  |TAMS 0x000000070fa00000| PB 0x000000070fa00000| Untracked |  0
|  38|0x000000070fc00000, 0x000000070fc00000, 0x000000070fe00000|  0%| F|  |TAMS 0x000000070fc00000| PB 0x000000070fc00000| Untracked |  0
|  39|0x000000070fe00000, 0x000000070fe00000, 0x0000000710000000|  0%| F|  |TAMS 0x000000070fe00000| PB 0x000000070fe00000| Untracked |  0
|  40|0x0000000710000000, 0x0000000710000000, 0x0000000710200000|  0%| F|  |TAMS 0x0000000710000000| PB 0x0000000710000000| Untracked |  0
|  41|0x0000000710200000, 0x0000000710200000, 0x0000000710400000|  0%| F|  |TAMS 0x0000000710200000| PB 0x0000000710200000| Untracked |  0
|  42|0x0000000710400000, 0x0000000710400000, 0x0000000710600000|  0%| F|  |TAMS 0x0000000710400000| PB 0x0000000710400000| Untracked |  0
|  43|0x0000000710600000, 0x0000000710600000, 0x0000000710800000|  0%| F|  |TAMS 0x0000000710600000| PB 0x0000000710600000| Untracked |  0
|  44|0x0000000710800000, 0x0000000710800000, 0x0000000710a00000|  0%| F|  |TAMS 0x0000000710800000| PB 0x0000000710800000| Untracked |  0
|  45|0x0000000710a00000, 0x0000000710a00000, 0x0000000710c00000|  0%| F|  |TAMS 0x0000000710a00000| PB 0x0000000710a00000| Untracked |  0
|  46|0x0000000710c00000, 0x0000000710c00000, 0x0000000710e00000|  0%| F|  |TAMS 0x0000000710c00000| PB 0x0000000710c00000| Untracked |  0
|  47|0x0000000710e00000, 0x0000000710e00000, 0x0000000711000000|  0%| F|  |TAMS 0x0000000710e00000| PB 0x0000000710e00000| Untracked |  0
|  48|0x0000000711000000, 0x0000000711000000, 0x0000000711200000|  0%| F|  |TAMS 0x0000000711000000| PB 0x0000000711000000| Untracked |  0
|  49|0x0000000711200000, 0x0000000711200000, 0x0000000711400000|  0%| F|  |TAMS 0x0000000711200000| PB 0x0000000711200000| Untracked |  0
|  50|0x0000000711400000, 0x0000000711400000, 0x0000000711600000|  0%| F|  |TAMS 0x0000000711400000| PB 0x0000000711400000| Untracked |  0
|  51|0x0000000711600000, 0x0000000711600000, 0x0000000711800000|  0%| F|  |TAMS 0x0000000711600000| PB 0x0000000711600000| Untracked |  0
|  52|0x0000000711800000, 0x0000000711800000, 0x0000000711a00000|  0%| F|  |TAMS 0x0000000711800000| PB 0x0000000711800000| Untracked |  0
|  53|0x0000000711a00000, 0x0000000711a00000, 0x0000000711c00000|  0%| F|  |TAMS 0x0000000711a00000| PB 0x0000000711a00000| Untracked |  0
|  54|0x0000000711c00000, 0x0000000711c00000, 0x0000000711e00000|  0%| F|  |TAMS 0x0000000711c00000| PB 0x0000000711c00000| Untracked |  0
|  55|0x0000000711e00000, 0x0000000711e00000, 0x0000000712000000|  0%| F|  |TAMS 0x0000000711e00000| PB 0x0000000711e00000| Untracked |  0
|  56|0x0000000712000000, 0x0000000712000000, 0x0000000712200000|  0%| F|  |TAMS 0x0000000712000000| PB 0x0000000712000000| Untracked |  0
|  57|0x0000000712200000, 0x0000000712200000, 0x0000000712400000|  0%| F|  |TAMS 0x0000000712200000| PB 0x0000000712200000| Untracked |  0
|  58|0x0000000712400000, 0x0000000712400000, 0x0000000712600000|  0%| F|  |TAMS 0x0000000712400000| PB 0x0000000712400000| Untracked |  0
|  59|0x0000000712600000, 0x0000000712600000, 0x0000000712800000|  0%| F|  |TAMS 0x0000000712600000| PB 0x0000000712600000| Untracked |  0
|  60|0x0000000712800000, 0x0000000712800000, 0x0000000712a00000|  0%| F|  |TAMS 0x0000000712800000| PB 0x0000000712800000| Untracked |  0
|  61|0x0000000712a00000, 0x0000000712a00000, 0x0000000712c00000|  0%| F|  |TAMS 0x0000000712a00000| PB 0x0000000712a00000| Untracked |  0
|  62|0x0000000712c00000, 0x0000000712c00000, 0x0000000712e00000|  0%| F|  |TAMS 0x0000000712c00000| PB 0x0000000712c00000| Untracked |  0
|  63|0x0000000712e00000, 0x0000000712e00000, 0x0000000713000000|  0%| F|  |TAMS 0x0000000712e00000| PB 0x0000000712e00000| Untracked |  0
|  64|0x0000000713000000, 0x0000000713000000, 0x0000000713200000|  0%| F|  |TAMS 0x0000000713000000| PB 0x0000000713000000| Untracked |  0
|  65|0x0000000713200000, 0x0000000713200000, 0x0000000713400000|  0%| F|  |TAMS 0x0000000713200000| PB 0x0000000713200000| Untracked |  0
|  66|0x0000000713400000, 0x0000000713400000, 0x0000000713600000|  0%| F|  |TAMS 0x0000000713400000| PB 0x0000000713400000| Untracked |  0
|  67|0x0000000713600000, 0x0000000713600000, 0x0000000713800000|  0%| F|  |TAMS 0x0000000713600000| PB 0x0000000713600000| Untracked |  0
|  68|0x0000000713800000, 0x0000000713800000, 0x0000000713a00000|  0%| F|  |TAMS 0x0000000713800000| PB 0x0000000713800000| Untracked |  0
|  69|0x0000000713a00000, 0x0000000713a00000, 0x0000000713c00000|  0%| F|  |TAMS 0x0000000713a00000| PB 0x0000000713a00000| Untracked |  0
|  70|0x0000000713c00000, 0x0000000713c00000, 0x0000000713e00000|  0%| F|  |TAMS 0x0000000713c00000| PB 0x0000000713c00000| Untracked |  0
|  71|0x0000000713e00000, 0x0000000713e00000, 0x0000000714000000|  0%| F|  |TAMS 0x0000000713e00000| PB 0x0000000713e00000| Untracked |  0
|  72|0x0000000714000000, 0x0000000714000000, 0x0000000714200000|  0%| F|  |TAMS 0x0000000714000000| PB 0x0000000714000000| Untracked |  0
|  73|0x0000000714200000, 0x0000000714200000, 0x0000000714400000|  0%| F|  |TAMS 0x0000000714200000| PB 0x0000000714200000| Untracked |  0
|  74|0x0000000714400000, 0x0000000714400000, 0x0000000714600000|  0%| F|  |TAMS 0x0000000714400000| PB 0x0000000714400000| Untracked |  0
|  75|0x0000000714600000, 0x0000000714600000, 0x0000000714800000|  0%| F|  |TAMS 0x0000000714600000| PB 0x0000000714600000| Untracked |  0
|  76|0x0000000714800000, 0x0000000714800000, 0x0000000714a00000|  0%| F|  |TAMS 0x0000000714800000| PB 0x0000000714800000| Untracked |  0
|  77|0x0000000714a00000, 0x0000000714a00000, 0x0000000714c00000|  0%| F|  |TAMS 0x0000000714a00000| PB 0x0000000714a00000| Untracked |  0
|  78|0x0000000714c00000, 0x0000000714c00000, 0x0000000714e00000|  0%| F|  |TAMS 0x0000000714c00000| PB 0x0000000714c00000| Untracked |  0
|  79|0x0000000714e00000, 0x0000000714e00000, 0x0000000715000000|  0%| F|  |TAMS 0x0000000714e00000| PB 0x0000000714e00000| Untracked |  0
|  80|0x0000000715000000, 0x0000000715000000, 0x0000000715200000|  0%| F|  |TAMS 0x0000000715000000| PB 0x0000000715000000| Untracked |  0
|  81|0x0000000715200000, 0x0000000715200000, 0x0000000715400000|  0%| F|  |TAMS 0x0000000715200000| PB 0x0000000715200000| Untracked |  0
|  82|0x0000000715400000, 0x0000000715400000, 0x0000000715600000|  0%| F|  |TAMS 0x0000000715400000| PB 0x0000000715400000| Untracked |  0
|  83|0x0000000715600000, 0x0000000715600000, 0x0000000715800000|  0%| F|  |TAMS 0x0000000715600000| PB 0x0000000715600000| Untracked |  0
|  84|0x0000000715800000, 0x0000000715800000, 0x0000000715a00000|  0%| F|  |TAMS 0x0000000715800000| PB 0x0000000715800000| Untracked |  0
|  85|0x0000000715a00000, 0x0000000715a00000, 0x0000000715c00000|  0%| F|  |TAMS 0x0000000715a00000| PB 0x0000000715a00000| Untracked |  0
|  86|0x0000000715c00000, 0x0000000715c00000, 0x0000000715e00000|  0%| F|  |TAMS 0x0000000715c00000| PB 0x0000000715c00000| Untracked |  0
|  87|0x0000000715e00000, 0x0000000715e00000, 0x0000000716000000|  0%| F|  |TAMS 0x0000000715e00000| PB 0x0000000715e00000| Untracked |  0
|  88|0x0000000716000000, 0x0000000716000000, 0x0000000716200000|  0%| F|  |TAMS 0x0000000716000000| PB 0x0000000716000000| Untracked |  0
|  89|0x0000000716200000, 0x0000000716200000, 0x0000000716400000|  0%| F|  |TAMS 0x0000000716200000| PB 0x0000000716200000| Untracked |  0
|  90|0x0000000716400000, 0x0000000716400000, 0x0000000716600000|  0%| F|  |TAMS 0x0000000716400000| PB 0x0000000716400000| Untracked |  0
|  91|0x0000000716600000, 0x0000000716600000, 0x0000000716800000|  0%| F|  |TAMS 0x0000000716600000| PB 0x0000000716600000| Untracked |  0
|  92|0x0000000716800000, 0x0000000716800000, 0x0000000716a00000|  0%| F|  |TAMS 0x0000000716800000| PB 0x0000000716800000| Untracked |  0
|  93|0x0000000716a00000, 0x0000000716a00000, 0x0000000716c00000|  0%| F|  |TAMS 0x0000000716a00000| PB 0x0000000716a00000| Untracked |  0
|  94|0x0000000716c00000, 0x0000000716c00000, 0x0000000716e00000|  0%| F|  |TAMS 0x0000000716c00000| PB 0x0000000716c00000| Untracked |  0
|  95|0x0000000716e00000, 0x0000000716e00000, 0x0000000717000000|  0%| F|  |TAMS 0x0000000716e00000| PB 0x0000000716e00000| Untracked |  0
|  96|0x0000000717000000, 0x0000000717000000, 0x0000000717200000|  0%| F|  |TAMS 0x0000000717000000| PB 0x0000000717000000| Untracked |  0
|  97|0x0000000717200000, 0x0000000717200000, 0x0000000717400000|  0%| F|  |TAMS 0x0000000717200000| PB 0x0000000717200000| Untracked |  0
|  98|0x0000000717400000, 0x0000000717400000, 0x0000000717600000|  0%| F|  |TAMS 0x0000000717400000| PB 0x0000000717400000| Untracked |  0
|  99|0x0000000717600000, 0x0000000717600000, 0x0000000717800000|  0%| F|  |TAMS 0x0000000717600000| PB 0x0000000717600000| Untracked |  0
| 100|0x0000000717800000, 0x0000000717800000, 0x0000000717a00000|  0%| F|  |TAMS 0x0000000717800000| PB 0x0000000717800000| Untracked |  0
| 101|0x0000000717a00000, 0x0000000717a00000, 0x0000000717c00000|  0%| F|  |TAMS 0x0000000717a00000| PB 0x0000000717a00000| Untracked |  0
| 102|0x0000000717c00000, 0x0000000717c00000, 0x0000000717e00000|  0%| F|  |TAMS 0x0000000717c00000| PB 0x0000000717c00000| Untracked |  0
| 103|0x0000000717e00000, 0x0000000717e00000, 0x0000000718000000|  0%| F|  |TAMS 0x0000000717e00000| PB 0x0000000717e00000| Untracked |  0
| 104|0x0000000718000000, 0x0000000718000000, 0x0000000718200000|  0%| F|  |TAMS 0x0000000718000000| PB 0x0000000718000000| Untracked |  0
| 105|0x0000000718200000, 0x0000000718200000, 0x0000000718400000|  0%| F|  |TAMS 0x0000000718200000| PB 0x0000000718200000| Untracked |  0
| 106|0x0000000718400000, 0x0000000718400000, 0x0000000718600000|  0%| F|  |TAMS 0x0000000718400000| PB 0x0000000718400000| Untracked |  0
| 107|0x0000000718600000, 0x0000000718600000, 0x0000000718800000|  0%| F|  |TAMS 0x0000000718600000| PB 0x0000000718600000| Untracked |  0
| 108|0x0000000718800000, 0x0000000718800000, 0x0000000718a00000|  0%| F|  |TAMS 0x0000000718800000| PB 0x0000000718800000| Untracked |  0
| 109|0x0000000718a00000, 0x0000000718a00000, 0x0000000718c00000|  0%| F|  |TAMS 0x0000000718a00000| PB 0x0000000718a00000| Untracked |  0
| 110|0x0000000718c00000, 0x0000000718c00000, 0x0000000718e00000|  0%| F|  |TAMS 0x0000000718c00000| PB 0x0000000718c00000| Untracked |  0
| 111|0x0000000718e00000, 0x0000000718e00000, 0x0000000719000000|  0%| F|  |TAMS 0x0000000718e00000| PB 0x0000000718e00000| Untracked |  0
| 112|0x0000000719000000, 0x0000000719000000, 0x0000000719200000|  0%| F|  |TAMS 0x0000000719000000| PB 0x0000000719000000| Untracked |  0
| 113|0x0000000719200000, 0x0000000719200000, 0x0000000719400000|  0%| F|  |TAMS 0x0000000719200000| PB 0x0000000719200000| Untracked |  0
| 114|0x0000000719400000, 0x0000000719400000, 0x0000000719600000|  0%| F|  |TAMS 0x0000000719400000| PB 0x0000000719400000| Untracked |  0
| 115|0x0000000719600000, 0x0000000719600000, 0x0000000719800000|  0%| F|  |TAMS 0x0000000719600000| PB 0x0000000719600000| Untracked |  0
| 116|0x0000000719800000, 0x0000000719800000, 0x0000000719a00000|  0%| F|  |TAMS 0x0000000719800000| PB 0x0000000719800000| Untracked |  0
| 117|0x0000000719a00000, 0x0000000719a00000, 0x0000000719c00000|  0%| F|  |TAMS 0x0000000719a00000| PB 0x0000000719a00000| Untracked |  0
| 118|0x0000000719c00000, 0x0000000719c00000, 0x0000000719e00000|  0%| F|  |TAMS 0x0000000719c00000| PB 0x0000000719c00000| Untracked |  0
| 119|0x0000000719e00000, 0x0000000719e00000, 0x000000071a000000|  0%| F|  |TAMS 0x0000000719e00000| PB 0x0000000719e00000| Untracked |  0
| 120|0x000000071a000000, 0x000000071a000000, 0x000000071a200000|  0%| F|  |TAMS 0x000000071a000000| PB 0x000000071a000000| Untracked |  0
| 121|0x000000071a200000, 0x000000071a200000, 0x000000071a400000|  0%| F|  |TAMS 0x000000071a200000| PB 0x000000071a200000| Untracked |  0
| 122|0x000000071a400000, 0x000000071a4f5c58, 0x000000071a600000| 48%| E|  |TAMS 0x000000071a400000| PB 0x000000071a400000| Complete |  0
|1959|0x00000007ffe00000, 0x00000007fff08d00, 0x0000000800000000| 51%| O|  |TAMS 0x00000007ffe00000| PB 0x00000007ffe00000| Untracked |  0

Card table byte_map: [0x00007ffa4baae000,0x00007ffa4c256000] _byte_map_base: 0x00007ffa48256000

Marking Bits: (CMBitMap*) 0x00007ffa640913e0
 Bits: [0x00007ffa47d6e000, 0x00007ffa4baae000)

Polling page: 0x00007ffa6a172000

Metaspace:

Usage:
  Non-class:     43.50 KB used.
      Class:      1.56 KB used.
       Both:     45.06 KB used.

Virtual space:
  Non-class space:       64.00 MB reserved,      64.00 KB ( <1%) committed,  1 nodes.
      Class space:        1.00 GB reserved,      64.00 KB ( <1%) committed,  1 nodes.
             Both:        1.06 GB reserved,     128.00 KB ( <1%) committed. 

Chunk freelists:
   Non-Class:  12.00 MB
       Class:  15.75 MB
        Both:  27.75 MB

MaxMetaspaceSize: unlimited
CompressedClassSpaceSize: 1.00 GB
Initial GC threshold: 21.00 MB
Current GC threshold: 21.00 MB
CDS: on
 - commit_granule_bytes: 65536.
 - commit_granule_words: 8192.
 - virtual_space_node_default_size: 8388608.
 - enlarge_chunks_in_place: 1.
 - use_allocation_guard: 0.


Internal statistics:

num_allocs_failed_limit: 0.
num_arena_births: 2.
num_arena_deaths: 0.
num_vsnodes_births: 2.
num_vsnodes_deaths: 0.
num_space_committed: 2.
num_space_uncommitted: 0.
num_chunks_returned_to_freelist: 0.
num_chunks_taken_from_freelist: 3.
num_chunk_merges: 0.
num_chunk_splits: 2.
num_chunks_enlarged: 0.
num_inconsistent_stats: 0.

CodeHeap 'non-profiled nmethods': size=120028Kb used=0Kb max_used=0Kb free=120028Kb
 bounds [0x00007ffa546c9000, 0x00007ffa54939000, 0x00007ffa5bc00000]
CodeHeap 'profiled nmethods': size=120028Kb used=0Kb max_used=0Kb free=120027Kb
 bounds [0x00007ffa4cc00000, 0x00007ffa4ce70000, 0x00007ffa54137000]
CodeHeap 'non-nmethods': size=5704Kb used=1146Kb max_used=1160Kb free=4557Kb
 bounds [0x00007ffa54137000, 0x00007ffa543a7000, 0x00007ffa546c9000]
 total_blobs=293 nmethods=1 adapters=199
 compilation: enabled
              stopped_count=0, restarted_count=0
 full_count=0

Compilation events (2 events):
Event: 0.050 Thread 0x00007ffa6417f880    1       3       java.lang.Object::<init> (1 bytes)
Event: 0.051 Thread 0x00007ffa6417f880 nmethod 1 0x00007ffa4cc00010 code [0x00007ffa4cc001a0, 0x00007ffa4cc002a0]

GC Heap History (0 events):
No events

Dll operation events (2 events):
Event: 0.002 Loaded shared library /usr/lib/jvm/jdk-22-oracle-x64/lib/libjava.so
Event: 0.048 Loaded shared library /usr/lib/jvm/jdk-22-oracle-x64/lib/libjsvml.so

Deoptimization events (0 events):
No events

Classes loaded (2 events):
Event: 0.037 Loading class sun/nio/cs/UTF_8$Encoder
Event: 0.038 Loading class sun/nio/cs/UTF_8$Encoder done

Classes unloaded (0 events):
No events

Classes redefined (0 events):
No events

Internal exceptions (0 events):
No events

ZGC Phase Switch (0 events):
No events

VM Operations (0 events):
No events

Events (16 events):
Event: 0.002 Protecting memory [0x00007ffa68821000,0x00007ffa68825000] with protection modes 0
Event: 0.025 Thread 0x00007ffa64028da0 Thread added: 0x00007ffa64028da0
Event: 0.042 Thread 0x00007ffa64176820 Thread added: 0x00007ffa64176820
Event: 0.042 Protecting memory [0x00007ffa44900000,0x00007ffa44904000] with protection modes 0
Event: 0.042 Thread 0x00007ffa64177e70 Thread added: 0x00007ffa64177e70
Event: 0.042 Protecting memory [0x00007ffa447ff000,0x00007ffa44803000] with protection modes 0
Event: 0.043 Thread 0x00007ffa64179a70 Thread added: 0x00007ffa64179a70
Event: 0.043 Protecting memory [0x00007ffa446fe000,0x00007ffa44702000] with protection modes 0
Event: 0.043 Thread 0x00007ffa6417b0b0 Thread added: 0x00007ffa6417b0b0
Event: 0.043 Protecting memory [0x00007ffa445fd000,0x00007ffa44601000] with protection modes 0
Event: 0.044 Thread 0x00007ffa6417c650 Thread added: 0x00007ffa6417c650
Event: 0.044 Protecting memory [0x00007ffa444fc000,0x00007ffa44500000] with protection modes 0
Event: 0.044 Thread 0x00007ffa6417e170 Thread added: 0x00007ffa6417e170
Event: 0.044 Protecting memory [0x00007ffa443fb000,0x00007ffa443ff000] with protection modes 0
Event: 0.045 Thread 0x00007ffa6417f880 Thread added: 0x00007ffa6417f880
Event: 0.045 Protecting memory [0x00007ffa442fa000,0x00007ffa442fe000] with protection modes 0


Dynamic libraries:
70b000000-71a600000 rw-p 00000000 00:00 0 
71a600000-7ffe00000 ---p 00000000 00:00 0 
7ffe00000-7fff09000 rw-p 00cb8000 08:03 4906549                          /usr/lib/jvm/jdk-22-oracle-x64/lib/server/classes.jsa
7fff09000-800000000 rw-p 00000000 00:00 0 
55972c918000-55972c919000 r-xp 00000000 08:03 4474286                    /usr/lib/jvm/jdk-22-oracle-x64/bin/java
55972c91a000-55972c91b000 r--p 00001000 08:03 4474286                    /usr/lib/jvm/jdk-22-oracle-x64/bin/java
55972c91b000-55972c91c000 rw-p 00002000 08:03 4474286                    /usr/lib/jvm/jdk-22-oracle-x64/bin/java
55972d5cc000-55972d613000 rw-p 00000000 00:00 0                          [heap]
7ff9c4000000-7ff9c4067000 rw-p 00000000 00:00 0 
7ff9c4067000-7ff9c8000000 ---p 00000000 00:00 0 
7ff9c8000000-7ff9c8021000 rw-p 00000000 00:00 0 
7ff9c8021000-7ff9cc000000 ---p 00000000 00:00 0 
7ff9cc000000-7ff9cc021000 rw-p 00000000 00:00 0 
7ff9cc021000-7ff9d0000000 ---p 00000000 00:00 0 
7ff9d0000000-7ff9d0021000 rw-p 00000000 00:00 0 
7ff9d0021000-7ff9d4000000 ---p 00000000 00:00 0 
7ff9d4000000-7ff9d4021000 rw-p 00000000 00:00 0 
7ff9d4021000-7ff9d8000000 ---p 00000000 00:00 0 
7ff9d8000000-7ff9d8021000 rw-p 00000000 00:00 0 
7ff9d8021000-7ff9dc000000 ---p 00000000 00:00 0 
7ff9dc000000-7ff9dc021000 rw-p 00000000 00:00 0 
7ff9dc021000-7ff9e0000000 ---p 00000000 00:00 0 
7ff9e0000000-7ff9e0021000 rw-p 00000000 00:00 0 
7ff9e0021000-7ff9e4000000 ---p 00000000 00:00 0 
7ff9e4000000-7ff9e4010000 rw-p 00000000 00:00 0 
7ff9e4010000-7ff9e8000000 ---p 00000000 00:00 0 
7ff9e8000000-7ff9e8021000 rw-p 00000000 00:00 0 
7ff9e8021000-7ff9ec000000 ---p 00000000 00:00 0 
7ff9ee000000-7ff9eec79000 rw-p 00001000 08:03 4906549                    /usr/lib/jvm/jdk-22-oracle-x64/lib/server/classes.jsa
7ff9eec79000-7ff9ef040000 ---p 00000000 00:00 0 
7ff9ef040000-7ff9ef050000 rw-p 00000000 00:00 0 
7ff9ef050000-7ffa2f000000 ---p 00000000 00:00 0 
7ffa2fd3d000-7ffa30000000 rw-p 00000000 00:00 0 
7ffa30000000-7ffa30021000 rw-p 00000000 00:00 0 
7ffa30021000-7ffa34000000 ---p 00000000 00:00 0 
7ffa34000000-7ffa34021000 rw-p 00000000 00:00 0 
7ffa34021000-7ffa38000000 ---p 00000000 00:00 0 
7ffa38000000-7ffa38021000 rw-p 00000000 00:00 0 
7ffa38021000-7ffa3c000000 ---p 00000000 00:00 0 
7ffa3c000000-7ffa3c021000 rw-p 00000000 00:00 0 
7ffa3c021000-7ffa40000000 ---p 00000000 00:00 0 
7ffa40000000-7ffa40021000 rw-p 00000000 00:00 0 
7ffa40021000-7ffa44000000 ---p 00000000 00:00 0 
7ffa440b3000-7ffa44229000 rw-p 00000000 00:00 0 
7ffa44229000-7ffa442f7000 r-xp 00000000 08:03 4906522                    /usr/lib/jvm/jdk-22-oracle-x64/lib/libjsvml.so
7ffa442f7000-7ffa442f8000 r--p 000cd000 08:03 4906522                    /usr/lib/jvm/jdk-22-oracle-x64/lib/libjsvml.so
7ffa442f8000-7ffa442f9000 rw-p 000ce000 08:03 4906522                    /usr/lib/jvm/jdk-22-oracle-x64/lib/libjsvml.so
7ffa442f9000-7ffa442fa000 ---p 00000000 00:00 0 
7ffa442fa000-7ffa442fe000 ---p 00000000 00:00 0 
7ffa442fe000-7ffa443fa000 rw-p 00000000 00:00 0 
7ffa443fa000-7ffa443fb000 ---p 00000000 00:00 0 
7ffa443fb000-7ffa443ff000 ---p 00000000 00:00 0 
7ffa443ff000-7ffa444fb000 rw-p 00000000 00:00 0 
7ffa444fb000-7ffa444fc000 ---p 00000000 00:00 0 
7ffa444fc000-7ffa44500000 ---p 00000000 00:00 0 
7ffa44500000-7ffa445fc000 rw-p 00000000 00:00 0 
7ffa445fc000-7ffa445fd000 ---p 00000000 00:00 0 
7ffa445fd000-7ffa44601000 ---p 00000000 00:00 0 
7ffa44601000-7ffa446fd000 rw-p 00000000 00:00 0 
7ffa446fd000-7ffa446fe000 ---p 00000000 00:00 0 
7ffa446fe000-7ffa44702000 ---p 00000000 00:00 0 
7ffa44702000-7ffa447fe000 rw-p 00000000 00:00 0 
7ffa447fe000-7ffa447ff000 ---p 00000000 00:00 0 
7ffa447ff000-7ffa44803000 ---p 00000000 00:00 0 
7ffa44803000-7ffa448ff000 rw-p 00000000 00:00 0 
7ffa448ff000-7ffa44900000 ---p 00000000 00:00 0 
7ffa44900000-7ffa44904000 ---p 00000000 00:00 0 
7ffa44904000-7ffa44a00000 rw-p 00000000 00:00 0 
7ffa44a00000-7ffa44ce9000 r--p 00000000 08:03 4196395                    /usr/lib/locale/locale-archive
7ffa44d04000-7ffa44d05000 ---p 00000000 00:00 0 
7ffa44d05000-7ffa44e05000 rw-p 00000000 00:00 0 
7ffa44e05000-7ffa44e06000 ---p 00000000 00:00 0 
7ffa44e06000-7ffa44fe2000 rw-p 00000000 00:00 0 
7ffa44fe2000-7ffa44fe3000 ---p 00000000 00:00 0 
7ffa44fe3000-7ffa450e3000 rw-p 00000000 00:00 0 
7ffa450e3000-7ffa450e4000 ---p 00000000 00:00 0 
7ffa450e4000-7ffa479ec000 rw-p 00000000 00:00 0 
7ffa479ec000-7ffa479ed000 ---p 00000000 00:00 0 
7ffa479ed000-7ffa47aed000 rw-p 00000000 00:00 0 
7ffa47aed000-7ffa47aee000 ---p 00000000 00:00 0 
7ffa47aee000-7ffa47bee000 rw-p 00000000 00:00 0 
7ffa47bee000-7ffa47bef000 ---p 00000000 00:00 0 
7ffa47bef000-7ffa48146000 rw-p 00000000 00:00 0 
7ffa48146000-7ffa4baa6000 ---p 00000000 00:00 0 
7ffa4baa6000-7ffa4bb29000 rw-p 00000000 00:00 0 
7ffa4bb29000-7ffa4c255000 ---p 00000000 00:00 0 
7ffa4c255000-7ffa4c2d1000 rw-p 00000000 00:00 0 
7ffa4c2d1000-7ffa4c9fd000 ---p 00000000 00:00 0 
7ffa4c9fd000-7ffa4cc00000 rw-p 00000000 00:00 0 
7ffa4cc00000-7ffa4ce70000 rwxp 00000000 00:00 0 
7ffa4ce70000-7ffa54137000 ---p 00000000 00:00 0 
7ffa54137000-7ffa543a7000 rwxp 00000000 00:00 0 
7ffa543a7000-7ffa546c9000 ---p 00000000 00:00 0 
7ffa546c9000-7ffa54939000 rwxp 00000000 00:00 0 
7ffa54939000-7ffa5bc00000 ---p 00000000 00:00 0 
7ffa5bc00000-7ffa63fb9000 r--s 00000000 08:03 4906540                    /usr/lib/jvm/jdk-22-oracle-x64/lib/modules
7ffa64000000-7ffa64192000 rw-p 00000000 00:00 0 
7ffa64192000-7ffa68000000 ---p 00000000 00:00 0 
7ffa68004000-7ffa68650000 rw-p 00000000 00:00 0 
7ffa68650000-7ffa68736000 ---p 00000000 00:00 0 
7ffa68736000-7ffa6873b000 rw-p 00000000 00:00 0 
7ffa6873b000-7ffa68821000 ---p 00000000 00:00 0 
7ffa68821000-7ffa68825000 ---p 00000000 00:00 0 
7ffa68825000-7ffa68921000 rw-p 00000000 00:00 0 
7ffa68921000-7ffa68931000 r--p 00000000 08:03 4196918                    /usr/lib/x86_64-linux-gnu/libm.so.6
7ffa68931000-7ffa689a4000 r-xp 00010000 08:03 4196918                    /usr/lib/x86_64-linux-gnu/libm.so.6
7ffa689a4000-7ffa689fe000 r--p 00083000 08:03 4196918                    /usr/lib/x86_64-linux-gnu/libm.so.6
7ffa689fe000-7ffa689ff000 r--p 000dc000 08:03 4196918                    /usr/lib/x86_64-linux-gnu/libm.so.6
7ffa689ff000-7ffa68a00000 rw-p 000dd000 08:03 4196918                    /usr/lib/x86_64-linux-gnu/libm.so.6
7ffa68a00000-7ffa69d40000 r-xp 00000000 08:03 4906552                    /usr/lib/jvm/jdk-22-oracle-x64/lib/server/libjvm.so
7ffa69d40000-7ffa69e0d000 r--p 0133f000 08:03 4906552                    /usr/lib/jvm/jdk-22-oracle-x64/lib/server/libjvm.so
7ffa69e0d000-7ffa69e3b000 rw-p 0140c000 08:03 4906552                    /usr/lib/jvm/jdk-22-oracle-x64/lib/server/libjvm.so
7ffa69e3b000-7ffa69eb1000 rw-p 00000000 00:00 0 
7ffa69eed000-7ffa69ef2000 rw-p 00000000 00:00 0 
7ffa69ef2000-7ffa69ef9000 ---p 00000000 00:00 0 
7ffa69ef9000-7ffa69f19000 r-xp 00000000 08:03 4906514                    /usr/lib/jvm/jdk-22-oracle-x64/lib/libjava.so
7ffa69f19000-7ffa69f1a000 ---p 00020000 08:03 4906514                    /usr/lib/jvm/jdk-22-oracle-x64/lib/libjava.so
7ffa69f1a000-7ffa69f1b000 r--p 00020000 08:03 4906514                    /usr/lib/jvm/jdk-22-oracle-x64/lib/libjava.so
7ffa69f1b000-7ffa69f1c000 rw-p 00021000 08:03 4906514                    /usr/lib/jvm/jdk-22-oracle-x64/lib/libjava.so
7ffa69f1c000-7ffa69f1d000 rw-p 00000000 00:00 0 
7ffa69f1d000-7ffa69f3b000 r-xp 00000000 08:03 4906518                    /usr/lib/jvm/jdk-22-oracle-x64/lib/libjimage.so
7ffa69f3b000-7ffa69f3d000 r--p 0001d000 08:03 4906518                    /usr/lib/jvm/jdk-22-oracle-x64/lib/libjimage.so
7ffa69f3d000-7ffa69f3e000 rw-p 0001f000 08:03 4906518                    /usr/lib/jvm/jdk-22-oracle-x64/lib/libjimage.so
7ffa69f3e000-7ffa69f3f000 r--p 00000000 08:03 4196929                    /usr/lib/x86_64-linux-gnu/librt.so.1
7ffa69f3f000-7ffa69f40000 r-xp 00001000 08:03 4196929                    /usr/lib/x86_64-linux-gnu/librt.so.1
7ffa69f40000-7ffa69f41000 r--p 00002000 08:03 4196929                    /usr/lib/x86_64-linux-gnu/librt.so.1
7ffa69f41000-7ffa69f42000 r--p 00002000 08:03 4196929                    /usr/lib/x86_64-linux-gnu/librt.so.1
7ffa69f42000-7ffa69f43000 rw-p 00003000 08:03 4196929                    /usr/lib/x86_64-linux-gnu/librt.so.1
7ffa69f43000-7ffa69f47000 rw-p 00000000 00:00 0 
7ffa69f47000-7ffa69f6d000 r--p 00000000 08:03 4196915                    /usr/lib/x86_64-linux-gnu/libc.so.6
7ffa69f6d000-7ffa6a0c2000 r-xp 00026000 08:03 4196915                    /usr/lib/x86_64-linux-gnu/libc.so.6
7ffa6a0c2000-7ffa6a115000 r--p 0017b000 08:03 4196915                    /usr/lib/x86_64-linux-gnu/libc.so.6
7ffa6a115000-7ffa6a119000 r--p 001ce000 08:03 4196915                    /usr/lib/x86_64-linux-gnu/libc.so.6
7ffa6a119000-7ffa6a11b000 rw-p 001d2000 08:03 4196915                    /usr/lib/x86_64-linux-gnu/libc.so.6
7ffa6a11b000-7ffa6a128000 rw-p 00000000 00:00 0 
7ffa6a128000-7ffa6a129000 r--p 00000000 08:03 4196917                    /usr/lib/x86_64-linux-gnu/libdl.so.2
7ffa6a129000-7ffa6a12a000 r-xp 00001000 08:03 4196917                    /usr/lib/x86_64-linux-gnu/libdl.so.2
7ffa6a12a000-7ffa6a12b000 r--p 00002000 08:03 4196917                    /usr/lib/x86_64-linux-gnu/libdl.so.2
7ffa6a12b000-7ffa6a12c000 r--p 00002000 08:03 4196917                    /usr/lib/x86_64-linux-gnu/libdl.so.2
7ffa6a12c000-7ffa6a12d000 rw-p 00003000 08:03 4196917                    /usr/lib/x86_64-linux-gnu/libdl.so.2
7ffa6a12d000-7ffa6a12e000 r--p 00000000 08:03 4196927                    /usr/lib/x86_64-linux-gnu/libpthread.so.0
7ffa6a12e000-7ffa6a12f000 r-xp 00001000 08:03 4196927                    /usr/lib/x86_64-linux-gnu/libpthread.so.0
7ffa6a12f000-7ffa6a130000 r--p 00002000 08:03 4196927                    /usr/lib/x86_64-linux-gnu/libpthread.so.0
7ffa6a130000-7ffa6a131000 r--p 00002000 08:03 4196927                    /usr/lib/x86_64-linux-gnu/libpthread.so.0
7ffa6a131000-7ffa6a132000 rw-p 00003000 08:03 4196927                    /usr/lib/x86_64-linux-gnu/libpthread.so.0
7ffa6a132000-7ffa6a141000 r-xp 00000000 08:03 4906519                    /usr/lib/jvm/jdk-22-oracle-x64/lib/libjli.so
7ffa6a141000-7ffa6a142000 r--p 0000e000 08:03 4906519                    /usr/lib/jvm/jdk-22-oracle-x64/lib/libjli.so
7ffa6a142000-7ffa6a143000 rw-p 0000f000 08:03 4906519                    /usr/lib/jvm/jdk-22-oracle-x64/lib/libjli.so
7ffa6a143000-7ffa6a146000 r--p 00000000 08:03 4221567                    /usr/lib/x86_64-linux-gnu/libz.so.1.2.13
7ffa6a146000-7ffa6a159000 r-xp 00003000 08:03 4221567                    /usr/lib/x86_64-linux-gnu/libz.so.1.2.13
7ffa6a159000-7ffa6a160000 r--p 00016000 08:03 4221567                    /usr/lib/x86_64-linux-gnu/libz.so.1.2.13
7ffa6a160000-7ffa6a161000 r--p 0001c000 08:03 4221567                    /usr/lib/x86_64-linux-gnu/libz.so.1.2.13
7ffa6a161000-7ffa6a162000 rw-p 0001d000 08:03 4221567                    /usr/lib/x86_64-linux-gnu/libz.so.1.2.13
7ffa6a163000-7ffa6a16a000 r--s 00000000 08:03 4198107                    /usr/lib/x86_64-linux-gnu/gconv/gconv-modules.cache
7ffa6a16a000-7ffa6a172000 rw-s 00000000 08:03 4474372                    /tmp/hsperfdata_khalidmarzoug/18986
7ffa6a172000-7ffa6a173000 ---p 00000000 00:00 0 
7ffa6a173000-7ffa6a174000 r--p 00000000 00:00 0 
7ffa6a174000-7ffa6a175000 ---p 00000000 00:00 0 
7ffa6a175000-7ffa6a177000 rw-p 00000000 00:00 0 
7ffa6a177000-7ffa6a178000 r--p 00000000 08:03 4196912                    /usr/lib/x86_64-linux-gnu/ld-linux-x86-64.so.2
7ffa6a178000-7ffa6a19d000 r-xp 00001000 08:03 4196912                    /usr/lib/x86_64-linux-gnu/ld-linux-x86-64.so.2
7ffa6a19d000-7ffa6a1a7000 r--p 00026000 08:03 4196912                    /usr/lib/x86_64-linux-gnu/ld-linux-x86-64.so.2
7ffa6a1a7000-7ffa6a1a9000 r--p 00030000 08:03 4196912                    /usr/lib/x86_64-linux-gnu/ld-linux-x86-64.so.2
7ffa6a1a9000-7ffa6a1ab000 rw-p 00032000 08:03 4196912                    /usr/lib/x86_64-linux-gnu/ld-linux-x86-64.so.2
7ffca43e9000-7ffca440a000 rw-p 00000000 00:00 0                          [stack]
7ffca4550000-7ffca4554000 r--p 00000000 00:00 0                          [vvar]
7ffca4554000-7ffca4556000 r-xp 00000000 00:00 0                          [vdso]
Total number of mappings: 167


VM Arguments:
jvm_args: --enable-preview -XX:+ShowCodeDetailsInExceptionMessages 
java_command: ArrayListClass
java_class_path (initial): /home/khalidmarzoug/Documents/learnJAVA/firstApp/bin
Launcher Type: SUN_STANDARD

[Global flags]
     intx CICompilerCount                          = 4                                         {product} {ergonomic}
     uint ConcGCThreads                            = 2                                         {product} {ergonomic}
     uint G1ConcRefinementThreads                  = 8                                         {product} {ergonomic}
   size_t G1HeapRegionSize                         = 2097152                                   {product} {ergonomic}
   size_t InitialHeapSize                          = 257949696                                 {product} {ergonomic}
   size_t MarkStackSize                            = 4194304                                   {product} {ergonomic}
   size_t MaxHeapSize                              = 4110417920                                {product} {ergonomic}
   size_t MaxNewSize                               = 2466250752                                {product} {ergonomic}
   size_t MinHeapDeltaBytes                        = 2097152                                   {product} {ergonomic}
   size_t MinHeapSize                              = 8388608                                   {product} {ergonomic}
    uintx NonNMethodCodeHeapSize                   = 5839372                                {pd product} {ergonomic}
    uintx NonProfiledCodeHeapSize                  = 122909434                              {pd product} {ergonomic}
    uintx ProfiledCodeHeapSize                     = 122909434                              {pd product} {ergonomic}
    uintx ReservedCodeCacheSize                    = 251658240                              {pd product} {ergonomic}
     bool SegmentedCodeCache                       = true                                      {product} {ergonomic}
     bool ShowCodeDetailsInExceptionMessages       = true                                   {manageable} {command line}
   size_t SoftMaxHeapSize                          = 4110417920                             {manageable} {ergonomic}
     bool UseCompressedOops                        = true                           {product lp64_product} {ergonomic}
     bool UseG1GC                                  = true                                      {product} {ergonomic}

Logging:
Log output configuration:
 #0: stdout all=warning uptime,level,tags foldmultilines=false
 #1: stderr all=off uptime,level,tags foldmultilines=false

Environment Variables:
JAVA_HOME=/usr/lib/jvm/jdk-22-oracle-x64/
PATH=/usr/local/bin:/usr/bin:/bin:/usr/local/games:/usr/games:/usr/local/sbin:/usr/sbin:/sbin
SHELL=/bin/bash
DISPLAY=:0
LANG=en_US.UTF-8
TERM=xterm-256color

Active Locale:
LC_ALL=en_US.UTF-8
LC_COLLATE=en_US.UTF-8
LC_CTYPE=en_US.UTF-8
LC_MESSAGES=en_US.UTF-8
LC_MONETARY=en_US.UTF-8
LC_NUMERIC=en_US.UTF-8
LC_TIME=en_US.UTF-8

Signal Handlers:
   SIGSEGV: crash_handler in libjvm.so, mask=11100100010111111101111111111110, flags=SA_RESTART|SA_SIGINFO, unblocked
    SIGBUS: crash_handler in libjvm.so, mask=11100100010111111101111111111110, flags=SA_RESTART|SA_SIGINFO, unblocked
    SIGFPE: crash_handler in libjvm.so, mask=11100100010111111101111111111110, flags=SA_RESTART|SA_SIGINFO, unblocked
   SIGPIPE: javaSignalHandler in libjvm.so, mask=11100100010111111101111111111110, flags=SA_RESTART|SA_SIGINFO, blocked
   SIGXFSZ: javaSignalHandler in libjvm.so, mask=11100100010111111101111111111110, flags=SA_RESTART|SA_SIGINFO, blocked
    SIGILL: crash_handler in libjvm.so, mask=11100100010111111101111111111110, flags=SA_RESTART|SA_SIGINFO, unblocked
   SIGUSR2: SR_handler in libjvm.so, mask=00000000000000000000000000000000, flags=SA_RESTART|SA_SIGINFO, blocked
    SIGHUP: UserHandler in libjvm.so, mask=11100100010111111101111111111110, flags=SA_RESTART|SA_SIGINFO, blocked
    SIGINT: UserHandler in libjvm.so, mask=11100100010111111101111111111110, flags=SA_RESTART|SA_SIGINFO, blocked
   SIGTERM: UserHandler in libjvm.so, mask=11100100010111111101111111111110, flags=SA_RESTART|SA_SIGINFO, blocked
   SIGQUIT: UserHandler in libjvm.so, mask=11100100010111111101111111111110, flags=SA_RESTART|SA_SIGINFO, blocked
   SIGTRAP: crash_handler in libjvm.so, mask=11100100010111111101111111111110, flags=SA_RESTART|SA_SIGINFO, unblocked


Periodic native trim disabled

---------------  S Y S T E M  ---------------

OS:
PRETTY_NAME="LMDE 6 (faye)"
NAME="LMDE"
VERSION_ID="6"
VERSION="6 (faye)"
VERSION_CODENAME=faye
ID=linuxmint
HOME_URL="https://www.linuxmint.com/"
SUPPORT_URL="https://forums.linuxmint.com/"
BUG_REPORT_URL="http://linuxmint-troubleshooting-guide.readthedocs.io/en/latest/"
PRIVACY_POLICY_URL="https://www.linuxmint.com/"
ID_LIKE=debian
DEBIAN_CODENAME=bookworm
uname: Linux 6.1.0-22-amd64 #1 SMP PREEMPT_DYNAMIC Debian 6.1.94-1 (2024-06-21) x86_64
OS uptime: 0 days 0:47 hours
libc: glibc 2.36 NPTL 2.36 
rlimit (soft/hard): STACK 8192k/infinity , CORE 0k/infinity , NPROC 62353/62353 , NOFILE 1048576/1048576 , AS infinity/infinity , CPU infinity/infinity , DATA infinity/infinity , FSIZE infinity/infinity , MEMLOCK 2006172k/2006172k
load average: 0.93 0.63 0.73

/proc/meminfo:
MemTotal:       16049376 kB
MemFree:         9502256 kB
MemAvailable:   11354160 kB
Buffers:          133992 kB
Cached:          2457652 kB
SwapCached:            0 kB
Active:           886984 kB
Inactive:        4856840 kB
Active(anon):      14248 kB
Inactive(anon):  3671988 kB
Active(file):     872736 kB
Inactive(file):  1184852 kB
Unevictable:      415320 kB
Mlocked:             200 kB
SwapTotal:       8593404 kB
SwapFree:        8593404 kB
Zswap:                 0 kB
Zswapped:              0 kB
Dirty:               644 kB
Writeback:             0 kB
AnonPages:       3525096 kB
Mapped:           854944 kB
Shmem:            534056 kB
KReclaimable:     102664 kB
Slab:             212704 kB
SReclaimable:     102664 kB
SUnreclaim:       110040 kB
KernelStack:       16988 kB
PageTables:        44240 kB
SecPageTables:         0 kB
NFS_Unstable:          0 kB
Bounce:                0 kB
WritebackTmp:          0 kB
CommitLimit:    16618092 kB
Committed_AS:   18745868 kB
VmallocTotal:   34359738367 kB
VmallocUsed:       52968 kB
VmallocChunk:          0 kB
Percpu:             6176 kB
HardwareCorrupted:     0 kB
AnonHugePages:   1140736 kB
ShmemHugePages:   339968 kB
ShmemPmdMapped:        0 kB
FileHugePages:         0 kB
FilePmdMapped:         0 kB
HugePages_Total:       0
HugePages_Free:        0
HugePages_Rsvd:        0
HugePages_Surp:        0
Hugepagesize:       2048 kB
Hugetlb:               0 kB
DirectMap4k:      245592 kB
DirectMap2M:     5718016 kB
DirectMap1G:    10485760 kB

/sys/kernel/mm/transparent_hugepage/enabled: [always] madvise never
/sys/kernel/mm/transparent_hugepage/hpage_pmd_size: 2097152
/sys/kernel/mm/transparent_hugepage/shmem_enabled: always within_size advise [never] deny force
/sys/kernel/mm/transparent_hugepage/defrag (defrag/compaction efforts parameter): always defer defer+madvise [madvise] never

Process Memory:
Virtual Size: 6688292K (peak: 6688292K)
Resident Set Size: 44000K (peak: 44000K) (anon: 25208K, file: 18792K, shmem: 0K)
Swapped out: 0K
C-Heap outstanding allocations: 24170K, retained: 1777K
glibc malloc tunables: (default)

/proc/sys/kernel/threads-max (system-wide limit on the number of threads): 124707
/proc/sys/vm/max_map_count (maximum number of memory map areas a process may have): 65530
/proc/sys/kernel/pid_max (system-wide limit on number of process identifiers): 4194304

container (cgroup) information:
container_type: cgroupv2
cpu_cpuset_cpus: not supported
cpu_memory_nodes: not supported
active_processor_count: 8
cpu_quota: not supported
cpu_period: not supported
cpu_shares: not supported
memory_limit_in_bytes: unlimited
memory_and_swap_limit_in_bytes: unlimited
memory_soft_limit_in_bytes: unlimited
memory_usage_in_bytes: 1894712 k
memory_max_usage_in_bytes: not supported
memory_swap_current_in_bytes: unlimited
memory_swap_max_limit_in_bytes: unlimited
maximum number of tasks: 18706
current number of tasks: 237

Steal ticks since vm start: 0
Steal ticks percentage since vm start:  0.000

CPU: total 8 (initial active 8) (4 cores per cpu, 2 threads per core) family 6 model 142 stepping 12 microcode 0xfa, cx8, cmov, fxsr, ht, mmx, 3dnowpref, sse, sse2, sse3, ssse3, sse4.1, sse4.2, popcnt, lzcnt, tsc, tscinvbit, avx, avx2, aes, erms, clmul, bmi1, bmi2, rtm, adx, fma, vzeroupper, clflush, clflushopt, rdtscp, f16c
CPU Model and flags from /proc/cpuinfo:
model name	: Intel(R) Core(TM) i5-8365U CPU @ 1.60GHz
flags		: fpu vme de pse tsc msr pae mce cx8 apic sep mtrr pge mca cmov pat pse36 clflush dts acpi mmx fxsr sse sse2 ss ht tm pbe syscall nx pdpe1gb rdtscp lm constant_tsc art arch_perfmon pebs bts rep_good nopl xtopology nonstop_tsc cpuid aperfmperf pni pclmulqdq dtes64 monitor ds_cpl vmx smx est tm2 ssse3 sdbg fma cx16 xtpr pdcm pcid sse4_1 sse4_2 x2apic movbe popcnt tsc_deadline_timer aes xsave avx f16c rdrand lahf_lm abm 3dnowprefetch cpuid_fault epb invpcid_single ssbd ibrs ibpb stibp ibrs_enhanced tpr_shadow vnmi flexpriority ept vpid ept_ad fsgsbase tsc_adjust sgx bmi1 avx2 smep bmi2 erms invpcid mpx rdseed adx smap clflushopt intel_pt xsaveopt xsavec xgetbv1 xsaves dtherm ida arat pln pts hwp hwp_notify hwp_act_window hwp_epp md_clear flush_l1d arch_capabilities

Online cpus: 0-7
Offline cpus: 
BIOS frequency limitation: <Not Available>
Frequency switch latency (ns): 0
Available cpu frequencies: <Not Available>
Current governor: powersave
Core performance/turbo boost: <Not Available>

Memory: 4k page, physical 16049376k(11354160k free), swap 8593404k(8593404k free)
Page Sizes: 4k

vm_info: Java HotSpot(TM) 64-Bit Server VM (22.0.1+8-16) for linux-amd64 JRE (22.0.1+8-16), built on 2024-03-12T10:33:16Z by "mach5one" with gcc 13.2.0

END.
