#
# A fatal error has been detected by the Java Runtime Environment:
#
#  SIGSEGV (0xb) at pc=0x00007f4b90d9da09, pid=60804, tid=60805
#
# JRE version:  (22.0.1+8) (build )
# Java VM: Java HotSpot(TM) 64-Bit Server VM (22.0.1+8-16, mixed mode, sharing, tiered, compressed oops, compressed class ptrs, g1 gc, linux-amd64)
# Problematic frame:
# V  [libjvm.so+0x79da09]  G1CollectedHeap::populate_archive_regions_bot_part(MemRegion)+0xa9
#
# Core dump will be written. Default location: Core dumps may be processed with "/lib/systemd/systemd-coredump %P %u %g %s %t 9223372036854775808 %h" (or dumping to /home/khalidmarzoug/Documents/learnJAVA/firstApp/core.60804)
#
#

---------------  S U M M A R Y ------------

Command Line: --enable-preview -XX:+ShowCodeDetailsInExceptionMessages Arrays

Host: Intel(R) Core(TM) i5-8365U CPU @ 1.60GHz, 8 cores, 15G, LMDE 6 (faye)
Time: Sat Jul 13 08:26:56 2024 +01 elapsed time: 0.044112 seconds (0d 0h 0m 0s)

---------------  T H R E A D  ---------------

Current thread (0x00007f4b8c028da0):  JavaThread "Unknown thread" [_thread_in_vm, id=60805, stack(0x00007f4b90421000,0x00007f4b90521000) (1024K)]

Stack: [0x00007f4b90421000,0x00007f4b90521000],  sp=0x00007f4b9051fa10,  free space=1018k
Native frames: (J=compiled Java code, j=interpreted, Vv=VM code, C=native code)
V  [libjvm.so+0x79da09]  G1CollectedHeap::populate_archive_regions_bot_part(MemRegion)+0xa9
V  [libjvm.so+0x410a15]  ArchiveHeapLoader::fixup_region()+0x75
V  [libjvm.so+0xf3f6f5]  vmClasses::resolve_all(JavaThread*)+0x185
V  [libjvm.so+0xe73c59]  SystemDictionary::initialize(JavaThread*)+0xd9
V  [libjvm.so+0xee77e0]  Universe::genesis(JavaThread*)+0xa0
V  [libjvm.so+0xee8f03]  universe2_init()+0x23
V  [libjvm.so+0x8bb939]  init_globals2()+0x9
V  [libjvm.so+0xec96e9]  Threads::create_vm(JavaVMInitArgs*, bool*)+0x2d9
V  [libjvm.so+0x99764e]  JNI_CreateJavaVM+0x4e
C  [libjli.so+0x3c2f]  JavaMain+0x8f
C  [libjli.so+0x7ee9]  ThreadJavaMain+0x9

siginfo: si_signo: 11 (SIGSEGV), si_code: 1 (SEGV_MAPERR), si_addr: 0x00007f4baa86f64a

Registers:
RAX=0x00007f4b91a46908, RBX=0x00007f4b8c13cef0, RCX=0x0000000000000000, RDX=0x00000007fff08d00
RSP=0x00007f4b9051fa10, RBP=0x00007f4b9051fa60, RSI=0x00000007ffee4028, RDI=0x00007f4baa86f642
R8 =0x000000000000000c, R9 =0x00007f4b8c0057e0, R10=0x00007f4b8c0057e0, R11=0x0000000000000020
R12=0x00007f4b91a13548, R13=0x00007f4b90a11850, R14=0x0000000000000000, R15=0x00000007ffee4028
RIP=0x00007f4b90d9da09, EFLAGS=0x0000000000010206, CSGSFS=0x002b000000000033, ERR=0x0000000000000004
  TRAPNO=0x000000000000000e


Top of Stack: (sp=0x00007f4b9051fa10)
0x00007f4b9051fa10:   00007f4b9051fa38 00007f4b8c03c3c0
0x00007f4b9051fa20:   00000007ffebee20 00007f4b8c13cef0
0x00007f4b9051fa30:   00007f4b8c028da0 00007f4b8c028da0
0x00007f4b9051fa40:   0000000000000001 00007f4b91a129d4
0x00007f4b9051fa50:   00007f4b91a45f88 00007f4b91a7d980
0x00007f4b9051fa60:   00007f4b9051fa70 00007f4b90a10a15
0x00007f4b9051fa70:   00007f4b9051faa0 00007f4b9153f6f5
0x00007f4b9051fa80:   00007f4b8c028da0 00007f4b8c0294b0
0x00007f4b9051fa90:   00007f4b9051fb20 00007f4b8c0294f0
0x00007f4b9051faa0:   00007f4b9051fac0 00007f4b91473c59
0x00007f4b9051fab0:   00007f4b8c0294f0 00007f4b8c028da0
0x00007f4b9051fac0:   00007f4b9051fb90 00007f4b914e77e0
0x00007f4b9051fad0:   00007f4b9051fbc0 00000000000003d8
0x00007f4b9051fae0:   00007f4b8c0294f0 00007f4b8c029500
0x00007f4b9051faf0:   00007f4b8c0298d8 00007f4b8c029500
0x00007f4b9051fb00:   0000000000000000 00007f4b8c14fdf0
0x00007f4b9051fb10:   0000000000000002 0000000000000000
0x00007f4b9051fb20:   00007f4b8c028da0 00007f4b8c0298e0
0x00007f4b9051fb30:   00007f4b8c029920 00007f4b8c029930
0x00007f4b9051fb40:   00007f4b8c029a08 00000000000000d8
0x00007f4b9051fb50:   00007f4b8c029a10 00007f4b91d0893c
0x00007f4b9051fb60:   00007f4b9051fba8 00007f4b8c028da0
0x00007f4b9051fb70:   00007f4b9051fba8 00007f4b9051fc20
0x00007f4b9051fb80:   00007f4b9051fdbf 00007f4b91a7d980
0x00007f4b9051fb90:   00007f4b9051fbc0 00007f4b914e8f03
0x00007f4b9051fba0:   00007f4b8c028da0 00007f4b8c028da0
0x00007f4b9051fbb0:   00007f4b9051fc00 00007f4b8c028da0
0x00007f4b9051fbc0:   00007f4b9051fbd0 00007f4b90ebb939
0x00007f4b9051fbd0:   00007f4b9051fda0 00007f4b914c96e9
0x00007f4b9051fbe0:   0000000000000000 0000000000000000
0x00007f4b9051fbf0:   0000000000000000 0000000000000000
0x00007f4b9051fc00:   0000000000000001 00000190aafcdcb2 

Instructions: (pc=0x00007f4b90d9da09)
0x00007f4b90d9d909:   5e 0f 00 48 89 de 4c 89 ef e8 e9 61 0f 00 49 8b
0x00007f4b90d9d919:   87 30 04 00 00 4c 89 ee 48 8d 78 18 e8 16 69 07
0x00007f4b90d9d929:   00 45 39 f4 73 c1 e9 f8 fe ff ff 66 66 2e 0f 1f
0x00007f4b90d9d939:   84 00 00 00 00 00 90 48 8d 05 11 56 cb 00 48 8b
0x00007f4b90d9d949:   08 48 89 ca 48 8d 44 39 ff 48 f7 da 48 21 d0 31
0x00007f4b90d9d959:   d2 48 f7 f1 c3 66 90 55 48 89 d0 48 8d 44 c6 f8
0x00007f4b90d9d969:   48 89 e5 41 57 41 56 41 55 41 54 53 48 83 ec 28
0x00007f4b90d9d979:   8b 8f 18 02 00 00 48 89 7d b8 48 8b 97 08 02 00
0x00007f4b90d9d989:   00 48 89 f7 48 d3 ef 48 d3 e8 48 8b 04 c2 48 8b
0x00007f4b90d9d999:   1c fa 48 89 45 c8 48 85 db 0f 84 4c 01 00 00 4c
0x00007f4b90d9d9a9:   8d 2d a1 3e c7 ff 90 48 8b 45 c8 48 39 d8 0f 84
0x00007f4b90d9d9b9:   63 01 00 00 48 8b 45 b8 48 89 de 48 8d b8 90 01
0x00007f4b90d9d9c9:   00 00 e8 e0 a9 0f 00 48 8b 33 49 89 c6 48 8b 43
0x00007f4b90d9d9d9:   10 48 39 c6 0f 83 05 01 00 00 4c 8d 25 5e 5b c7
0x00007f4b90d9d9e9:   00 eb 65 0f 1f 40 00 48 8d 05 09 8f ca 00 8b 7e
0x00007f4b90d9d9f9:   08 8b 08 48 8d 05 05 8f ca 00 48 d3 e7 48 03 38
0x00007f4b90d9da09:   8b 4f 08 85 c9 0f 8e 94 00 00 00 f6 c1 01 74 13
0x00007f4b90d9da19:   48 8b 07 48 8b 80 00 01 00 00 4c 39 e8 0f 85 dc
0x00007f4b90d9da29:   00 00 00 c1 f9 03 48 63 c9 4c 8d 3c ce 4c 89 fa
0x00007f4b90d9da39:   48 89 df e8 5f 66 0f 00 48 8b 53 10 49 39 d7 0f
0x00007f4b90d9da49:   83 9a 00 00 00 4c 89 fe 41 80 3c 24 00 75 98 48
0x00007f4b90d9da59:   8b 7e 08 8b 4f 08 85 c9 7f b1 74 53 41 b8 10 00
0x00007f4b90d9da69:   00 00 48 8d 05 5a 4f c7 00 8b 10 89 c8 c1 f8 10
0x00007f4b90d9da79:   8d 7a ff 0f b6 c0 f7 da 48 63 ff 48 63 d2 48 01
0x00007f4b90d9da89:   f8 4a 63 3c 06 48 d3 e7 48 01 f8 48 21 d0 48 83
0x00007f4b90d9da99:   e0 f8 4c 8d 3c 06 eb 95 0f 1f 80 00 00 00 00 74
0x00007f4b90d9daa9:   0e 41 b8 0c 00 00 00 eb b9 66 0f 1f 44 00 00 48
0x00007f4b90d9dab9:   8b 07 49 89 f7 48 8b 90 00 01 00 00 4c 39 ea 0f
0x00007f4b90d9dac9:   84 68 ff ff ff 48 89 75 c0 ff d2 48 8b 75 c0 4c
0x00007f4b90d9dad9:   8d 3c c6 e9 55 ff ff ff 0f 1f 80 00 00 00 00 4c
0x00007f4b90d9dae9:   89 f3 4d 85 f6 0f 85 bc fe ff ff 48 83 c4 28 5b
0x00007f4b90d9daf9:   41 5c 41 5d 41 5e 41 5f 5d c3 0f 1f 44 00 00 48 



---------------  P R O C E S S  ---------------

Threads class SMR info:
_java_thread_list=0x00007f4b8c14ff70, length=1, elements={
0x00007f4b8c028da0
}

Java Threads: ( => current thread )
=>0x00007f4b8c028da0 JavaThread "Unknown thread"             [_thread_in_vm, id=60805, stack(0x00007f4b90421000,0x00007f4b90521000) (1024K)]
Total: 1

Other Threads:
  0x00007f4b8c14f090 WatcherThread "VM Periodic Task Thread"        [id=60811, stack(0x00007f4b6ca02000,0x00007f4b6cb02000) (1024K)]
  0x00007f4b8c0908b0 WorkerThread "GC Thread#0"                     [id=60806, stack(0x00007f4b6f7eb000,0x00007f4b6f8eb000) (1024K)]
  0x00007f4b8c0a13d0 ConcurrentGCThread "G1 Main Marker"            [id=60807, stack(0x00007f4b6f6ea000,0x00007f4b6f7ea000) (1024K)]
  0x00007f4b8c0a2370 WorkerThread "G1 Conc#0"                       [id=60808, stack(0x00007f4b6f5e9000,0x00007f4b6f6e9000) (1024K)]
  0x00007f4b8c1347d0 ConcurrentGCThread "G1 Refine#0"               [id=60809, stack(0x00007f4b6cce0000,0x00007f4b6cde0000) (1024K)]
  0x00007f4b8c135790 ConcurrentGCThread "G1 Service"                [id=60810, stack(0x00007f4b6cbdf000,0x00007f4b6ccdf000) (1024K)]
Total: 6

Threads with active compile tasks:
Total: 0

VM state: not at safepoint (not fully initialized)

VM Mutex/Monitor currently owned by a thread: None

Heap address: 0x000000070b000000, size: 3920 MB, Compressed Oops mode: Zero based, Oop shift amount: 3

CDS archive(s) mapped at: [0x00007f4b16000000-0x00007f4b16c79000-0x00007f4b16c79000), size 13078528, SharedBaseAddress: 0x00007f4b16000000, ArchiveRelocationMode: 1.
Compressed class space mapped at: 0x00007f4b17000000-0x00007f4b57000000, reserved size: 1073741824
Narrow klass base: 0x00007f4b16000000, Narrow klass shift: 0, Narrow klass range: 0x100000000

GC Precious Log:
 CardTable entry size: 512
 Card Set container configuration: InlinePtr #cards 4 size 8 Array Of Cards #cards 16 size 48 Howl #buckets 8 coarsen threshold 3686 Howl Bitmap #cards 512 size 80 coarsen threshold 460 Card regions per heap region 1 cards per card region 4096
 CPUs: 8 total, 8 available
 Memory: 15673M
 Large Page Support: Disabled
 NUMA Support: Disabled
 Compressed Oops: Enabled (Zero based)
 Heap Region Size: 2M
 Heap Min Capacity: 8M
 Heap Initial Capacity: 246M
 Heap Max Capacity: 3920M
 Pre-touch: Disabled
 Parallel Workers: 8
 Concurrent Workers: 2
 Concurrent Refinement Workers: 8
 Periodic GC: Disabled

Heap:
 garbage-first heap   total reserved 4014080K, committed 253952K, used 1059K [0x000000070b000000, 0x0000000800000000)
  region size 2048K, 0 young (0K), 0 survivors (0K)
 Metaspace       used 0K, committed 0K, reserved 1048576K
  class space    used 0K, committed 0K, reserved 1048576K

Heap Regions: E=young(eden), S=young(survivor), O=old, HS=humongous(starts), HC=humongous(continues), CS=collection set, F=free, TAMS=top-at-mark-start, PB=parsable bottom
|   0|0x000000070b000000, 0x000000070b000000, 0x000000070b200000|  0%| F|  |TAMS 0x000000070b000000| PB 0x000000070b000000| Untracked |  0
|   1|0x000000070b200000, 0x000000070b200000, 0x000000070b400000|  0%| F|  |TAMS 0x000000070b200000| PB 0x000000070b200000| Untracked |  0
|   2|0x000000070b400000, 0x000000070b400000, 0x000000070b600000|  0%| F|  |TAMS 0x000000070b400000| PB 0x000000070b400000| Untracked |  0
|   3|0x000000070b600000, 0x000000070b600000, 0x000000070b800000|  0%| F|  |TAMS 0x000000070b600000| PB 0x000000070b600000| Untracked |  0
|   4|0x000000070b800000, 0x000000070b800000, 0x000000070ba00000|  0%| F|  |TAMS 0x000000070b800000| PB 0x000000070b800000| Untracked |  0
|   5|0x000000070ba00000, 0x000000070ba00000, 0x000000070bc00000|  0%| F|  |TAMS 0x000000070ba00000| PB 0x000000070ba00000| Untracked |  0
|   6|0x000000070bc00000, 0x000000070bc00000, 0x000000070be00000|  0%| F|  |TAMS 0x000000070bc00000| PB 0x000000070bc00000| Untracked |  0
|   7|0x000000070be00000, 0x000000070be00000, 0x000000070c000000|  0%| F|  |TAMS 0x000000070be00000| PB 0x000000070be00000| Untracked |  0
|   8|0x000000070c000000, 0x000000070c000000, 0x000000070c200000|  0%| F|  |TAMS 0x000000070c000000| PB 0x000000070c000000| Untracked |  0
|   9|0x000000070c200000, 0x000000070c200000, 0x000000070c400000|  0%| F|  |TAMS 0x000000070c200000| PB 0x000000070c200000| Untracked |  0
|  10|0x000000070c400000, 0x000000070c400000, 0x000000070c600000|  0%| F|  |TAMS 0x000000070c400000| PB 0x000000070c400000| Untracked |  0
|  11|0x000000070c600000, 0x000000070c600000, 0x000000070c800000|  0%| F|  |TAMS 0x000000070c600000| PB 0x000000070c600000| Untracked |  0
|  12|0x000000070c800000, 0x000000070c800000, 0x000000070ca00000|  0%| F|  |TAMS 0x000000070c800000| PB 0x000000070c800000| Untracked |  0
|  13|0x000000070ca00000, 0x000000070ca00000, 0x000000070cc00000|  0%| F|  |TAMS 0x000000070ca00000| PB 0x000000070ca00000| Untracked |  0
|  14|0x000000070cc00000, 0x000000070cc00000, 0x000000070ce00000|  0%| F|  |TAMS 0x000000070cc00000| PB 0x000000070cc00000| Untracked |  0
|  15|0x000000070ce00000, 0x000000070ce00000, 0x000000070d000000|  0%| F|  |TAMS 0x000000070ce00000| PB 0x000000070ce00000| Untracked |  0
|  16|0x000000070d000000, 0x000000070d000000, 0x000000070d200000|  0%| F|  |TAMS 0x000000070d000000| PB 0x000000070d000000| Untracked |  0
|  17|0x000000070d200000, 0x000000070d200000, 0x000000070d400000|  0%| F|  |TAMS 0x000000070d200000| PB 0x000000070d200000| Untracked |  0
|  18|0x000000070d400000, 0x000000070d400000, 0x000000070d600000|  0%| F|  |TAMS 0x000000070d400000| PB 0x000000070d400000| Untracked |  0
|  19|0x000000070d600000, 0x000000070d600000, 0x000000070d800000|  0%| F|  |TAMS 0x000000070d600000| PB 0x000000070d600000| Untracked |  0
|  20|0x000000070d800000, 0x000000070d800000, 0x000000070da00000|  0%| F|  |TAMS 0x000000070d800000| PB 0x000000070d800000| Untracked |  0
|  21|0x000000070da00000, 0x000000070da00000, 0x000000070dc00000|  0%| F|  |TAMS 0x000000070da00000| PB 0x000000070da00000| Untracked |  0
|  22|0x000000070dc00000, 0x000000070dc00000, 0x000000070de00000|  0%| F|  |TAMS 0x000000070dc00000| PB 0x000000070dc00000| Untracked |  0
|  23|0x000000070de00000, 0x000000070de00000, 0x000000070e000000|  0%| F|  |TAMS 0x000000070de00000| PB 0x000000070de00000| Untracked |  0
|  24|0x000000070e000000, 0x000000070e000000, 0x000000070e200000|  0%| F|  |TAMS 0x000000070e000000| PB 0x000000070e000000| Untracked |  0
|  25|0x000000070e200000, 0x000000070e200000, 0x000000070e400000|  0%| F|  |TAMS 0x000000070e200000| PB 0x000000070e200000| Untracked |  0
|  26|0x000000070e400000, 0x000000070e400000, 0x000000070e600000|  0%| F|  |TAMS 0x000000070e400000| PB 0x000000070e400000| Untracked |  0
|  27|0x000000070e600000, 0x000000070e600000, 0x000000070e800000|  0%| F|  |TAMS 0x000000070e600000| PB 0x000000070e600000| Untracked |  0
|  28|0x000000070e800000, 0x000000070e800000, 0x000000070ea00000|  0%| F|  |TAMS 0x000000070e800000| PB 0x000000070e800000| Untracked |  0
|  29|0x000000070ea00000, 0x000000070ea00000, 0x000000070ec00000|  0%| F|  |TAMS 0x000000070ea00000| PB 0x000000070ea00000| Untracked |  0
|  30|0x000000070ec00000, 0x000000070ec00000, 0x000000070ee00000|  0%| F|  |TAMS 0x000000070ec00000| PB 0x000000070ec00000| Untracked |  0
|  31|0x000000070ee00000, 0x000000070ee00000, 0x000000070f000000|  0%| F|  |TAMS 0x000000070ee00000| PB 0x000000070ee00000| Untracked |  0
|  32|0x000000070f000000, 0x000000070f000000, 0x000000070f200000|  0%| F|  |TAMS 0x000000070f000000| PB 0x000000070f000000| Untracked |  0
|  33|0x000000070f200000, 0x000000070f200000, 0x000000070f400000|  0%| F|  |TAMS 0x000000070f200000| PB 0x000000070f200000| Untracked |  0
|  34|0x000000070f400000, 0x000000070f400000, 0x000000070f600000|  0%| F|  |TAMS 0x000000070f400000| PB 0x000000070f400000| Untracked |  0
|  35|0x000000070f600000, 0x000000070f600000, 0x000000070f800000|  0%| F|  |TAMS 0x000000070f600000| PB 0x000000070f600000| Untracked |  0
|  36|0x000000070f800000, 0x000000070f800000, 0x000000070fa00000|  0%| F|  |TAMS 0x000000070f800000| PB 0x000000070f800000| Untracked |  0
|  37|0x000000070fa00000, 0x000000070fa00000, 0x000000070fc00000|  0%| F|  |TAMS 0x000000070fa00000| PB 0x000000070fa00000| Untracked |  0
|  38|0x000000070fc00000, 0x000000070fc00000, 0x000000070fe00000|  0%| F|  |TAMS 0x000000070fc00000| PB 0x000000070fc00000| Untracked |  0
|  39|0x000000070fe00000, 0x000000070fe00000, 0x0000000710000000|  0%| F|  |TAMS 0x000000070fe00000| PB 0x000000070fe00000| Untracked |  0
|  40|0x0000000710000000, 0x0000000710000000, 0x0000000710200000|  0%| F|  |TAMS 0x0000000710000000| PB 0x0000000710000000| Untracked |  0
|  41|0x0000000710200000, 0x0000000710200000, 0x0000000710400000|  0%| F|  |TAMS 0x0000000710200000| PB 0x0000000710200000| Untracked |  0
|  42|0x0000000710400000, 0x0000000710400000, 0x0000000710600000|  0%| F|  |TAMS 0x0000000710400000| PB 0x0000000710400000| Untracked |  0
|  43|0x0000000710600000, 0x0000000710600000, 0x0000000710800000|  0%| F|  |TAMS 0x0000000710600000| PB 0x0000000710600000| Untracked |  0
|  44|0x0000000710800000, 0x0000000710800000, 0x0000000710a00000|  0%| F|  |TAMS 0x0000000710800000| PB 0x0000000710800000| Untracked |  0
|  45|0x0000000710a00000, 0x0000000710a00000, 0x0000000710c00000|  0%| F|  |TAMS 0x0000000710a00000| PB 0x0000000710a00000| Untracked |  0
|  46|0x0000000710c00000, 0x0000000710c00000, 0x0000000710e00000|  0%| F|  |TAMS 0x0000000710c00000| PB 0x0000000710c00000| Untracked |  0
|  47|0x0000000710e00000, 0x0000000710e00000, 0x0000000711000000|  0%| F|  |TAMS 0x0000000710e00000| PB 0x0000000710e00000| Untracked |  0
|  48|0x0000000711000000, 0x0000000711000000, 0x0000000711200000|  0%| F|  |TAMS 0x0000000711000000| PB 0x0000000711000000| Untracked |  0
|  49|0x0000000711200000, 0x0000000711200000, 0x0000000711400000|  0%| F|  |TAMS 0x0000000711200000| PB 0x0000000711200000| Untracked |  0
|  50|0x0000000711400000, 0x0000000711400000, 0x0000000711600000|  0%| F|  |TAMS 0x0000000711400000| PB 0x0000000711400000| Untracked |  0
|  51|0x0000000711600000, 0x0000000711600000, 0x0000000711800000|  0%| F|  |TAMS 0x0000000711600000| PB 0x0000000711600000| Untracked |  0
|  52|0x0000000711800000, 0x0000000711800000, 0x0000000711a00000|  0%| F|  |TAMS 0x0000000711800000| PB 0x0000000711800000| Untracked |  0
|  53|0x0000000711a00000, 0x0000000711a00000, 0x0000000711c00000|  0%| F|  |TAMS 0x0000000711a00000| PB 0x0000000711a00000| Untracked |  0
|  54|0x0000000711c00000, 0x0000000711c00000, 0x0000000711e00000|  0%| F|  |TAMS 0x0000000711c00000| PB 0x0000000711c00000| Untracked |  0
|  55|0x0000000711e00000, 0x0000000711e00000, 0x0000000712000000|  0%| F|  |TAMS 0x0000000711e00000| PB 0x0000000711e00000| Untracked |  0
|  56|0x0000000712000000, 0x0000000712000000, 0x0000000712200000|  0%| F|  |TAMS 0x0000000712000000| PB 0x0000000712000000| Untracked |  0
|  57|0x0000000712200000, 0x0000000712200000, 0x0000000712400000|  0%| F|  |TAMS 0x0000000712200000| PB 0x0000000712200000| Untracked |  0
|  58|0x0000000712400000, 0x0000000712400000, 0x0000000712600000|  0%| F|  |TAMS 0x0000000712400000| PB 0x0000000712400000| Untracked |  0
|  59|0x0000000712600000, 0x0000000712600000, 0x0000000712800000|  0%| F|  |TAMS 0x0000000712600000| PB 0x0000000712600000| Untracked |  0
|  60|0x0000000712800000, 0x0000000712800000, 0x0000000712a00000|  0%| F|  |TAMS 0x0000000712800000| PB 0x0000000712800000| Untracked |  0
|  61|0x0000000712a00000, 0x0000000712a00000, 0x0000000712c00000|  0%| F|  |TAMS 0x0000000712a00000| PB 0x0000000712a00000| Untracked |  0
|  62|0x0000000712c00000, 0x0000000712c00000, 0x0000000712e00000|  0%| F|  |TAMS 0x0000000712c00000| PB 0x0000000712c00000| Untracked |  0
|  63|0x0000000712e00000, 0x0000000712e00000, 0x0000000713000000|  0%| F|  |TAMS 0x0000000712e00000| PB 0x0000000712e00000| Untracked |  0
|  64|0x0000000713000000, 0x0000000713000000, 0x0000000713200000|  0%| F|  |TAMS 0x0000000713000000| PB 0x0000000713000000| Untracked |  0
|  65|0x0000000713200000, 0x0000000713200000, 0x0000000713400000|  0%| F|  |TAMS 0x0000000713200000| PB 0x0000000713200000| Untracked |  0
|  66|0x0000000713400000, 0x0000000713400000, 0x0000000713600000|  0%| F|  |TAMS 0x0000000713400000| PB 0x0000000713400000| Untracked |  0
|  67|0x0000000713600000, 0x0000000713600000, 0x0000000713800000|  0%| F|  |TAMS 0x0000000713600000| PB 0x0000000713600000| Untracked |  0
|  68|0x0000000713800000, 0x0000000713800000, 0x0000000713a00000|  0%| F|  |TAMS 0x0000000713800000| PB 0x0000000713800000| Untracked |  0
|  69|0x0000000713a00000, 0x0000000713a00000, 0x0000000713c00000|  0%| F|  |TAMS 0x0000000713a00000| PB 0x0000000713a00000| Untracked |  0
|  70|0x0000000713c00000, 0x0000000713c00000, 0x0000000713e00000|  0%| F|  |TAMS 0x0000000713c00000| PB 0x0000000713c00000| Untracked |  0
|  71|0x0000000713e00000, 0x0000000713e00000, 0x0000000714000000|  0%| F|  |TAMS 0x0000000713e00000| PB 0x0000000713e00000| Untracked |  0
|  72|0x0000000714000000, 0x0000000714000000, 0x0000000714200000|  0%| F|  |TAMS 0x0000000714000000| PB 0x0000000714000000| Untracked |  0
|  73|0x0000000714200000, 0x0000000714200000, 0x0000000714400000|  0%| F|  |TAMS 0x0000000714200000| PB 0x0000000714200000| Untracked |  0
|  74|0x0000000714400000, 0x0000000714400000, 0x0000000714600000|  0%| F|  |TAMS 0x0000000714400000| PB 0x0000000714400000| Untracked |  0
|  75|0x0000000714600000, 0x0000000714600000, 0x0000000714800000|  0%| F|  |TAMS 0x0000000714600000| PB 0x0000000714600000| Untracked |  0
|  76|0x0000000714800000, 0x0000000714800000, 0x0000000714a00000|  0%| F|  |TAMS 0x0000000714800000| PB 0x0000000714800000| Untracked |  0
|  77|0x0000000714a00000, 0x0000000714a00000, 0x0000000714c00000|  0%| F|  |TAMS 0x0000000714a00000| PB 0x0000000714a00000| Untracked |  0
|  78|0x0000000714c00000, 0x0000000714c00000, 0x0000000714e00000|  0%| F|  |TAMS 0x0000000714c00000| PB 0x0000000714c00000| Untracked |  0
|  79|0x0000000714e00000, 0x0000000714e00000, 0x0000000715000000|  0%| F|  |TAMS 0x0000000714e00000| PB 0x0000000714e00000| Untracked |  0
|  80|0x0000000715000000, 0x0000000715000000, 0x0000000715200000|  0%| F|  |TAMS 0x0000000715000000| PB 0x0000000715000000| Untracked |  0
|  81|0x0000000715200000, 0x0000000715200000, 0x0000000715400000|  0%| F|  |TAMS 0x0000000715200000| PB 0x0000000715200000| Untracked |  0
|  82|0x0000000715400000, 0x0000000715400000, 0x0000000715600000|  0%| F|  |TAMS 0x0000000715400000| PB 0x0000000715400000| Untracked |  0
|  83|0x0000000715600000, 0x0000000715600000, 0x0000000715800000|  0%| F|  |TAMS 0x0000000715600000| PB 0x0000000715600000| Untracked |  0
|  84|0x0000000715800000, 0x0000000715800000, 0x0000000715a00000|  0%| F|  |TAMS 0x0000000715800000| PB 0x0000000715800000| Untracked |  0
|  85|0x0000000715a00000, 0x0000000715a00000, 0x0000000715c00000|  0%| F|  |TAMS 0x0000000715a00000| PB 0x0000000715a00000| Untracked |  0
|  86|0x0000000715c00000, 0x0000000715c00000, 0x0000000715e00000|  0%| F|  |TAMS 0x0000000715c00000| PB 0x0000000715c00000| Untracked |  0
|  87|0x0000000715e00000, 0x0000000715e00000, 0x0000000716000000|  0%| F|  |TAMS 0x0000000715e00000| PB 0x0000000715e00000| Untracked |  0
|  88|0x0000000716000000, 0x0000000716000000, 0x0000000716200000|  0%| F|  |TAMS 0x0000000716000000| PB 0x0000000716000000| Untracked |  0
|  89|0x0000000716200000, 0x0000000716200000, 0x0000000716400000|  0%| F|  |TAMS 0x0000000716200000| PB 0x0000000716200000| Untracked |  0
|  90|0x0000000716400000, 0x0000000716400000, 0x0000000716600000|  0%| F|  |TAMS 0x0000000716400000| PB 0x0000000716400000| Untracked |  0
|  91|0x0000000716600000, 0x0000000716600000, 0x0000000716800000|  0%| F|  |TAMS 0x0000000716600000| PB 0x0000000716600000| Untracked |  0
|  92|0x0000000716800000, 0x0000000716800000, 0x0000000716a00000|  0%| F|  |TAMS 0x0000000716800000| PB 0x0000000716800000| Untracked |  0
|  93|0x0000000716a00000, 0x0000000716a00000, 0x0000000716c00000|  0%| F|  |TAMS 0x0000000716a00000| PB 0x0000000716a00000| Untracked |  0
|  94|0x0000000716c00000, 0x0000000716c00000, 0x0000000716e00000|  0%| F|  |TAMS 0x0000000716c00000| PB 0x0000000716c00000| Untracked |  0
|  95|0x0000000716e00000, 0x0000000716e00000, 0x0000000717000000|  0%| F|  |TAMS 0x0000000716e00000| PB 0x0000000716e00000| Untracked |  0
|  96|0x0000000717000000, 0x0000000717000000, 0x0000000717200000|  0%| F|  |TAMS 0x0000000717000000| PB 0x0000000717000000| Untracked |  0
|  97|0x0000000717200000, 0x0000000717200000, 0x0000000717400000|  0%| F|  |TAMS 0x0000000717200000| PB 0x0000000717200000| Untracked |  0
|  98|0x0000000717400000, 0x0000000717400000, 0x0000000717600000|  0%| F|  |TAMS 0x0000000717400000| PB 0x0000000717400000| Untracked |  0
|  99|0x0000000717600000, 0x0000000717600000, 0x0000000717800000|  0%| F|  |TAMS 0x0000000717600000| PB 0x0000000717600000| Untracked |  0
| 100|0x0000000717800000, 0x0000000717800000, 0x0000000717a00000|  0%| F|  |TAMS 0x0000000717800000| PB 0x0000000717800000| Untracked |  0
| 101|0x0000000717a00000, 0x0000000717a00000, 0x0000000717c00000|  0%| F|  |TAMS 0x0000000717a00000| PB 0x0000000717a00000| Untracked |  0
| 102|0x0000000717c00000, 0x0000000717c00000, 0x0000000717e00000|  0%| F|  |TAMS 0x0000000717c00000| PB 0x0000000717c00000| Untracked |  0
| 103|0x0000000717e00000, 0x0000000717e00000, 0x0000000718000000|  0%| F|  |TAMS 0x0000000717e00000| PB 0x0000000717e00000| Untracked |  0
| 104|0x0000000718000000, 0x0000000718000000, 0x0000000718200000|  0%| F|  |TAMS 0x0000000718000000| PB 0x0000000718000000| Untracked |  0
| 105|0x0000000718200000, 0x0000000718200000, 0x0000000718400000|  0%| F|  |TAMS 0x0000000718200000| PB 0x0000000718200000| Untracked |  0
| 106|0x0000000718400000, 0x0000000718400000, 0x0000000718600000|  0%| F|  |TAMS 0x0000000718400000| PB 0x0000000718400000| Untracked |  0
| 107|0x0000000718600000, 0x0000000718600000, 0x0000000718800000|  0%| F|  |TAMS 0x0000000718600000| PB 0x0000000718600000| Untracked |  0
| 108|0x0000000718800000, 0x0000000718800000, 0x0000000718a00000|  0%| F|  |TAMS 0x0000000718800000| PB 0x0000000718800000| Untracked |  0
| 109|0x0000000718a00000, 0x0000000718a00000, 0x0000000718c00000|  0%| F|  |TAMS 0x0000000718a00000| PB 0x0000000718a00000| Untracked |  0
| 110|0x0000000718c00000, 0x0000000718c00000, 0x0000000718e00000|  0%| F|  |TAMS 0x0000000718c00000| PB 0x0000000718c00000| Untracked |  0
| 111|0x0000000718e00000, 0x0000000718e00000, 0x0000000719000000|  0%| F|  |TAMS 0x0000000718e00000| PB 0x0000000718e00000| Untracked |  0
| 112|0x0000000719000000, 0x0000000719000000, 0x0000000719200000|  0%| F|  |TAMS 0x0000000719000000| PB 0x0000000719000000| Untracked |  0
| 113|0x0000000719200000, 0x0000000719200000, 0x0000000719400000|  0%| F|  |TAMS 0x0000000719200000| PB 0x0000000719200000| Untracked |  0
| 114|0x0000000719400000, 0x0000000719400000, 0x0000000719600000|  0%| F|  |TAMS 0x0000000719400000| PB 0x0000000719400000| Untracked |  0
| 115|0x0000000719600000, 0x0000000719600000, 0x0000000719800000|  0%| F|  |TAMS 0x0000000719600000| PB 0x0000000719600000| Untracked |  0
| 116|0x0000000719800000, 0x0000000719800000, 0x0000000719a00000|  0%| F|  |TAMS 0x0000000719800000| PB 0x0000000719800000| Untracked |  0
| 117|0x0000000719a00000, 0x0000000719a00000, 0x0000000719c00000|  0%| F|  |TAMS 0x0000000719a00000| PB 0x0000000719a00000| Untracked |  0
| 118|0x0000000719c00000, 0x0000000719c00000, 0x0000000719e00000|  0%| F|  |TAMS 0x0000000719c00000| PB 0x0000000719c00000| Untracked |  0
| 119|0x0000000719e00000, 0x0000000719e00000, 0x000000071a000000|  0%| F|  |TAMS 0x0000000719e00000| PB 0x0000000719e00000| Untracked |  0
| 120|0x000000071a000000, 0x000000071a000000, 0x000000071a200000|  0%| F|  |TAMS 0x000000071a000000| PB 0x000000071a000000| Untracked |  0
| 121|0x000000071a200000, 0x000000071a200000, 0x000000071a400000|  0%| F|  |TAMS 0x000000071a200000| PB 0x000000071a200000| Untracked |  0
| 122|0x000000071a400000, 0x000000071a400000, 0x000000071a600000|  0%| F|  |TAMS 0x000000071a400000| PB 0x000000071a400000| Untracked |  0
|1959|0x00000007ffe00000, 0x00000007fff08d00, 0x0000000800000000| 51%| O|  |TAMS 0x00000007ffe00000| PB 0x00000007ffe00000| Untracked |  0

Card table byte_map: [0x00007f4b736aa000,0x00007f4b73e52000] _byte_map_base: 0x00007f4b6fe52000

Marking Bits: (CMBitMap*) 0x00007f4b8c0913e0
 Bits: [0x00007f4b6f96a000, 0x00007f4b736aa000)

GC Heap History (0 events):
No events

Dll operation events (1 events):
Event: 0.006 Loaded shared library /usr/lib/jvm/jdk-22-oracle-x64/lib/libjava.so

Deoptimization events (0 events):
No events

Classes loaded (0 events):
No events

Classes unloaded (0 events):
No events

Classes redefined (0 events):
No events

Internal exceptions (0 events):
No events

ZGC Phase Switch (0 events):
No events

VM Operations (0 events):
No events

Events (2 events):
Event: 0.005 Protecting memory [0x00007f4b90421000,0x00007f4b90425000] with protection modes 0
Event: 0.039 Thread 0x00007f4b8c028da0 Thread added: 0x00007f4b8c028da0


Dynamic libraries:
70b000000-71a600000 rw-p 00000000 00:00 0 
71a600000-7ffe00000 ---p 00000000 00:00 0 
7ffe00000-7fff09000 rw-p 00cb8000 08:03 4906549                          /usr/lib/jvm/jdk-22-oracle-x64/lib/server/classes.jsa
7fff09000-800000000 rw-p 00000000 00:00 0 
557b7067e000-557b7067f000 r-xp 00000000 08:03 4474286                    /usr/lib/jvm/jdk-22-oracle-x64/bin/java
557b70680000-557b70681000 r--p 00001000 08:03 4474286                    /usr/lib/jvm/jdk-22-oracle-x64/bin/java
557b70681000-557b70682000 rw-p 00002000 08:03 4474286                    /usr/lib/jvm/jdk-22-oracle-x64/bin/java
557b71ce4000-557b71d2b000 rw-p 00000000 00:00 0                          [heap]
7f4b10000000-7f4b10021000 rw-p 00000000 00:00 0 
7f4b10021000-7f4b14000000 ---p 00000000 00:00 0 
7f4b16000000-7f4b16c79000 rw-p 00001000 08:03 4906549                    /usr/lib/jvm/jdk-22-oracle-x64/lib/server/classes.jsa
7f4b16c79000-7f4b57000000 ---p 00000000 00:00 0 
7f4b58000000-7f4b58021000 rw-p 00000000 00:00 0 
7f4b58021000-7f4b5c000000 ---p 00000000 00:00 0 
7f4b5c000000-7f4b5c021000 rw-p 00000000 00:00 0 
7f4b5c021000-7f4b60000000 ---p 00000000 00:00 0 
7f4b60000000-7f4b60021000 rw-p 00000000 00:00 0 
7f4b60021000-7f4b64000000 ---p 00000000 00:00 0 
7f4b64000000-7f4b64021000 rw-p 00000000 00:00 0 
7f4b64021000-7f4b68000000 ---p 00000000 00:00 0 
7f4b68000000-7f4b68021000 rw-p 00000000 00:00 0 
7f4b68021000-7f4b6c000000 ---p 00000000 00:00 0 
7f4b6c5c8000-7f4b6ca01000 rw-p 00000000 00:00 0 
7f4b6ca01000-7f4b6ca02000 ---p 00000000 00:00 0 
7f4b6ca02000-7f4b6cbde000 rw-p 00000000 00:00 0 
7f4b6cbde000-7f4b6cbdf000 ---p 00000000 00:00 0 
7f4b6cbdf000-7f4b6ccdf000 rw-p 00000000 00:00 0 
7f4b6ccdf000-7f4b6cce0000 ---p 00000000 00:00 0 
7f4b6cce0000-7f4b6f5e8000 rw-p 00000000 00:00 0 
7f4b6f5e8000-7f4b6f5e9000 ---p 00000000 00:00 0 
7f4b6f5e9000-7f4b6f6e9000 rw-p 00000000 00:00 0 
7f4b6f6e9000-7f4b6f6ea000 ---p 00000000 00:00 0 
7f4b6f6ea000-7f4b6f7ea000 rw-p 00000000 00:00 0 
7f4b6f7ea000-7f4b6f7eb000 ---p 00000000 00:00 0 
7f4b6f7eb000-7f4b6fd42000 rw-p 00000000 00:00 0 
7f4b6fd42000-7f4b736a2000 ---p 00000000 00:00 0 
7f4b736a2000-7f4b73725000 rw-p 00000000 00:00 0 
7f4b73725000-7f4b73e51000 ---p 00000000 00:00 0 
7f4b73e51000-7f4b73ecd000 rw-p 00000000 00:00 0 
7f4b73ecd000-7f4b745f9000 ---p 00000000 00:00 0 
7f4b745f9000-7f4b74c00000 rw-p 00000000 00:00 0 
7f4b74c00000-7f4b74e70000 rwxp 00000000 00:00 0 
7f4b74e70000-7f4b7c137000 ---p 00000000 00:00 0 
7f4b7c137000-7f4b7c3a7000 rwxp 00000000 00:00 0 
7f4b7c3a7000-7f4b7c6c9000 ---p 00000000 00:00 0 
7f4b7c6c9000-7f4b7c939000 rwxp 00000000 00:00 0 
7f4b7c939000-7f4b83c00000 ---p 00000000 00:00 0 
7f4b83c00000-7f4b8bfb9000 r--s 00000000 08:03 4906540                    /usr/lib/jvm/jdk-22-oracle-x64/lib/modules
7f4b8bfbf000-7f4b8c000000 rw-p 00000000 00:00 0 
7f4b8c000000-7f4b8c161000 rw-p 00000000 00:00 0 
7f4b8c161000-7f4b90000000 ---p 00000000 00:00 0 
7f4b90004000-7f4b9020b000 rw-p 00000000 00:00 0 
7f4b9020b000-7f4b902f1000 ---p 00000000 00:00 0 
7f4b902f1000-7f4b902f6000 rw-p 00000000 00:00 0 
7f4b902f6000-7f4b903dc000 ---p 00000000 00:00 0 
7f4b903dc000-7f4b903fc000 r-xp 00000000 08:03 4906514                    /usr/lib/jvm/jdk-22-oracle-x64/lib/libjava.so
7f4b903fc000-7f4b903fd000 ---p 00020000 08:03 4906514                    /usr/lib/jvm/jdk-22-oracle-x64/lib/libjava.so
7f4b903fd000-7f4b903fe000 r--p 00020000 08:03 4906514                    /usr/lib/jvm/jdk-22-oracle-x64/lib/libjava.so
7f4b903fe000-7f4b903ff000 rw-p 00021000 08:03 4906514                    /usr/lib/jvm/jdk-22-oracle-x64/lib/libjava.so
7f4b903ff000-7f4b90400000 rw-p 00000000 00:00 0 
7f4b90400000-7f4b9041e000 r-xp 00000000 08:03 4906518                    /usr/lib/jvm/jdk-22-oracle-x64/lib/libjimage.so
7f4b9041e000-7f4b90420000 r--p 0001d000 08:03 4906518                    /usr/lib/jvm/jdk-22-oracle-x64/lib/libjimage.so
7f4b90420000-7f4b90421000 rw-p 0001f000 08:03 4906518                    /usr/lib/jvm/jdk-22-oracle-x64/lib/libjimage.so
7f4b90421000-7f4b90425000 ---p 00000000 00:00 0 
7f4b90425000-7f4b90521000 rw-p 00000000 00:00 0 
7f4b90521000-7f4b90531000 r--p 00000000 08:03 4196918                    /usr/lib/x86_64-linux-gnu/libm.so.6
7f4b90531000-7f4b905a4000 r-xp 00010000 08:03 4196918                    /usr/lib/x86_64-linux-gnu/libm.so.6
7f4b905a4000-7f4b905fe000 r--p 00083000 08:03 4196918                    /usr/lib/x86_64-linux-gnu/libm.so.6
7f4b905fe000-7f4b905ff000 r--p 000dc000 08:03 4196918                    /usr/lib/x86_64-linux-gnu/libm.so.6
7f4b905ff000-7f4b90600000 rw-p 000dd000 08:03 4196918                    /usr/lib/x86_64-linux-gnu/libm.so.6
7f4b90600000-7f4b91940000 r-xp 00000000 08:03 4906552                    /usr/lib/jvm/jdk-22-oracle-x64/lib/server/libjvm.so
7f4b91940000-7f4b91a0d000 r--p 0133f000 08:03 4906552                    /usr/lib/jvm/jdk-22-oracle-x64/lib/server/libjvm.so
7f4b91a0d000-7f4b91a3b000 rw-p 0140c000 08:03 4906552                    /usr/lib/jvm/jdk-22-oracle-x64/lib/server/libjvm.so
7f4b91a3b000-7f4b91ab1000 rw-p 00000000 00:00 0 
7f4b91ab2000-7f4b91ab7000 rw-p 00000000 00:00 0 
7f4b91ab7000-7f4b91abe000 ---p 00000000 00:00 0 
7f4b91abe000-7f4b91abf000 r--p 00000000 08:03 4196929                    /usr/lib/x86_64-linux-gnu/librt.so.1
7f4b91abf000-7f4b91ac0000 r-xp 00001000 08:03 4196929                    /usr/lib/x86_64-linux-gnu/librt.so.1
7f4b91ac0000-7f4b91ac1000 r--p 00002000 08:03 4196929                    /usr/lib/x86_64-linux-gnu/librt.so.1
7f4b91ac1000-7f4b91ac2000 r--p 00002000 08:03 4196929                    /usr/lib/x86_64-linux-gnu/librt.so.1
7f4b91ac2000-7f4b91ac3000 rw-p 00003000 08:03 4196929                    /usr/lib/x86_64-linux-gnu/librt.so.1
7f4b91ac3000-7f4b91ac7000 rw-p 00000000 00:00 0 
7f4b91ac7000-7f4b91aed000 r--p 00000000 08:03 4196915                    /usr/lib/x86_64-linux-gnu/libc.so.6
7f4b91aed000-7f4b91c42000 r-xp 00026000 08:03 4196915                    /usr/lib/x86_64-linux-gnu/libc.so.6
7f4b91c42000-7f4b91c95000 r--p 0017b000 08:03 4196915                    /usr/lib/x86_64-linux-gnu/libc.so.6
7f4b91c95000-7f4b91c99000 r--p 001ce000 08:03 4196915                    /usr/lib/x86_64-linux-gnu/libc.so.6
7f4b91c99000-7f4b91c9b000 rw-p 001d2000 08:03 4196915                    /usr/lib/x86_64-linux-gnu/libc.so.6
7f4b91c9b000-7f4b91ca8000 rw-p 00000000 00:00 0 
7f4b91ca8000-7f4b91ca9000 r--p 00000000 08:03 4196917                    /usr/lib/x86_64-linux-gnu/libdl.so.2
7f4b91ca9000-7f4b91caa000 r-xp 00001000 08:03 4196917                    /usr/lib/x86_64-linux-gnu/libdl.so.2
7f4b91caa000-7f4b91cab000 r--p 00002000 08:03 4196917                    /usr/lib/x86_64-linux-gnu/libdl.so.2
7f4b91cab000-7f4b91cac000 r--p 00002000 08:03 4196917                    /usr/lib/x86_64-linux-gnu/libdl.so.2
7f4b91cac000-7f4b91cad000 rw-p 00003000 08:03 4196917                    /usr/lib/x86_64-linux-gnu/libdl.so.2
7f4b91cad000-7f4b91cae000 r--p 00000000 08:03 4196927                    /usr/lib/x86_64-linux-gnu/libpthread.so.0
7f4b91cae000-7f4b91caf000 r-xp 00001000 08:03 4196927                    /usr/lib/x86_64-linux-gnu/libpthread.so.0
7f4b91caf000-7f4b91cb0000 r--p 00002000 08:03 4196927                    /usr/lib/x86_64-linux-gnu/libpthread.so.0
7f4b91cb0000-7f4b91cb1000 r--p 00002000 08:03 4196927                    /usr/lib/x86_64-linux-gnu/libpthread.so.0
7f4b91cb1000-7f4b91cb2000 rw-p 00003000 08:03 4196927                    /usr/lib/x86_64-linux-gnu/libpthread.so.0
7f4b91cb2000-7f4b91cc1000 r-xp 00000000 08:03 4906519                    /usr/lib/jvm/jdk-22-oracle-x64/lib/libjli.so
7f4b91cc1000-7f4b91cc2000 r--p 0000e000 08:03 4906519                    /usr/lib/jvm/jdk-22-oracle-x64/lib/libjli.so
7f4b91cc2000-7f4b91cc3000 rw-p 0000f000 08:03 4906519                    /usr/lib/jvm/jdk-22-oracle-x64/lib/libjli.so
7f4b91cc3000-7f4b91cc6000 r--p 00000000 08:03 4221567                    /usr/lib/x86_64-linux-gnu/libz.so.1.2.13
7f4b91cc6000-7f4b91cd9000 r-xp 00003000 08:03 4221567                    /usr/lib/x86_64-linux-gnu/libz.so.1.2.13
7f4b91cd9000-7f4b91ce0000 r--p 00016000 08:03 4221567                    /usr/lib/x86_64-linux-gnu/libz.so.1.2.13
7f4b91ce0000-7f4b91ce1000 r--p 0001c000 08:03 4221567                    /usr/lib/x86_64-linux-gnu/libz.so.1.2.13
7f4b91ce1000-7f4b91ce2000 rw-p 0001d000 08:03 4221567                    /usr/lib/x86_64-linux-gnu/libz.so.1.2.13
7f4b91cea000-7f4b91cf2000 rw-s 00000000 08:03 4474372                    /tmp/hsperfdata_khalidmarzoug/60804
7f4b91cf2000-7f4b91cf3000 ---p 00000000 00:00 0 
7f4b91cf3000-7f4b91cf4000 r--p 00000000 00:00 0 
7f4b91cf4000-7f4b91cf5000 ---p 00000000 00:00 0 
7f4b91cf5000-7f4b91cf7000 rw-p 00000000 00:00 0 
7f4b91cf7000-7f4b91cf8000 r--p 00000000 08:03 4196912                    /usr/lib/x86_64-linux-gnu/ld-linux-x86-64.so.2
7f4b91cf8000-7f4b91d1d000 r-xp 00001000 08:03 4196912                    /usr/lib/x86_64-linux-gnu/ld-linux-x86-64.so.2
7f4b91d1d000-7f4b91d27000 r--p 00026000 08:03 4196912                    /usr/lib/x86_64-linux-gnu/ld-linux-x86-64.so.2
7f4b91d27000-7f4b91d29000 r--p 00030000 08:03 4196912                    /usr/lib/x86_64-linux-gnu/ld-linux-x86-64.so.2
7f4b91d29000-7f4b91d2b000 rw-p 00032000 08:03 4196912                    /usr/lib/x86_64-linux-gnu/ld-linux-x86-64.so.2
7ffd1ee46000-7ffd1ee67000 rw-p 00000000 00:00 0                          [stack]
7ffd1ef80000-7ffd1ef84000 r--p 00000000 00:00 0                          [vvar]
7ffd1ef84000-7ffd1ef86000 r-xp 00000000 00:00 0                          [vdso]
Total number of mappings: 119


VM Arguments:
jvm_args: --enable-preview -XX:+ShowCodeDetailsInExceptionMessages 
java_command: Arrays
java_class_path (initial): /home/khalidmarzoug/Documents/learnJAVA/firstApp/bin
Launcher Type: SUN_STANDARD

[Global flags]
     intx CICompilerCount                          = 4                                         {product} {ergonomic}
     uint ConcGCThreads                            = 2                                         {product} {ergonomic}
     uint G1ConcRefinementThreads                  = 8                                         {product} {ergonomic}
   size_t G1HeapRegionSize                         = 2097152                                   {product} {ergonomic}
   size_t InitialHeapSize                          = 257949696                                 {product} {ergonomic}
   size_t MarkStackSize                            = 4194304                                   {product} {ergonomic}
   size_t MaxHeapSize                              = 4110417920                                {product} {ergonomic}
   size_t MaxNewSize                               = 2466250752                                {product} {ergonomic}
   size_t MinHeapDeltaBytes                        = 2097152                                   {product} {ergonomic}
   size_t MinHeapSize                              = 8388608                                   {product} {ergonomic}
    uintx NonNMethodCodeHeapSize                   = 5839372                                {pd product} {ergonomic}
    uintx NonProfiledCodeHeapSize                  = 122909434                              {pd product} {ergonomic}
    uintx ProfiledCodeHeapSize                     = 122909434                              {pd product} {ergonomic}
    uintx ReservedCodeCacheSize                    = 251658240                              {pd product} {ergonomic}
     bool SegmentedCodeCache                       = true                                      {product} {ergonomic}
     bool ShowCodeDetailsInExceptionMessages       = true                                   {manageable} {command line}
   size_t SoftMaxHeapSize                          = 4110417920                             {manageable} {ergonomic}
     bool UseCompressedOops                        = true                           {product lp64_product} {ergonomic}
     bool UseG1GC                                  = true                                      {product} {ergonomic}

Logging:
Log output configuration:
 #0: stdout all=warning uptime,level,tags foldmultilines=false
 #1: stderr all=off uptime,level,tags foldmultilines=false

Environment Variables:
JAVA_HOME=/usr/lib/jvm/jdk-22-oracle-x64/
PATH=/usr/local/bin:/usr/bin:/bin:/usr/local/games:/usr/games:/usr/local/sbin:/usr/sbin:/sbin
SHELL=/bin/bash
DISPLAY=:0
LANG=en_US.UTF-8
TERM=xterm-256color

Active Locale:
LC_ALL=C
LC_COLLATE=C
LC_CTYPE=C
LC_MESSAGES=C
LC_MONETARY=C
LC_NUMERIC=C
LC_TIME=C

Signal Handlers:
   SIGSEGV: crash_handler in libjvm.so, mask=11100100010111111101111111111110, flags=SA_RESTART|SA_SIGINFO, unblocked
    SIGBUS: crash_handler in libjvm.so, mask=11100100010111111101111111111110, flags=SA_RESTART|SA_SIGINFO, unblocked
    SIGFPE: crash_handler in libjvm.so, mask=11100100010111111101111111111110, flags=SA_RESTART|SA_SIGINFO, unblocked
   SIGPIPE: javaSignalHandler in libjvm.so, mask=11100100010111111101111111111110, flags=SA_RESTART|SA_SIGINFO, blocked
   SIGXFSZ: javaSignalHandler in libjvm.so, mask=11100100010111111101111111111110, flags=SA_RESTART|SA_SIGINFO, blocked
    SIGILL: crash_handler in libjvm.so, mask=11100100010111111101111111111110, flags=SA_RESTART|SA_SIGINFO, unblocked
   SIGUSR2: SR_handler in libjvm.so, mask=00000000000000000000000000000000, flags=SA_RESTART|SA_SIGINFO, blocked
    SIGHUP: SIG_DFL, mask=00000000000000000000000000000000, flags=none, blocked
    SIGINT: SIG_DFL, mask=00000000000000000000000000000000, flags=none, blocked
   SIGTERM: SIG_DFL, mask=00000000000000000000000000000000, flags=none, blocked
   SIGQUIT: UserHandler in libjvm.so, mask=11100100010111111101111111111110, flags=SA_RESTART|SA_SIGINFO, blocked
   SIGTRAP: crash_handler in libjvm.so, mask=11100100010111111101111111111110, flags=SA_RESTART|SA_SIGINFO, unblocked


Periodic native trim disabled

---------------  S Y S T E M  ---------------

OS:
PRETTY_NAME="LMDE 6 (faye)"
NAME="LMDE"
VERSION_ID="6"
VERSION="6 (faye)"
VERSION_CODENAME=faye
ID=linuxmint
HOME_URL="https://www.linuxmint.com/"
SUPPORT_URL="https://forums.linuxmint.com/"
BUG_REPORT_URL="http://linuxmint-troubleshooting-guide.readthedocs.io/en/latest/"
PRIVACY_POLICY_URL="https://www.linuxmint.com/"
ID_LIKE=debian
DEBIAN_CODENAME=bookworm
uname: Linux 6.1.0-22-amd64 #1 SMP PREEMPT_DYNAMIC Debian 6.1.94-1 (2024-06-21) x86_64
OS uptime: 0 days 3:41 hours
libc: glibc 2.36 NPTL 2.36 
rlimit (soft/hard): STACK 8192k/infinity , CORE 0k/infinity , NPROC 62353/62353 , NOFILE 1048576/1048576 , AS infinity/infinity , CPU infinity/infinity , DATA infinity/infinity , FSIZE infinity/infinity , MEMLOCK 2006172k/2006172k
load average: 0.63 0.71 0.99

/proc/meminfo:
MemTotal:       16049376 kB
MemFree:         7971888 kB
MemAvailable:   10719460 kB
Buffers:          202368 kB
Cached:          3297140 kB
SwapCached:            0 kB
Active:          1576960 kB
Inactive:        5608308 kB
Active(anon):      16184 kB
Inactive(anon):  4239484 kB
Active(file):    1560776 kB
Inactive(file):  1368824 kB
Unevictable:      440808 kB
Mlocked:              64 kB
SwapTotal:       8593404 kB
SwapFree:        8593404 kB
Zswap:                 0 kB
Zswapped:              0 kB
Dirty:             18388 kB
Writeback:           272 kB
AnonPages:       4007424 kB
Mapped:           956016 kB
Shmem:            569908 kB
KReclaimable:     149972 kB
Slab:             271520 kB
SReclaimable:     149972 kB
SUnreclaim:       121548 kB
KernelStack:       17796 kB
PageTables:        49392 kB
SecPageTables:         0 kB
NFS_Unstable:          0 kB
Bounce:                0 kB
WritebackTmp:          0 kB
CommitLimit:    16618092 kB
Committed_AS:   22091752 kB
VmallocTotal:   34359738367 kB
VmallocUsed:       53784 kB
VmallocChunk:          0 kB
Percpu:             6368 kB
HardwareCorrupted:     0 kB
AnonHugePages:   1540096 kB
ShmemHugePages:   364544 kB
ShmemPmdMapped:        0 kB
FileHugePages:         0 kB
FilePmdMapped:         0 kB
HugePages_Total:       0
HugePages_Free:        0
HugePages_Rsvd:        0
HugePages_Surp:        0
Hugepagesize:       2048 kB
Hugetlb:               0 kB
DirectMap4k:      182104 kB
DirectMap2M:     5781504 kB
DirectMap1G:    10485760 kB

/sys/kernel/mm/transparent_hugepage/enabled: [always] madvise never
/sys/kernel/mm/transparent_hugepage/hpage_pmd_size: 2097152
/sys/kernel/mm/transparent_hugepage/shmem_enabled: always within_size advise [never] deny force
/sys/kernel/mm/transparent_hugepage/defrag (defrag/compaction efforts parameter): always defer defer+madvise [madvise] never

Process Memory:
Virtual Size: 6086404K (peak: 6147616K)
Resident Set Size: 34664K (peak: 34664K) (anon: 19832K, file: 14832K, shmem: 0K)
Swapped out: 0K
C-Heap outstanding allocations: 23430K, retained: 989K
glibc malloc tunables: (default)

/proc/sys/kernel/threads-max (system-wide limit on the number of threads): 124707
/proc/sys/vm/max_map_count (maximum number of memory map areas a process may have): 65530
/proc/sys/kernel/pid_max (system-wide limit on number of process identifiers): 4194304

container (cgroup) information:
container_type: cgroupv2
cpu_cpuset_cpus: not supported
cpu_memory_nodes: not supported
active_processor_count: 8
cpu_quota: not supported
cpu_period: not supported
cpu_shares: not supported
memory_limit_in_bytes: unlimited
memory_and_swap_limit_in_bytes: unlimited
memory_soft_limit_in_bytes: unlimited
memory_usage_in_bytes: 2136316 k
memory_max_usage_in_bytes: not supported
memory_swap_current_in_bytes: unlimited
memory_swap_max_limit_in_bytes: unlimited
maximum number of tasks: 18706
current number of tasks: 227

Steal ticks since vm start: 0
Steal ticks percentage since vm start:  0.000

CPU: total 8 (initial active 8) (4 cores per cpu, 2 threads per core) family 6 model 142 stepping 12 microcode 0xfa, cx8, cmov, fxsr, ht, mmx, 3dnowpref, sse, sse2, sse3, ssse3, sse4.1, sse4.2, popcnt, lzcnt, tsc, tscinvbit, avx, avx2, aes, erms, clmul, bmi1, bmi2, rtm, adx, fma, vzeroupper, clflush, clflushopt, rdtscp, f16c
CPU Model and flags from /proc/cpuinfo:
model name	: Intel(R) Core(TM) i5-8365U CPU @ 1.60GHz
flags		: fpu vme de pse tsc msr pae mce cx8 apic sep mtrr pge mca cmov pat pse36 clflush dts acpi mmx fxsr sse sse2 ss ht tm pbe syscall nx pdpe1gb rdtscp lm constant_tsc art arch_perfmon pebs bts rep_good nopl xtopology nonstop_tsc cpuid aperfmperf pni pclmulqdq dtes64 monitor ds_cpl vmx smx est tm2 ssse3 sdbg fma cx16 xtpr pdcm pcid sse4_1 sse4_2 x2apic movbe popcnt tsc_deadline_timer aes xsave avx f16c rdrand lahf_lm abm 3dnowprefetch cpuid_fault epb invpcid_single ssbd ibrs ibpb stibp ibrs_enhanced tpr_shadow vnmi flexpriority ept vpid ept_ad fsgsbase tsc_adjust sgx bmi1 avx2 smep bmi2 erms invpcid mpx rdseed adx smap clflushopt intel_pt xsaveopt xsavec xgetbv1 xsaves dtherm ida arat pln pts hwp hwp_notify hwp_act_window hwp_epp md_clear flush_l1d arch_capabilities

Online cpus: 0-7
Offline cpus: 
BIOS frequency limitation: <Not Available>
Frequency switch latency (ns): 0
Available cpu frequencies: <Not Available>
Current governor: powersave
Core performance/turbo boost: <Not Available>

Memory: 4k page, physical 16049376k(10719460k free), swap 8593404k(8593404k free)
Page Sizes: 4k

vm_info: Java HotSpot(TM) 64-Bit Server VM (22.0.1+8-16) for linux-amd64 JRE (22.0.1+8-16), built on 2024-03-12T10:33:16Z by "mach5one" with gcc 13.2.0

END.
